<?xml version="1.0" encoding="utf-8"?>
<test-run id="2" testcasecount="152" result="Passed" total="152" passed="152" failed="0" inconclusive="0" skipped="0" asserts="0" engine-version="3.5.0.0" clr-version="4.0.30319.42000" start-time="2025-07-26 16:08:03Z" end-time="2025-07-26 16:08:06Z" duration="2.8666936">
  <test-suite type="TestSuite" id="1168" name="AIBTree" fullname="AIBTree" runstate="Runnable" testcasecount="152" result="Passed" start-time="2025-07-26 16:08:03Z" end-time="2025-07-26 16:08:06Z" duration="2.866694" total="152" passed="152" failed="0" inconclusive="0" skipped="0" asserts="0">
    <properties>
      <property name="platform" value="PlayMode" />
    </properties>
    <test-suite type="Assembly" id="1162" name="ArcBT.Tests.dll" fullname="C:/Users/myunp/workspace/MagicMcp/src/AIBTree/Library/ScriptAssemblies/ArcBT.Tests.dll" runstate="Runnable" testcasecount="152" result="Passed" start-time="2025-07-26 16:08:03Z" end-time="2025-07-26 16:08:06Z" duration="2.798239" total="152" passed="152" failed="0" inconclusive="0" skipped="0" asserts="0">
      <properties>
        <property name="_PID" value="54240" />
        <property name="_APPDOMAIN" value="Unity Child Domain" />
        <property name="platform" value="PlayMode" />
        <property name="EditorOnly" value="False" />
      </properties>
      <test-suite type="TestSuite" id="1163" name="ArcBT" fullname="ArcBT" runstate="Runnable" testcasecount="152" result="Passed" start-time="2025-07-26 16:08:03Z" end-time="2025-07-26 16:08:06Z" duration="2.789704" total="152" passed="152" failed="0" inconclusive="0" skipped="0" asserts="0">
        <properties />
        <test-suite type="TestSuite" id="1164" name="Tests" fullname="ArcBT.Tests" runstate="Runnable" testcasecount="152" result="Passed" start-time="2025-07-26 16:08:03Z" end-time="2025-07-26 16:08:06Z" duration="2.781815" total="152" passed="152" failed="0" inconclusive="0" skipped="0" asserts="0">
          <properties />
          <test-suite type="TestFixture" id="1001" name="ActionNodeTests" fullname="ArcBT.Tests.ActionNodeTests" classname="ArcBT.Tests.ActionNodeTests" runstate="Runnable" testcasecount="20" result="Passed" start-time="2025-07-26 16:08:03Z" end-time="2025-07-26 16:08:03Z" duration="0.148340" total="20" passed="20" failed="0" inconclusive="0" skipped="0" asserts="0">
            <properties />
            <test-case id="1021" name="ActionNodes_BlackBoardInteraction_SharesDataCorrectly" fullname="ArcBT.Tests.ActionNodeTests.ActionNodes_BlackBoardInteraction_SharesDataCorrectly" methodname="ActionNodes_BlackBoardInteraction_SharesDataCorrectly" classname="ArcBT.Tests.ActionNodeTests" runstate="Runnable" seed="561268990" result="Passed" start-time="2025-07-26 16:08:03Z" end-time="2025-07-26 16:08:03Z" duration="0.048160" asserts="0">
              <properties>
                <property name="retryIteration" value="0" />
                <property name="repeatIteration" value="0" />
              </properties>
              <output><![CDATA[EnvironmentScan: Enemies:0, Items:0, Threat:safe
Scan result: Success
BlackBoard keys count: 6
BlackBoard key: environment_scan_time = 0.5
BlackBoard key: enemies_detected = 0
BlackBoard key: items_detected = 0
BlackBoard key: interactables_detected = 0
BlackBoard key: scan_radius_used = 15.0
BlackBoard key: threat_level = safe
=== AttackEnemyAction '' EXECUTING ===
AttackEnemy '': On cooldown (0.5s remaining)
]]></output>
            </test-case>
            <test-case id="1020" name="ActionNodes_ChainExecution_WorksCorrectly" fullname="ArcBT.Tests.ActionNodeTests.ActionNodes_ChainExecution_WorksCorrectly" methodname="ActionNodes_ChainExecution_WorksCorrectly" classname="ArcBT.Tests.ActionNodeTests" runstate="Runnable" seed="932874044" result="Passed" start-time="2025-07-26 16:08:03Z" end-time="2025-07-26 16:08:03Z" duration="0.035003" asserts="0">
              <properties>
                <property name="retryIteration" value="0" />
                <property name="repeatIteration" value="0" />
              </properties>
              <output><![CDATA[EnvironmentScan: Enemies:0, Items:0, Threat:safe
=== WaitAction '' EXECUTING ===
Wait '': Starting wait for 0.1 seconds ⏱️
Wait '': Waiting... (0.1s remaining) ⏳
[INF][BBD]: 🗂️ BlackBoard[新規]: current_action = RandomWander
RandomWander: New target set at (1.73, 0.00, 0.80)
[INF][BBD]: 🗂️ BlackBoard[新規]: wander_target = (1.73, 0.00, 0.80)
RandomWander: Moving to target - Distance: 1.9
]]></output>
            </test-case>
            <test-case id="1016" name="AttackEnemyAction_ExecuteWithBlackBoardEnemy_AttacksTarget" fullname="ArcBT.Tests.ActionNodeTests.AttackEnemyAction_ExecuteWithBlackBoardEnemy_AttacksTarget" methodname="AttackEnemyAction_ExecuteWithBlackBoardEnemy_AttacksTarget" classname="ArcBT.Tests.ActionNodeTests" runstate="Runnable" seed="250485482" result="Passed" start-time="2025-07-26 16:08:03Z" end-time="2025-07-26 16:08:03Z" duration="0.001396" asserts="0">
              <properties>
                <property name="retryIteration" value="0" />
                <property name="repeatIteration" value="0" />
              </properties>
              <output><![CDATA[[INF][BBD]: 🗂️ BlackBoard[新規]: nearest_enemy = Enemy (UnityEngine.GameObject)
[INF][BBD]: 🗂️ BlackBoard[新規]: enemy_position = (0.00, 0.00, 0.00)
=== AttackEnemyAction '' EXECUTING ===
AttackEnemy '': Attacking Enemy with 25 melee damage ⚔️
AttackEnemy '': Enemy has no Health component - attack missed
]]></output>
            </test-case>
            <test-case id="1015" name="AttackEnemyAction_ExecuteWithoutEnemy_ReturnsFailure" fullname="ArcBT.Tests.ActionNodeTests.AttackEnemyAction_ExecuteWithoutEnemy_ReturnsFailure" methodname="AttackEnemyAction_ExecuteWithoutEnemy_ReturnsFailure" classname="ArcBT.Tests.ActionNodeTests" runstate="Runnable" seed="1761924901" result="Passed" start-time="2025-07-26 16:08:03Z" end-time="2025-07-26 16:08:03Z" duration="0.000369" asserts="0">
              <properties>
                <property name="retryIteration" value="0" />
                <property name="repeatIteration" value="0" />
              </properties>
              <output><![CDATA[=== AttackEnemyAction '' EXECUTING ===
AttackEnemy '': No enemies in attack range 2 ✗
]]></output>
            </test-case>
            <test-case id="1014" name="AttackEnemyAction_SetProperty_SetsCorrectValues" fullname="ArcBT.Tests.ActionNodeTests.AttackEnemyAction_SetProperty_SetsCorrectValues" methodname="AttackEnemyAction_SetProperty_SetsCorrectValues" classname="ArcBT.Tests.ActionNodeTests" runstate="Runnable" seed="2144864145" result="Passed" start-time="2025-07-26 16:08:03Z" end-time="2025-07-26 16:08:03Z" duration="0.000320" asserts="0">
              <properties>
                <property name="retryIteration" value="0" />
                <property name="repeatIteration" value="0" />
              </properties>
              <output><![CDATA[=== AttackEnemyAction '' EXECUTING ===
AttackEnemy '': No enemies in attack range 3 ✗
]]></output>
            </test-case>
            <test-case id="1018" name="CastSpellAction_ExecuteWithoutMana_ReturnsFailure" fullname="ArcBT.Tests.ActionNodeTests.CastSpellAction_ExecuteWithoutMana_ReturnsFailure" methodname="CastSpellAction_ExecuteWithoutMana_ReturnsFailure" classname="ArcBT.Tests.ActionNodeTests" runstate="Runnable" seed="1710228265" result="Passed" start-time="2025-07-26 16:08:03Z" end-time="2025-07-26 16:08:03Z" duration="0.001320" asserts="0">
              <properties>
                <property name="retryIteration" value="0" />
                <property name="repeatIteration" value="0" />
              </properties>
              <output><![CDATA[⚠️ CastSpell: Manaコンポーネントが見つかりません
]]></output>
            </test-case>
            <test-case id="1017" name="CastSpellAction_SetProperty_SetsCorrectValues" fullname="ArcBT.Tests.ActionNodeTests.CastSpellAction_SetProperty_SetsCorrectValues" methodname="CastSpellAction_SetProperty_SetsCorrectValues" classname="ArcBT.Tests.ActionNodeTests" runstate="Runnable" seed="495001813" result="Passed" start-time="2025-07-26 16:08:03Z" end-time="2025-07-26 16:08:03Z" duration="0.000299" asserts="0">
              <properties>
                <property name="retryIteration" value="0" />
                <property name="repeatIteration" value="0" />
              </properties>
              <output><![CDATA[⚠️ CastSpell: Manaコンポーネントが見つかりません
]]></output>
            </test-case>
            <test-case id="1004" name="MoveToPositionAction_ExecuteWithoutTarget_ReturnsFailure" fullname="ArcBT.Tests.ActionNodeTests.MoveToPositionAction_ExecuteWithoutTarget_ReturnsFailure" methodname="MoveToPositionAction_ExecuteWithoutTarget_ReturnsFailure" classname="ArcBT.Tests.ActionNodeTests" runstate="Runnable" seed="1007686155" result="Passed" start-time="2025-07-26 16:08:03Z" end-time="2025-07-26 16:08:03Z" duration="0.003143" asserts="0">
              <properties>
                <property name="retryIteration" value="0" />
                <property name="repeatIteration" value="0" />
              </properties>
              <output><![CDATA[=== MoveToPositionAction '' EXECUTING ===
MoveToPosition '': No valid target '' - trying to find it again
MoveToPosition '': No target name specified!
]]></output>
            </test-case>
            <test-case id="1002" name="MoveToPositionAction_Initialize_SetsUpCorrectly" fullname="ArcBT.Tests.ActionNodeTests.MoveToPositionAction_Initialize_SetsUpCorrectly" methodname="MoveToPositionAction_Initialize_SetsUpCorrectly" classname="ArcBT.Tests.ActionNodeTests" runstate="Runnable" seed="235275532" result="Passed" start-time="2025-07-26 16:08:03Z" end-time="2025-07-26 16:08:03Z" duration="0.001982" asserts="0">
              <properties>
                <property name="retryIteration" value="0" />
                <property name="repeatIteration" value="0" />
              </properties>
              <output><![CDATA[[INF][BBD]: 🗂️ BlackBoard[新規]: _target_position = (5.00, 0.00, 5.00)
[INF][BBD]: 🗂️ BlackBoard[新規]: _target_name = TestTarget
MoveToPosition: Target found 'TestTarget' at (5.00, 0.00, 5.00)
Action Name: ''
Expected position key: '_target_position'
Expected target key: '_target_name'
BlackBoard keys: _target_position, _target_name
]]></output>
            </test-case>
            <test-case id="1003" name="MoveToPositionAction_InvalidTarget_HandlesGracefully" fullname="ArcBT.Tests.ActionNodeTests.MoveToPositionAction_InvalidTarget_HandlesGracefully" methodname="MoveToPositionAction_InvalidTarget_HandlesGracefully" classname="ArcBT.Tests.ActionNodeTests" runstate="Runnable" seed="1083090185" result="Passed" start-time="2025-07-26 16:08:03Z" end-time="2025-07-26 16:08:03Z" duration="0.000442" asserts="0">
              <properties>
                <property name="retryIteration" value="0" />
                <property name="repeatIteration" value="0" />
              </properties>
              <output><![CDATA[MoveToPosition: Target 'NonExistentTarget' not found!
]]></output>
            </test-case>
            <test-case id="1013" name="RandomWanderAction_Execute_UpdatesBlackBoard" fullname="ArcBT.Tests.ActionNodeTests.RandomWanderAction_Execute_UpdatesBlackBoard" methodname="RandomWanderAction_Execute_UpdatesBlackBoard" classname="ArcBT.Tests.ActionNodeTests" runstate="Runnable" seed="1103187303" result="Passed" start-time="2025-07-26 16:08:03Z" end-time="2025-07-26 16:08:03Z" duration="0.000451" asserts="0">
              <properties>
                <property name="retryIteration" value="0" />
                <property name="repeatIteration" value="0" />
              </properties>
              <output><![CDATA[[INF][BBD]: 🗂️ BlackBoard[新規]: current_action = RandomWander
RandomWander: New target set at (-8.54, 0.00, -3.97)
[INF][BBD]: 🗂️ BlackBoard[新規]: wander_target = (-8.54, 0.00, -3.97)
RandomWander: Moving to target - Distance: 9.4
]]></output>
            </test-case>
            <test-case id="1012" name="RandomWanderAction_SetProperty_SetsCorrectValues" fullname="ArcBT.Tests.ActionNodeTests.RandomWanderAction_SetProperty_SetsCorrectValues" methodname="RandomWanderAction_SetProperty_SetsCorrectValues" classname="ArcBT.Tests.ActionNodeTests" runstate="Runnable" seed="880541687" result="Passed" start-time="2025-07-26 16:08:03Z" end-time="2025-07-26 16:08:03Z" duration="0.000477" asserts="0">
              <properties>
                <property name="retryIteration" value="0" />
                <property name="repeatIteration" value="0" />
              </properties>
              <output><![CDATA[[INF][BBD]: 🗂️ BlackBoard[新規]: current_action = RandomWander
RandomWander: New target set at (-0.69, 0.00, 2.00)
[INF][BBD]: 🗂️ BlackBoard[新規]: wander_target = (-0.69, 0.00, 2.00)
RandomWander: Moving to target - Distance: 2.1
]]></output>
            </test-case>
            <test-case id="1008" name="ScanEnvironmentAction_Execute_UpdatesBlackBoard" fullname="ArcBT.Tests.ActionNodeTests.ScanEnvironmentAction_Execute_UpdatesBlackBoard" methodname="ScanEnvironmentAction_Execute_UpdatesBlackBoard" classname="ArcBT.Tests.ActionNodeTests" runstate="Runnable" seed="963869786" result="Passed" start-time="2025-07-26 16:08:03Z" end-time="2025-07-26 16:08:03Z" duration="0.002930" asserts="0">
              <properties>
                <property name="retryIteration" value="0" />
                <property name="repeatIteration" value="0" />
              </properties>
              <output><![CDATA[EnvironmentScan: Enemies:0, Items:0, Threat:safe
]]></output>
            </test-case>
            <test-case id="1007" name="ScanEnvironmentAction_ExecuteWithoutBlackBoard_ReturnsFailure" fullname="ArcBT.Tests.ActionNodeTests.ScanEnvironmentAction_ExecuteWithoutBlackBoard_ReturnsFailure" methodname="ScanEnvironmentAction_ExecuteWithoutBlackBoard_ReturnsFailure" classname="ArcBT.Tests.ActionNodeTests" runstate="Runnable" seed="1652572957" result="Passed" start-time="2025-07-26 16:08:03Z" end-time="2025-07-26 16:08:03Z" duration="0.000223" asserts="0">
              <properties>
                <property name="retryIteration" value="0" />
                <property name="repeatIteration" value="0" />
              </properties>
            </test-case>
            <test-case id="1006" name="ScanEnvironmentAction_ExecuteWithoutOwner_ReturnsFailure" fullname="ArcBT.Tests.ActionNodeTests.ScanEnvironmentAction_ExecuteWithoutOwner_ReturnsFailure" methodname="ScanEnvironmentAction_ExecuteWithoutOwner_ReturnsFailure" classname="ArcBT.Tests.ActionNodeTests" runstate="Runnable" seed="1212371440" result="Passed" start-time="2025-07-26 16:08:03Z" end-time="2025-07-26 16:08:03Z" duration="0.000183" asserts="0">
              <properties>
                <property name="retryIteration" value="0" />
                <property name="repeatIteration" value="0" />
              </properties>
            </test-case>
            <test-case id="1005" name="ScanEnvironmentAction_SetProperty_SetsCorrectValues" fullname="ArcBT.Tests.ActionNodeTests.ScanEnvironmentAction_SetProperty_SetsCorrectValues" methodname="ScanEnvironmentAction_SetProperty_SetsCorrectValues" classname="ArcBT.Tests.ActionNodeTests" runstate="Runnable" seed="124195511" result="Passed" start-time="2025-07-26 16:08:03Z" end-time="2025-07-26 16:08:03Z" duration="0.000292" asserts="0">
              <properties>
                <property name="retryIteration" value="0" />
                <property name="repeatIteration" value="0" />
              </properties>
              <output><![CDATA[EnvironmentScan: Enemies:0, Items:0, Threat:safe
]]></output>
            </test-case>
            <test-case id="1019" name="UseItemAction_SetProperty_SetsCorrectValues" fullname="ArcBT.Tests.ActionNodeTests.UseItemAction_SetProperty_SetsCorrectValues" methodname="UseItemAction_SetProperty_SetsCorrectValues" classname="ArcBT.Tests.ActionNodeTests" runstate="Runnable" seed="115381163" result="Passed" start-time="2025-07-26 16:08:03Z" end-time="2025-07-26 16:08:03Z" duration="0.000495" asserts="0">
              <properties>
                <property name="retryIteration" value="0" />
                <property name="repeatIteration" value="0" />
              </properties>
              <output><![CDATA[UseItem: No Inventory component found
]]></output>
            </test-case>
            <test-case id="1010" name="WaitAction_Execute_ReturnsRunningInitially" fullname="ArcBT.Tests.ActionNodeTests.WaitAction_Execute_ReturnsRunningInitially" methodname="WaitAction_Execute_ReturnsRunningInitially" classname="ArcBT.Tests.ActionNodeTests" runstate="Runnable" seed="1763713726" result="Passed" start-time="2025-07-26 16:08:03Z" end-time="2025-07-26 16:08:03Z" duration="0.000393" asserts="0">
              <properties>
                <property name="retryIteration" value="0" />
                <property name="repeatIteration" value="0" />
              </properties>
              <output><![CDATA[=== WaitAction '' EXECUTING ===
Wait '': Starting wait for 1 seconds ⏱️
Wait '': Waiting... (1.0s remaining) ⏳
]]></output>
            </test-case>
            <test-case id="1011" name="WaitAction_ExecuteMultipleTimes_EventuallyReturnsSuccess" fullname="ArcBT.Tests.ActionNodeTests.WaitAction_ExecuteMultipleTimes_EventuallyReturnsSuccess" methodname="WaitAction_ExecuteMultipleTimes_EventuallyReturnsSuccess" classname="ArcBT.Tests.ActionNodeTests" runstate="Runnable" seed="806565499" result="Passed" start-time="2025-07-26 16:08:03Z" end-time="2025-07-26 16:08:03Z" duration="0.000329" asserts="0">
              <properties>
                <property name="retryIteration" value="0" />
                <property name="repeatIteration" value="0" />
              </properties>
              <output><![CDATA[=== WaitAction '' EXECUTING ===
Wait '': Starting wait for 0.1 seconds ⏱️
Wait '': Waiting... (0.1s remaining) ⏳
]]></output>
            </test-case>
            <test-case id="1009" name="WaitAction_SetProperty_SetsCorrectDuration" fullname="ArcBT.Tests.ActionNodeTests.WaitAction_SetProperty_SetsCorrectDuration" methodname="WaitAction_SetProperty_SetsCorrectDuration" classname="ArcBT.Tests.ActionNodeTests" runstate="Runnable" seed="14274799" result="Passed" start-time="2025-07-26 16:08:03Z" end-time="2025-07-26 16:08:03Z" duration="0.000348" asserts="0">
              <properties>
                <property name="retryIteration" value="0" />
                <property name="repeatIteration" value="0" />
              </properties>
              <output><![CDATA[=== WaitAction '' EXECUTING ===
Wait '': Starting wait for 2.5 seconds ⏱️
Wait '': Waiting... (2.5s remaining) ⏳
]]></output>
            </test-case>
          </test-suite>
          <test-suite type="TestFixture" id="1022" name="BehaviourTreeRunnerTests" fullname="ArcBT.Tests.BehaviourTreeRunnerTests" classname="ArcBT.Tests.BehaviourTreeRunnerTests" runstate="Runnable" testcasecount="22" result="Passed" start-time="2025-07-26 16:08:03Z" end-time="2025-07-26 16:08:04Z" duration="0.913020" total="22" passed="22" failed="0" inconclusive="0" skipped="0" asserts="0">
            <properties />
            <test-case id="1023" name="BehaviourTreeRunner_Awake_InitializesComponents" fullname="ArcBT.Tests.BehaviourTreeRunnerTests.BehaviourTreeRunner_Awake_InitializesComponents" methodname="BehaviourTreeRunner_Awake_InitializesComponents" classname="ArcBT.Tests.BehaviourTreeRunnerTests" runstate="Runnable" seed="769717050" result="Passed" start-time="2025-07-26 16:08:03Z" end-time="2025-07-26 16:08:03Z" duration="0.003252" asserts="0">
              <properties>
                <property name="retryIteration" value="0" />
                <property name="repeatIteration" value="0" />
              </properties>
            </test-case>
            <test-case id="1024" name="BehaviourTreeRunner_Start_LoadsBehaviourTreeFromFile" fullname="ArcBT.Tests.BehaviourTreeRunnerTests.BehaviourTreeRunner_Start_LoadsBehaviourTreeFromFile" methodname="BehaviourTreeRunner_Start_LoadsBehaviourTreeFromFile" classname="ArcBT.Tests.BehaviourTreeRunnerTests" runstate="Runnable" seed="1615025109" result="Passed" start-time="2025-07-26 16:08:03Z" end-time="2025-07-26 16:08:04Z" duration="0.453150" asserts="0">
              <properties>
                <property name="retryIteration" value="0" />
                <property name="repeatIteration" value="0" />
              </properties>
              <output><![CDATA[[INF][PRS]: 🔍 Creating node: Action Wait
[INF][PRS]: 🚀 Creating Action with script 'Wait'
[INF][SYS]: 🎯 Registered Action: 'MoveToPosition' → MoveToPositionAction
[INF][SYS]: 🎯 Registered Condition: 'HasSharedEnemyInfo' → HasSharedEnemyInfoCondition
[INF][SYS]: 🎯 Registered Action: 'RandomWander' → RandomWanderAction
[INF][SYS]: 🎯 Registered Action: 'ScanEnvironment' → ScanEnvironmentAction
[INF][SYS]: 🎯 Registered Action: 'Wait' → WaitAction
[INF][SYS]: 🎯 Registered Condition: 'CheckManaResource' → CheckManaResourceCondition
[INF][SYS]: 🎯 Registered Condition: 'EnemyCheck' → EnemyCheckCondition
[INF][SYS]: 🎯 Registered Condition: 'EnemyInRange' → EnemyInRangeCondition
[INF][SYS]: 🎯 Registered Condition: 'HasItem' → HasItemCondition
[INF][SYS]: 🎯 Registered Condition: 'HasMana' → HasManaCondition
[INF][SYS]: 🎯 Registered Condition: 'HealthCheck' → HealthCheckCondition
[INF][SYS]: 🎯 Registered Condition: 'IsInitialized' → IsInitializedCondition
[INF][SYS]: 🎯 Registered Action: 'Attack' → AttackAction
[INF][SYS]: 🎯 Registered Action: 'AttackEnemy' → AttackEnemyAction
[INF][SYS]: 🎯 Registered Action: 'AttackTarget' → AttackTargetAction
[INF][SYS]: 🎯 Registered Action: 'CastSpell' → CastSpellAction
[INF][SYS]: 🎯 Registered Action: 'FleeToSafety' → FleeToSafetyAction
[INF][SYS]: 🎯 Registered Action: 'InitializeResources' → InitializeResourcesAction
[INF][SYS]: 🎯 Registered Action: 'MoveToEnemy' → MoveToEnemyAction
[INF][SYS]: 🎯 Registered Action: 'MoveToTarget' → MoveToTargetAction
[INF][SYS]: 🎯 Registered Action: 'RestoreSmallMana' → RestoreSmallManaAction
[INF][SYS]: 🎯 Registered Action: 'UseItem' → UseItemAction
[INF][SYS]: ✅ BTNodeRegistry initialized with 14 actions, 8 conditions
[INF][PRS]: ✅ Created WaitAction for script 'Wait'
[INF][PRS]: 🔍 Creating node: Sequence Root
[INF][SYS][Root]: ✅ Initialized node: Root (SequenceNode)
[INF][SYS][Action:Wait]: ✅ Initialized node: Action:Wait (WaitAction)
[INF][SYS]: Successfully loaded behaviour tree from: C:\Users\myunp\AppData\Local\Temp\tmp111d467b.tmp
[INF][SYS]: Root node: Root (SequenceNode)
[INF][SYS][Root]: Root (SequenceNode)
[INF][SYS][Action:Wait]:   Action:Wait (WaitAction)
]]></output>
            </test-case>
            <test-case id="1034" name="BlackBoard_GetBlackBoardContents_ReturnsCorrectInfo" fullname="ArcBT.Tests.BehaviourTreeRunnerTests.BlackBoard_GetBlackBoardContents_ReturnsCorrectInfo" methodname="BlackBoard_GetBlackBoardContents_ReturnsCorrectInfo" classname="ArcBT.Tests.BehaviourTreeRunnerTests" runstate="Runnable" seed="922434772" result="Passed" start-time="2025-07-26 16:08:04Z" end-time="2025-07-26 16:08:04Z" duration="0.001466" asserts="0">
              <properties>
                <property name="retryIteration" value="0" />
                <property name="repeatIteration" value="0" />
              </properties>
              <output><![CDATA[[INF][BBD]: 🗂️ BlackBoard[新規]: enemy_count = 3
[INF][BBD]: 🗂️ BlackBoard[新規]: player_position = (1.00, 2.00, 3.00)
]]></output>
            </test-case>
            <test-case id="1033" name="BlackBoard_Integration_SharesDataBetweenNodes" fullname="ArcBT.Tests.BehaviourTreeRunnerTests.BlackBoard_Integration_SharesDataBetweenNodes" methodname="BlackBoard_Integration_SharesDataBetweenNodes" classname="ArcBT.Tests.BehaviourTreeRunnerTests" runstate="Runnable" seed="96768180" result="Passed" start-time="2025-07-26 16:08:04Z" end-time="2025-07-26 16:08:04Z" duration="0.001783" asserts="0">
              <properties>
                <property name="retryIteration" value="0" />
                <property name="repeatIteration" value="0" />
              </properties>
              <output><![CDATA[EnvironmentScan: Enemies:0, Items:0, Threat:safe
[INF][BBD]: 🗂️ BlackBoard[新規]: current_action = RandomWander
RandomWander: New target set at (5.79, 0.00, 8.05)
[INF][BBD]: 🗂️ BlackBoard[新規]: wander_target = (5.79, 0.00, 8.05)
RandomWander: Moving to target - Distance: 9.9
Execution result: Running
BlackBoard keys count: 11
BlackBoard key: environment_scan_time = 0.6
BlackBoard key: enemies_detected = 0
BlackBoard key: items_detected = 0
BlackBoard key: interactables_detected = 0
BlackBoard key: scan_radius_used = 15.0
BlackBoard key: threat_level = safe
BlackBoard key: current_action = RandomWander
BlackBoard key: is_patrolling = True
BlackBoard key: is_in_combat = False
BlackBoard key: wander_target = (5.8, 0.0, 8.0)
BlackBoard key: wander_distance_remaining = 9.9
]]></output>
            </test-case>
            <test-case id="1041" name="ComplexTree_NestedStructure_ExecutesCorrectly" fullname="ArcBT.Tests.BehaviourTreeRunnerTests.ComplexTree_NestedStructure_ExecutesCorrectly" methodname="ComplexTree_NestedStructure_ExecutesCorrectly" classname="ArcBT.Tests.BehaviourTreeRunnerTests" runstate="Runnable" seed="11076299" result="Passed" start-time="2025-07-26 16:08:04Z" end-time="2025-07-26 16:08:04Z" duration="0.001486" asserts="0">
              <properties>
                <property name="retryIteration" value="0" />
                <property name="repeatIteration" value="0" />
              </properties>
            </test-case>
            <test-case id="1032" name="ExecuteOnce_WithNullRoot_ReturnsFailure" fullname="ArcBT.Tests.BehaviourTreeRunnerTests.ExecuteOnce_WithNullRoot_ReturnsFailure" methodname="ExecuteOnce_WithNullRoot_ReturnsFailure" classname="ArcBT.Tests.BehaviourTreeRunnerTests" runstate="Runnable" seed="646032808" result="Passed" start-time="2025-07-26 16:08:04Z" end-time="2025-07-26 16:08:04Z" duration="0.000682" asserts="0">
              <properties>
                <property name="retryIteration" value="0" />
                <property name="repeatIteration" value="0" />
              </properties>
            </test-case>
            <test-case id="1031" name="ExecuteOnce_WithSimpleAction_ReturnsResult" fullname="ArcBT.Tests.BehaviourTreeRunnerTests.ExecuteOnce_WithSimpleAction_ReturnsResult" methodname="ExecuteOnce_WithSimpleAction_ReturnsResult" classname="ArcBT.Tests.BehaviourTreeRunnerTests" runstate="Runnable" seed="1316352585" result="Passed" start-time="2025-07-26 16:08:04Z" end-time="2025-07-26 16:08:04Z" duration="0.000920" asserts="0">
              <properties>
                <property name="retryIteration" value="0" />
                <property name="repeatIteration" value="0" />
              </properties>
              <output><![CDATA[=== WaitAction '' EXECUTING ===
Wait '': Starting wait for 0.1 seconds ⏱️
Wait '': Waiting... (0.1s remaining) ⏳
]]></output>
            </test-case>
            <test-case id="1043" name="Integration_FullBehaviourTreeExecution_WorksCorrectly" fullname="ArcBT.Tests.BehaviourTreeRunnerTests.Integration_FullBehaviourTreeExecution_WorksCorrectly" methodname="Integration_FullBehaviourTreeExecution_WorksCorrectly" classname="ArcBT.Tests.BehaviourTreeRunnerTests" runstate="Runnable" seed="328538403" result="Passed" start-time="2025-07-26 16:08:04Z" end-time="2025-07-26 16:08:04Z" duration="0.106007" asserts="0">
              <properties>
                <property name="_JOINTYPE" value="UnityCombinatorial" />
                <property name="retryIteration" value="0" />
                <property name="repeatIteration" value="0" />
              </properties>
              <output><![CDATA[[INF][PRS]: 🔍 Creating node: Action ScanEnvironment
[INF][PRS]: 🚀 Creating Action with script 'ScanEnvironment'
[INF][PRS]: ✅ Created ScanEnvironmentAction for script 'ScanEnvironment'
[INF][PRS]: 🔍 Creating node: Action RandomWander
[INF][PRS]: 🚀 Creating Action with script 'RandomWander'
[INF][PRS]: ✅ Created RandomWanderAction for script 'RandomWander'
[INF][PRS]: 🔍 Creating node: Sequence ScanAndWander
[INF][PRS]: 🔍 Creating node: Action Wait
[INF][PRS]: 🚀 Creating Action with script 'Wait'
[INF][PRS]: ✅ Created WaitAction for script 'Wait'
[INF][PRS]: 🔍 Creating node: Selector MainSelector
[INF][SYS][MainSelector]: ✅ Initialized node: MainSelector (SelectorNode)
[INF][SYS][ScanAndWander]: ✅ Initialized node: ScanAndWander (SequenceNode)
[INF][SYS][Action:ScanEnvironment]: ✅ Initialized node: Action:ScanEnvironment (ScanEnvironmentAction)
[INF][SYS][Action:RandomWander]: ✅ Initialized node: Action:RandomWander (RandomWanderAction)
[INF][SYS][Action:Wait]: ✅ Initialized node: Action:Wait (WaitAction)
[INF][SYS]: Successfully loaded behaviour tree from: C:\Users\myunp\AppData\Local\Temp\tmp5d27039c.tmp
[INF][SYS]: Root node: MainSelector (SelectorNode)
[INF][SYS][MainSelector]: MainSelector (SelectorNode)
[INF][SYS][ScanAndWander]:   ScanAndWander (SequenceNode)
[INF][SYS][Action:ScanEnvironment]:     Action:ScanEnvironment (ScanEnvironmentAction)
[INF][SYS][Action:RandomWander]:     Action:RandomWander (RandomWanderAction)
[INF][SYS][Action:Wait]:   Action:Wait (WaitAction)
EnvironmentScan: Enemies:0, Items:0, Threat:safe
[INF][BBD]: 🗂️ BlackBoard[新規]: current_action = RandomWander
RandomWander: New target set at (-3.24, 0.00, 3.54)
[INF][BBD]: 🗂️ BlackBoard[新規]: movement_target = (-3.24, 0.00, 3.54)
[INF][BBD]: 🗂️ BlackBoard[新規]: wander_target = (-3.24, 0.00, 3.54)
RandomWander: Moving to target - Distance: 4.8
[INF][SYS][MainSelector]: BT[MainSelector] → Running (実行回数: 1, 時刻: 1.0s)
]]></output>
            </test-case>
            <test-case id="1038" name="LoadBehaviourTree_EmptyFilePath_HandlesGracefully" fullname="ArcBT.Tests.BehaviourTreeRunnerTests.LoadBehaviourTree_EmptyFilePath_HandlesGracefully" methodname="LoadBehaviourTree_EmptyFilePath_HandlesGracefully" classname="ArcBT.Tests.BehaviourTreeRunnerTests" runstate="Runnable" seed="1187723834" result="Passed" start-time="2025-07-26 16:08:04Z" end-time="2025-07-26 16:08:04Z" duration="0.001758" asserts="0">
              <properties>
                <property name="retryIteration" value="0" />
                <property name="repeatIteration" value="0" />
              </properties>
              <output><![CDATA[[ERR][SYS]: BT file not found: 
]]></output>
            </test-case>
            <test-case id="1027" name="LoadBehaviourTree_InvalidContent_HandlesGracefully" fullname="ArcBT.Tests.BehaviourTreeRunnerTests.LoadBehaviourTree_InvalidContent_HandlesGracefully" methodname="LoadBehaviourTree_InvalidContent_HandlesGracefully" classname="ArcBT.Tests.BehaviourTreeRunnerTests" runstate="Runnable" seed="492862311" result="Passed" start-time="2025-07-26 16:08:04Z" end-time="2025-07-26 16:08:04Z" duration="0.003524" asserts="0">
              <properties>
                <property name="retryIteration" value="0" />
                <property name="repeatIteration" value="0" />
              </properties>
              <output><![CDATA[[ERR][PRS]: No tree definition found
[ERR][PRS]: Failed to parse behaviour tree: C:\Users\myunp\AppData\Local\Temp\tmp4d3ed1b6.tmp
]]></output>
            </test-case>
            <test-case id="1026" name="LoadBehaviourTree_NonExistentFile_HandlesGracefully" fullname="ArcBT.Tests.BehaviourTreeRunnerTests.LoadBehaviourTree_NonExistentFile_HandlesGracefully" methodname="LoadBehaviourTree_NonExistentFile_HandlesGracefully" classname="ArcBT.Tests.BehaviourTreeRunnerTests" runstate="Runnable" seed="1025573477" result="Passed" start-time="2025-07-26 16:08:04Z" end-time="2025-07-26 16:08:04Z" duration="0.041872" asserts="0">
              <properties>
                <property name="retryIteration" value="0" />
                <property name="repeatIteration" value="0" />
              </properties>
              <output><![CDATA[[ERR][SYS]: BT file not found: non_existent_file.bt
]]></output>
            </test-case>
            <test-case id="1039" name="LoadBehaviourTree_NullFilePath_HandlesGracefully" fullname="ArcBT.Tests.BehaviourTreeRunnerTests.LoadBehaviourTree_NullFilePath_HandlesGracefully" methodname="LoadBehaviourTree_NullFilePath_HandlesGracefully" classname="ArcBT.Tests.BehaviourTreeRunnerTests" runstate="Runnable" seed="2114194121" result="Passed" start-time="2025-07-26 16:08:04Z" end-time="2025-07-26 16:08:04Z" duration="0.002317" asserts="0">
              <properties>
                <property name="retryIteration" value="0" />
                <property name="repeatIteration" value="0" />
              </properties>
              <output><![CDATA[[ERR][SYS]: Error loading behaviour tree: Object reference not set to an instance of an object
]]></output>
            </test-case>
            <test-case id="1025" name="LoadBehaviourTree_ValidFile_LoadsCorrectly" fullname="ArcBT.Tests.BehaviourTreeRunnerTests.LoadBehaviourTree_ValidFile_LoadsCorrectly" methodname="LoadBehaviourTree_ValidFile_LoadsCorrectly" classname="ArcBT.Tests.BehaviourTreeRunnerTests" runstate="Runnable" seed="1461692801" result="Passed" start-time="2025-07-26 16:08:04Z" end-time="2025-07-26 16:08:04Z" duration="0.003175" asserts="0">
              <properties>
                <property name="retryIteration" value="0" />
                <property name="repeatIteration" value="0" />
              </properties>
              <output><![CDATA[[INF][PRS]: 🔍 Creating node: Action RandomWander
[INF][PRS]: 🚀 Creating Action with script 'RandomWander'
[INF][PRS]: ✅ Created RandomWanderAction for script 'RandomWander'
[INF][PRS]: 🔍 Creating node: Selector Root
[INF][SYS][Root]: ✅ Initialized node: Root (SelectorNode)
[INF][SYS][Action:RandomWander]: ✅ Initialized node: Action:RandomWander (RandomWanderAction)
[INF][SYS]: Successfully loaded behaviour tree from: C:\Users\myunp\AppData\Local\Temp\tmp58a7381a.tmp
[INF][SYS]: Root node: Root (SelectorNode)
[INF][SYS][Root]: Root (SelectorNode)
[INF][SYS][Action:RandomWander]:   Action:RandomWander (RandomWanderAction)
]]></output>
            </test-case>
            <test-case id="1042" name="ParallelExecution_MultipleActions_ExecutesCorrectly" fullname="ArcBT.Tests.BehaviourTreeRunnerTests.ParallelExecution_MultipleActions_ExecutesCorrectly" methodname="ParallelExecution_MultipleActions_ExecutesCorrectly" classname="ArcBT.Tests.BehaviourTreeRunnerTests" runstate="Runnable" seed="1155251357" result="Passed" start-time="2025-07-26 16:08:04Z" end-time="2025-07-26 16:08:04Z" duration="0.002041" asserts="0">
              <properties>
                <property name="retryIteration" value="0" />
                <property name="repeatIteration" value="0" />
              </properties>
              <output><![CDATA[=== WaitAction '' EXECUTING ===
Wait '': Starting wait for 0.1 seconds ⏱️
Wait '': Waiting... (0.1s remaining) ⏳
[INF][BBD]: 🗂️ BlackBoard[新規]: current_action = RandomWander
RandomWander: New target set at (2.08, 0.00, 5.41)
[INF][BBD]: 🗂️ BlackBoard[新規]: wander_target = (2.08, 0.00, 5.41)
RandomWander: Moving to target - Distance: 5.8
]]></output>
            </test-case>
            <test-case id="1044" name="PerformanceTest_MultipleExecutions_CompletesQuickly" fullname="ArcBT.Tests.BehaviourTreeRunnerTests.PerformanceTest_MultipleExecutions_CompletesQuickly" methodname="PerformanceTest_MultipleExecutions_CompletesQuickly" classname="ArcBT.Tests.BehaviourTreeRunnerTests" runstate="Runnable" seed="2087097488" result="Passed" start-time="2025-07-26 16:08:04Z" end-time="2025-07-26 16:08:04Z" duration="0.006934" asserts="0">
              <properties>
                <property name="retryIteration" value="0" />
                <property name="repeatIteration" value="0" />
              </properties>
              <output><![CDATA[=== WaitAction '' EXECUTING ===
Wait '': Starting wait for 0.01 seconds ⏱️
Wait '': Waiting... (0.0s remaining) ⏳
=== WaitAction '' EXECUTING ===
Wait '': Waiting... (0.0s remaining) ⏳
=== WaitAction '' EXECUTING ===
Wait '': Waiting... (0.0s remaining) ⏳
=== WaitAction '' EXECUTING ===
Wait '': Waiting... (0.0s remaining) ⏳
=== WaitAction '' EXECUTING ===
Wait '': Waiting... (0.0s remaining) ⏳
=== WaitAction '' EXECUTING ===
Wait '': Waiting... (0.0s remaining) ⏳
=== WaitAction '' EXECUTING ===
Wait '': Waiting... (0.0s remaining) ⏳
=== WaitAction '' EXECUTING ===
Wait '': Waiting... (0.0s remaining) ⏳
=== WaitAction '' EXECUTING ===
Wait '': Waiting... (0.0s remaining) ⏳
=== WaitAction '' EXECUTING ===
Wait '': Waiting... (0.0s remaining) ⏳
=== WaitAction '' EXECUTING ===
Wait '': Waiting... (0.0s remaining) ⏳
=== WaitAction '' EXECUTING ===
Wait '': Waiting... (0.0s remaining) ⏳
=== WaitAction '' EXECUTING ===
Wait '': Waiting... (0.0s remaining) ⏳
=== WaitAction '' EXECUTING ===
Wait '': Waiting... (0.0s remaining) ⏳
=== WaitAction '' EXECUTING ===
Wait '': Waiting... (0.0s remaining) ⏳
=== WaitAction '' EXECUTING ===
Wait '': Waiting... (0.0s remaining) ⏳
=== WaitAction '' EXECUTING ===
Wait '': Waiting... (0.0s remaining) ⏳
=== WaitAction '' EXECUTING ===
Wait '': Waiting... (0.0s remaining) ⏳
=== WaitAction '' EXECUTING ===
Wait '': Waiting... (0.0s remaining) ⏳
=== WaitAction '' EXECUTING ===
Wait '': Waiting... (0.0s remaining) ⏳
=== WaitAction '' EXECUTING ===
Wait '': Waiting... (0.0s remaining) ⏳
=== WaitAction '' EXECUTING ===
Wait '': Waiting... (0.0s remaining) ⏳
=== WaitAction '' EXECUTING ===
Wait '': Waiting... (0.0s remaining) ⏳
=== WaitAction '' EXECUTING ===
Wait '': Waiting... (0.0s remaining) ⏳
=== WaitAction '' EXECUTING ===
Wait '': Waiting... (0.0s remaining) ⏳
=== WaitAction '' EXECUTING ===
Wait '': Waiting... (0.0s remaining) ⏳
=== WaitAction '' EXECUTING ===
Wait '': Waiting... (0.0s remaining) ⏳
=== WaitAction '' EXECUTING ===
Wait '': Waiting... (0.0s remaining) ⏳
=== WaitAction '' EXECUTING ===
Wait '': Waiting... (0.0s remaining) ⏳
=== WaitAction '' EXECUTING ===
Wait '': Waiting... (0.0s remaining) ⏳
=== WaitAction '' EXECUTING ===
Wait '': Waiting... (0.0s remaining) ⏳
=== WaitAction '' EXECUTING ===
Wait '': Waiting... (0.0s remaining) ⏳
=== WaitAction '' EXECUTING ===
Wait '': Waiting... (0.0s remaining) ⏳
=== WaitAction '' EXECUTING ===
Wait '': Waiting... (0.0s remaining) ⏳
=== WaitAction '' EXECUTING ===
Wait '': Waiting... (0.0s remaining) ⏳
=== WaitAction '' EXECUTING ===
Wait '': Waiting... (0.0s remaining) ⏳
=== WaitAction '' EXECUTING ===
Wait '': Waiting... (0.0s remaining) ⏳
=== WaitAction '' EXECUTING ===
Wait '': Waiting... (0.0s remaining) ⏳
=== WaitAction '' EXECUTING ===
Wait '': Waiting... (0.0s remaining) ⏳
=== WaitAction '' EXECUTING ===
Wait '': Waiting... (0.0s remaining) ⏳
=== WaitAction '' EXECUTING ===
Wait '': Waiting... (0.0s remaining) ⏳
=== WaitAction '' EXECUTING ===
Wait '': Waiting... (0.0s remaining) ⏳
=== WaitAction '' EXECUTING ===
Wait '': Waiting... (0.0s remaining) ⏳
=== WaitAction '' EXECUTING ===
Wait '': Waiting... (0.0s remaining) ⏳
=== WaitAction '' EXECUTING ===
Wait '': Waiting... (0.0s remaining) ⏳
=== WaitAction '' EXECUTING ===
Wait '': Waiting... (0.0s remaining) ⏳
=== WaitAction '' EXECUTING ===
Wait '': Waiting... (0.0s remaining) ⏳
=== WaitAction '' EXECUTING ===
Wait '': Waiting... (0.0s remaining) ⏳
=== WaitAction '' EXECUTING ===
Wait '': Waiting... (0.0s remaining) ⏳
=== WaitAction '' EXECUTING ===
Wait '': Waiting... (0.0s remaining) ⏳
=== WaitAction '' EXECUTING ===
Wait '': Waiting... (0.0s remaining) ⏳
=== WaitAction '' EXECUTING ===
Wait '': Waiting... (0.0s remaining) ⏳
=== WaitAction '' EXECUTING ===
Wait '': Waiting... (0.0s remaining) ⏳
=== WaitAction '' EXECUTING ===
Wait '': Waiting... (0.0s remaining) ⏳
=== WaitAction '' EXECUTING ===
Wait '': Waiting... (0.0s remaining) ⏳
=== WaitAction '' EXECUTING ===
Wait '': Waiting... (0.0s remaining) ⏳
=== WaitAction '' EXECUTING ===
Wait '': Waiting... (0.0s remaining) ⏳
=== WaitAction '' EXECUTING ===
Wait '': Waiting... (0.0s remaining) ⏳
=== WaitAction '' EXECUTING ===
Wait '': Waiting... (0.0s remaining) ⏳
=== WaitAction '' EXECUTING ===
Wait '': Waiting... (0.0s remaining) ⏳
=== WaitAction '' EXECUTING ===
Wait '': Waiting... (0.0s remaining) ⏳
=== WaitAction '' EXECUTING ===
Wait '': Waiting... (0.0s remaining) ⏳
=== WaitAction '' EXECUTING ===
Wait '': Waiting... (0.0s remaining) ⏳
=== WaitAction '' EXECUTING ===
Wait '': Waiting... (0.0s remaining) ⏳
=== WaitAction '' EXECUTING ===
Wait '': Waiting... (0.0s remaining) ⏳
=== WaitAction '' EXECUTING ===
Wait '': Waiting... (0.0s remaining) ⏳
=== WaitAction '' EXECUTING ===
Wait '': Waiting... (0.0s remaining) ⏳
=== WaitAction '' EXECUTING ===
Wait '': Waiting... (0.0s remaining) ⏳
=== WaitAction '' EXECUTING ===
Wait '': Waiting... (0.0s remaining) ⏳
=== WaitAction '' EXECUTING ===
Wait '': Waiting... (0.0s remaining) ⏳
=== WaitAction '' EXECUTING ===
Wait '': Waiting... (0.0s remaining) ⏳
=== WaitAction '' EXECUTING ===
Wait '': Waiting... (0.0s remaining) ⏳
=== WaitAction '' EXECUTING ===
Wait '': Waiting... (0.0s remaining) ⏳
=== WaitAction '' EXECUTING ===
Wait '': Waiting... (0.0s remaining) ⏳
=== WaitAction '' EXECUTING ===
Wait '': Waiting... (0.0s remaining) ⏳
=== WaitAction '' EXECUTING ===
Wait '': Waiting... (0.0s remaining) ⏳
=== WaitAction '' EXECUTING ===
Wait '': Waiting... (0.0s remaining) ⏳
=== WaitAction '' EXECUTING ===
Wait '': Waiting... (0.0s remaining) ⏳
=== WaitAction '' EXECUTING ===
Wait '': Waiting... (0.0s remaining) ⏳
=== WaitAction '' EXECUTING ===
Wait '': Waiting... (0.0s remaining) ⏳
=== WaitAction '' EXECUTING ===
Wait '': Waiting... (0.0s remaining) ⏳
=== WaitAction '' EXECUTING ===
Wait '': Waiting... (0.0s remaining) ⏳
=== WaitAction '' EXECUTING ===
Wait '': Waiting... (0.0s remaining) ⏳
=== WaitAction '' EXECUTING ===
Wait '': Waiting... (0.0s remaining) ⏳
=== WaitAction '' EXECUTING ===
Wait '': Waiting... (0.0s remaining) ⏳
=== WaitAction '' EXECUTING ===
Wait '': Waiting... (0.0s remaining) ⏳
=== WaitAction '' EXECUTING ===
Wait '': Waiting... (0.0s remaining) ⏳
=== WaitAction '' EXECUTING ===
Wait '': Waiting... (0.0s remaining) ⏳
=== WaitAction '' EXECUTING ===
Wait '': Waiting... (0.0s remaining) ⏳
=== WaitAction '' EXECUTING ===
Wait '': Waiting... (0.0s remaining) ⏳
=== WaitAction '' EXECUTING ===
Wait '': Waiting... (0.0s remaining) ⏳
=== WaitAction '' EXECUTING ===
Wait '': Waiting... (0.0s remaining) ⏳
=== WaitAction '' EXECUTING ===
Wait '': Waiting... (0.0s remaining) ⏳
=== WaitAction '' EXECUTING ===
Wait '': Waiting... (0.0s remaining) ⏳
=== WaitAction '' EXECUTING ===
Wait '': Waiting... (0.0s remaining) ⏳
=== WaitAction '' EXECUTING ===
Wait '': Waiting... (0.0s remaining) ⏳
=== WaitAction '' EXECUTING ===
Wait '': Waiting... (0.0s remaining) ⏳
=== WaitAction '' EXECUTING ===
Wait '': Waiting... (0.0s remaining) ⏳
=== WaitAction '' EXECUTING ===
Wait '': Waiting... (0.0s remaining) ⏳
=== WaitAction '' EXECUTING ===
Wait '': Waiting... (0.0s remaining) ⏳
]]></output>
            </test-case>
            <test-case id="1035" name="ResetTreeState_ClearsBlackBoardAndResets" fullname="ArcBT.Tests.BehaviourTreeRunnerTests.ResetTreeState_ClearsBlackBoardAndResets" methodname="ResetTreeState_ClearsBlackBoardAndResets" classname="ArcBT.Tests.BehaviourTreeRunnerTests" runstate="Runnable" seed="1430389572" result="Passed" start-time="2025-07-26 16:08:04Z" end-time="2025-07-26 16:08:04Z" duration="0.001266" asserts="0">
              <properties>
                <property name="retryIteration" value="0" />
                <property name="repeatIteration" value="0" />
              </properties>
              <output><![CDATA[[INF][BBD]: 🗂️ BlackBoard: Cleared all data
[INF][SYS]: Behaviour tree state reset
]]></output>
            </test-case>
            <test-case id="1037" name="SetDebugMode_UpdatesCorrectly" fullname="ArcBT.Tests.BehaviourTreeRunnerTests.SetDebugMode_UpdatesCorrectly" methodname="SetDebugMode_UpdatesCorrectly" classname="ArcBT.Tests.BehaviourTreeRunnerTests" runstate="Runnable" seed="1557792332" result="Passed" start-time="2025-07-26 16:08:04Z" end-time="2025-07-26 16:08:04Z" duration="0.000929" asserts="0">
              <properties>
                <property name="retryIteration" value="0" />
                <property name="repeatIteration" value="0" />
              </properties>
            </test-case>
            <test-case id="1029" name="SetRootNode_InitializesBlackBoard" fullname="ArcBT.Tests.BehaviourTreeRunnerTests.SetRootNode_InitializesBlackBoard" methodname="SetRootNode_InitializesBlackBoard" classname="ArcBT.Tests.BehaviourTreeRunnerTests" runstate="Runnable" seed="779359457" result="Passed" start-time="2025-07-26 16:08:04Z" end-time="2025-07-26 16:08:04Z" duration="0.000769" asserts="0">
              <properties>
                <property name="retryIteration" value="0" />
                <property name="repeatIteration" value="0" />
              </properties>
            </test-case>
            <test-case id="1040" name="SetRootNode_NullNode_HandlesGracefully" fullname="ArcBT.Tests.BehaviourTreeRunnerTests.SetRootNode_NullNode_HandlesGracefully" methodname="SetRootNode_NullNode_HandlesGracefully" classname="ArcBT.Tests.BehaviourTreeRunnerTests" runstate="Runnable" seed="60481288" result="Passed" start-time="2025-07-26 16:08:04Z" end-time="2025-07-26 16:08:04Z" duration="0.000713" asserts="0">
              <properties>
                <property name="retryIteration" value="0" />
                <property name="repeatIteration" value="0" />
              </properties>
            </test-case>
            <test-case id="1028" name="SetRootNode_ValidNode_SetsCorrectly" fullname="ArcBT.Tests.BehaviourTreeRunnerTests.SetRootNode_ValidNode_SetsCorrectly" methodname="SetRootNode_ValidNode_SetsCorrectly" classname="ArcBT.Tests.BehaviourTreeRunnerTests" runstate="Runnable" seed="1746930550" result="Passed" start-time="2025-07-26 16:08:04Z" end-time="2025-07-26 16:08:04Z" duration="0.000749" asserts="0">
              <properties>
                <property name="retryIteration" value="0" />
                <property name="repeatIteration" value="0" />
              </properties>
            </test-case>
            <test-case id="1036" name="SetTickInterval_UpdatesCorrectly" fullname="ArcBT.Tests.BehaviourTreeRunnerTests.SetTickInterval_UpdatesCorrectly" methodname="SetTickInterval_UpdatesCorrectly" classname="ArcBT.Tests.BehaviourTreeRunnerTests" runstate="Runnable" seed="1238939215" result="Passed" start-time="2025-07-26 16:08:04Z" end-time="2025-07-26 16:08:04Z" duration="0.000728" asserts="0">
              <properties>
                <property name="retryIteration" value="0" />
                <property name="repeatIteration" value="0" />
              </properties>
            </test-case>
            <test-case id="1030" name="Update_WithValidTree_ExecutesCorrectly" fullname="ArcBT.Tests.BehaviourTreeRunnerTests.Update_WithValidTree_ExecutesCorrectly" methodname="Update_WithValidTree_ExecutesCorrectly" classname="ArcBT.Tests.BehaviourTreeRunnerTests" runstate="Runnable" seed="95703435" result="Passed" start-time="2025-07-26 16:08:04Z" end-time="2025-07-26 16:08:04Z" duration="0.235916" asserts="0">
              <properties>
                <property name="_JOINTYPE" value="UnityCombinatorial" />
                <property name="retryIteration" value="0" />
                <property name="repeatIteration" value="0" />
              </properties>
              <output><![CDATA[=== WaitAction '' EXECUTING ===
Wait '': Starting wait for 0.1 seconds ⏱️
Wait '': Waiting... (0.1s remaining) ⏳
[INF][SYS]: BT[] → Running (実行回数: 1, 時刻: 1.1s)
=== WaitAction '' EXECUTING ===
Wait '': Wait completed ✅ (waited 0.1s)
[INF][SYS]: BT[] → Success [状態変化] (実行回数: 2, 時刻: 1.2s)
]]></output>
            </test-case>
          </test-suite>
          <test-suite type="TestFixture" id="1045" name="BlackBoardTests" fullname="ArcBT.Tests.BlackBoardTests" classname="ArcBT.Tests.BlackBoardTests" runstate="Runnable" testcasecount="34" result="Passed" start-time="2025-07-26 16:08:04Z" end-time="2025-07-26 16:08:04Z" duration="0.028997" total="34" passed="34" failed="0" inconclusive="0" skipped="0" asserts="0">
            <properties />
            <test-case id="1054" name="Clear_WithData_RemovesAllData" fullname="ArcBT.Tests.BlackBoardTests.Clear_WithData_RemovesAllData" methodname="Clear_WithData_RemovesAllData" classname="ArcBT.Tests.BlackBoardTests" runstate="Runnable" seed="2012516890" result="Passed" start-time="2025-07-26 16:08:04Z" end-time="2025-07-26 16:08:04Z" duration="0.000765" asserts="0">
              <properties>
                <property name="retryIteration" value="0" />
                <property name="repeatIteration" value="0" />
              </properties>
              <output><![CDATA[[INF][BBD]: 🗂️ BlackBoard: Cleared all data
]]></output>
            </test-case>
            <test-case id="1077" name="DebugLog_WithData_LogsAllContents" fullname="ArcBT.Tests.BlackBoardTests.DebugLog_WithData_LogsAllContents" methodname="DebugLog_WithData_LogsAllContents" classname="ArcBT.Tests.BlackBoardTests" runstate="Runnable" seed="581502835" result="Passed" start-time="2025-07-26 16:08:04Z" end-time="2025-07-26 16:08:04Z" duration="0.000558" asserts="0">
              <properties>
                <property name="retryIteration" value="0" />
                <property name="repeatIteration" value="0" />
              </properties>
              <output><![CDATA[[INF][BBD]: 🗂️ BlackBoard Contents:
[INF][BBD]:   - test_string: hello (String)
[INF][BBD]:   - test_int: 42 (Int32)
]]></output>
            </test-case>
            <test-case id="1063" name="GetAllKeys_EmptyBlackBoard_ReturnsEmptyArray" fullname="ArcBT.Tests.BlackBoardTests.GetAllKeys_EmptyBlackBoard_ReturnsEmptyArray" methodname="GetAllKeys_EmptyBlackBoard_ReturnsEmptyArray" classname="ArcBT.Tests.BlackBoardTests" runstate="Runnable" seed="1901801778" result="Passed" start-time="2025-07-26 16:08:04Z" end-time="2025-07-26 16:08:04Z" duration="0.000140" asserts="0">
              <properties>
                <property name="retryIteration" value="0" />
                <property name="repeatIteration" value="0" />
              </properties>
            </test-case>
            <test-case id="1062" name="GetAllKeys_WithMultipleKeys_ReturnsAllKeys" fullname="ArcBT.Tests.BlackBoardTests.GetAllKeys_WithMultipleKeys_ReturnsAllKeys" methodname="GetAllKeys_WithMultipleKeys_ReturnsAllKeys" classname="ArcBT.Tests.BlackBoardTests" runstate="Runnable" seed="1542257653" result="Passed" start-time="2025-07-26 16:08:04Z" end-time="2025-07-26 16:08:04Z" duration="0.000995" asserts="0">
              <properties>
                <property name="retryIteration" value="0" />
                <property name="repeatIteration" value="0" />
              </properties>
            </test-case>
            <test-case id="1068" name="GetRecentChangeSummary_CalledTwice_ClearsAfterFirst" fullname="ArcBT.Tests.BlackBoardTests.GetRecentChangeSummary_CalledTwice_ClearsAfterFirst" methodname="GetRecentChangeSummary_CalledTwice_ClearsAfterFirst" classname="ArcBT.Tests.BlackBoardTests" runstate="Runnable" seed="1805989608" result="Passed" start-time="2025-07-26 16:08:04Z" end-time="2025-07-26 16:08:04Z" duration="0.000215" asserts="0">
              <properties>
                <property name="retryIteration" value="0" />
                <property name="repeatIteration" value="0" />
              </properties>
            </test-case>
            <test-case id="1067" name="GetRecentChangeSummary_NoChanges_ReturnsNoChangeMessage" fullname="ArcBT.Tests.BlackBoardTests.GetRecentChangeSummary_NoChanges_ReturnsNoChangeMessage" methodname="GetRecentChangeSummary_NoChanges_ReturnsNoChangeMessage" classname="ArcBT.Tests.BlackBoardTests" runstate="Runnable" seed="1057187753" result="Passed" start-time="2025-07-26 16:08:04Z" end-time="2025-07-26 16:08:04Z" duration="0.000125" asserts="0">
              <properties>
                <property name="retryIteration" value="0" />
                <property name="repeatIteration" value="0" />
              </properties>
            </test-case>
            <test-case id="1066" name="GetRecentChangeSummary_WithChanges_ReturnsFormattedSummary" fullname="ArcBT.Tests.BlackBoardTests.GetRecentChangeSummary_WithChanges_ReturnsFormattedSummary" methodname="GetRecentChangeSummary_WithChanges_ReturnsFormattedSummary" classname="ArcBT.Tests.BlackBoardTests" runstate="Runnable" seed="339142164" result="Passed" start-time="2025-07-26 16:08:04Z" end-time="2025-07-26 16:08:04Z" duration="0.000181" asserts="0">
              <properties>
                <property name="retryIteration" value="0" />
                <property name="repeatIteration" value="0" />
              </properties>
            </test-case>
            <test-case id="1048" name="GetValue_NonExistentKey_ReturnsDefaultValue" fullname="ArcBT.Tests.BlackBoardTests.GetValue_NonExistentKey_ReturnsDefaultValue" methodname="GetValue_NonExistentKey_ReturnsDefaultValue" classname="ArcBT.Tests.BlackBoardTests" runstate="Runnable" seed="1728858227" result="Passed" start-time="2025-07-26 16:08:04Z" end-time="2025-07-26 16:08:04Z" duration="0.000288" asserts="0">
              <properties>
                <property name="retryIteration" value="0" />
                <property name="repeatIteration" value="0" />
              </properties>
            </test-case>
            <test-case id="1049" name="GetValue_TypeMismatch_ReturnsDefaultAndLogsWarning" fullname="ArcBT.Tests.BlackBoardTests.GetValue_TypeMismatch_ReturnsDefaultAndLogsWarning" methodname="GetValue_TypeMismatch_ReturnsDefaultAndLogsWarning" classname="ArcBT.Tests.BlackBoardTests" runstate="Runnable" seed="549635606" result="Passed" start-time="2025-07-26 16:08:04Z" end-time="2025-07-26 16:08:04Z" duration="0.000311" asserts="0">
              <properties>
                <property name="retryIteration" value="0" />
                <property name="repeatIteration" value="0" />
              </properties>
              <output><![CDATA[[WRN][BBD]: 🗂️ BlackBoard: Type mismatch for key 'test_key'. Expected Int32, got String
]]></output>
            </test-case>
            <test-case id="1072" name="GetValueAsString_Float_ReturnsFormattedFloat" fullname="ArcBT.Tests.BlackBoardTests.GetValueAsString_Float_ReturnsFormattedFloat" methodname="GetValueAsString_Float_ReturnsFormattedFloat" classname="ArcBT.Tests.BlackBoardTests" runstate="Runnable" seed="154658272" result="Passed" start-time="2025-07-26 16:08:04Z" end-time="2025-07-26 16:08:04Z" duration="0.000358" asserts="0">
              <properties>
                <property name="retryIteration" value="0" />
                <property name="repeatIteration" value="0" />
              </properties>
              <output><![CDATA[[INF][BBD]: 🗂️ BlackBoard[新規]: health = 85.6789
]]></output>
            </test-case>
            <test-case id="1070" name="GetValueAsString_GameObject_ReturnsName" fullname="ArcBT.Tests.BlackBoardTests.GetValueAsString_GameObject_ReturnsName" methodname="GetValueAsString_GameObject_ReturnsName" classname="ArcBT.Tests.BlackBoardTests" runstate="Runnable" seed="748770691" result="Passed" start-time="2025-07-26 16:08:04Z" end-time="2025-07-26 16:08:04Z" duration="0.000289" asserts="0">
              <properties>
                <property name="retryIteration" value="0" />
                <property name="repeatIteration" value="0" />
              </properties>
            </test-case>
            <test-case id="1074" name="GetValueAsString_NonExistentKey_ReturnsNotSet" fullname="ArcBT.Tests.BlackBoardTests.GetValueAsString_NonExistentKey_ReturnsNotSet" methodname="GetValueAsString_NonExistentKey_ReturnsNotSet" classname="ArcBT.Tests.BlackBoardTests" runstate="Runnable" seed="710930370" result="Passed" start-time="2025-07-26 16:08:04Z" end-time="2025-07-26 16:08:04Z" duration="0.000142" asserts="0">
              <properties>
                <property name="retryIteration" value="0" />
                <property name="repeatIteration" value="0" />
              </properties>
            </test-case>
            <test-case id="1073" name="GetValueAsString_NullValue_ReturnsNull" fullname="ArcBT.Tests.BlackBoardTests.GetValueAsString_NullValue_ReturnsNull" methodname="GetValueAsString_NullValue_ReturnsNull" classname="ArcBT.Tests.BlackBoardTests" runstate="Runnable" seed="560283857" result="Passed" start-time="2025-07-26 16:08:04Z" end-time="2025-07-26 16:08:04Z" duration="0.000139" asserts="0">
              <properties>
                <property name="retryIteration" value="0" />
                <property name="repeatIteration" value="0" />
              </properties>
            </test-case>
            <test-case id="1069" name="GetValueAsString_StringValue_ReturnsString" fullname="ArcBT.Tests.BlackBoardTests.GetValueAsString_StringValue_ReturnsString" methodname="GetValueAsString_StringValue_ReturnsString" classname="ArcBT.Tests.BlackBoardTests" runstate="Runnable" seed="1274176394" result="Passed" start-time="2025-07-26 16:08:04Z" end-time="2025-07-26 16:08:04Z" duration="0.000143" asserts="0">
              <properties>
                <property name="retryIteration" value="0" />
                <property name="repeatIteration" value="0" />
              </properties>
            </test-case>
            <test-case id="1071" name="GetValueAsString_Vector3_ReturnsFormattedCoordinates" fullname="ArcBT.Tests.BlackBoardTests.GetValueAsString_Vector3_ReturnsFormattedCoordinates" methodname="GetValueAsString_Vector3_ReturnsFormattedCoordinates" classname="ArcBT.Tests.BlackBoardTests" runstate="Runnable" seed="2096438120" result="Passed" start-time="2025-07-26 16:08:04Z" end-time="2025-07-26 16:08:04Z" duration="0.000240" asserts="0">
              <properties>
                <property name="retryIteration" value="0" />
                <property name="repeatIteration" value="0" />
              </properties>
              <output><![CDATA[[INF][BBD]: 🗂️ BlackBoard[新規]: position = (1.23, 2.57, 3.89)
]]></output>
            </test-case>
            <test-case id="1056" name="GetValueType_ExistingKey_ReturnsCorrectType" fullname="ArcBT.Tests.BlackBoardTests.GetValueType_ExistingKey_ReturnsCorrectType" methodname="GetValueType_ExistingKey_ReturnsCorrectType" classname="ArcBT.Tests.BlackBoardTests" runstate="Runnable" seed="69388582" result="Passed" start-time="2025-07-26 16:08:04Z" end-time="2025-07-26 16:08:04Z" duration="0.000182" asserts="0">
              <properties>
                <property name="retryIteration" value="0" />
                <property name="repeatIteration" value="0" />
              </properties>
            </test-case>
            <test-case id="1057" name="GetValueType_NonExistentKey_ReturnsNull" fullname="ArcBT.Tests.BlackBoardTests.GetValueType_NonExistentKey_ReturnsNull" methodname="GetValueType_NonExistentKey_ReturnsNull" classname="ArcBT.Tests.BlackBoardTests" runstate="Runnable" seed="1028391696" result="Passed" start-time="2025-07-26 16:08:04Z" end-time="2025-07-26 16:08:04Z" duration="0.000132" asserts="0">
              <properties>
                <property name="retryIteration" value="0" />
                <property name="repeatIteration" value="0" />
              </properties>
            </test-case>
            <test-case id="1050" name="HasKey_ExistingKey_ReturnsTrue" fullname="ArcBT.Tests.BlackBoardTests.HasKey_ExistingKey_ReturnsTrue" methodname="HasKey_ExistingKey_ReturnsTrue" classname="ArcBT.Tests.BlackBoardTests" runstate="Runnable" seed="65563992" result="Passed" start-time="2025-07-26 16:08:04Z" end-time="2025-07-26 16:08:04Z" duration="0.000133" asserts="0">
              <properties>
                <property name="retryIteration" value="0" />
                <property name="repeatIteration" value="0" />
              </properties>
            </test-case>
            <test-case id="1051" name="HasKey_NonExistentKey_ReturnsFalse" fullname="ArcBT.Tests.BlackBoardTests.HasKey_NonExistentKey_ReturnsFalse" methodname="HasKey_NonExistentKey_ReturnsFalse" classname="ArcBT.Tests.BlackBoardTests" runstate="Runnable" seed="924019002" result="Passed" start-time="2025-07-26 16:08:04Z" end-time="2025-07-26 16:08:04Z" duration="0.000116" asserts="0">
              <properties>
                <property name="retryIteration" value="0" />
                <property name="repeatIteration" value="0" />
              </properties>
            </test-case>
            <test-case id="1065" name="HasRecentChanges_NoChanges_ReturnsFalse" fullname="ArcBT.Tests.BlackBoardTests.HasRecentChanges_NoChanges_ReturnsFalse" methodname="HasRecentChanges_NoChanges_ReturnsFalse" classname="ArcBT.Tests.BlackBoardTests" runstate="Runnable" seed="1864477879" result="Passed" start-time="2025-07-26 16:08:04Z" end-time="2025-07-26 16:08:04Z" duration="0.000115" asserts="0">
              <properties>
                <property name="retryIteration" value="0" />
                <property name="repeatIteration" value="0" />
              </properties>
            </test-case>
            <test-case id="1064" name="HasRecentChanges_WithRecentChange_ReturnsTrue" fullname="ArcBT.Tests.BlackBoardTests.HasRecentChanges_WithRecentChange_ReturnsTrue" methodname="HasRecentChanges_WithRecentChange_ReturnsTrue" classname="ArcBT.Tests.BlackBoardTests" runstate="Runnable" seed="363065515" result="Passed" start-time="2025-07-26 16:08:04Z" end-time="2025-07-26 16:08:04Z" duration="0.000235" asserts="0">
              <properties>
                <property name="retryIteration" value="0" />
                <property name="repeatIteration" value="0" />
              </properties>
              <output><![CDATA[[INF][BBD]: 🗂️ BlackBoard[新規]: enemy_position = (1.00, 0.00, 1.00)
]]></output>
            </test-case>
            <test-case id="1078" name="IntegrationTest_ComplexScenario_WorksCorrectly" fullname="ArcBT.Tests.BlackBoardTests.IntegrationTest_ComplexScenario_WorksCorrectly" methodname="IntegrationTest_ComplexScenario_WorksCorrectly" classname="ArcBT.Tests.BlackBoardTests" runstate="Runnable" seed="1803241008" result="Passed" start-time="2025-07-26 16:08:04Z" end-time="2025-07-26 16:08:04Z" duration="0.001320" asserts="0">
              <properties>
                <property name="retryIteration" value="0" />
                <property name="repeatIteration" value="0" />
              </properties>
              <output><![CDATA[[INF][BBD]: 🗂️ BlackBoard[新規]: current_state = combat
[INF][BBD]: 🗂️ BlackBoard[新規]: enemy_target = Enemy (UnityEngine.GameObject)
[INF][BBD]: 🗂️ BlackBoard[新規]: enemy_position = (5.00, 0.00, 3.00)
[INF][BBD]: 🗂️ BlackBoard[新規]: player_health = 75.5
]]></output>
            </test-case>
            <test-case id="1079" name="PerformanceTest_ManyOperations_CompletesQuickly" fullname="ArcBT.Tests.BlackBoardTests.PerformanceTest_ManyOperations_CompletesQuickly" methodname="PerformanceTest_ManyOperations_CompletesQuickly" classname="ArcBT.Tests.BlackBoardTests" runstate="Runnable" seed="597709479" result="Passed" start-time="2025-07-26 16:08:04Z" end-time="2025-07-26 16:08:04Z" duration="0.003992" asserts="0">
              <properties>
                <property name="retryIteration" value="0" />
                <property name="repeatIteration" value="0" />
              </properties>
            </test-case>
            <test-case id="1052" name="RemoveValue_ExistingKey_RemovesAndLogsSuccess" fullname="ArcBT.Tests.BlackBoardTests.RemoveValue_ExistingKey_RemovesAndLogsSuccess" methodname="RemoveValue_ExistingKey_RemovesAndLogsSuccess" classname="ArcBT.Tests.BlackBoardTests" runstate="Runnable" seed="866489676" result="Passed" start-time="2025-07-26 16:08:04Z" end-time="2025-07-26 16:08:04Z" duration="0.000541" asserts="0">
              <properties>
                <property name="retryIteration" value="0" />
                <property name="repeatIteration" value="0" />
              </properties>
              <output><![CDATA[[INF][BBD]: 🗂️ BlackBoard: Removed 'test_key'
]]></output>
            </test-case>
            <test-case id="1053" name="RemoveValue_NonExistentKey_DoesNotLog" fullname="ArcBT.Tests.BlackBoardTests.RemoveValue_NonExistentKey_DoesNotLog" methodname="RemoveValue_NonExistentKey_DoesNotLog" classname="ArcBT.Tests.BlackBoardTests" runstate="Runnable" seed="1883134551" result="Passed" start-time="2025-07-26 16:08:04Z" end-time="2025-07-26 16:08:04Z" duration="0.000122" asserts="0">
              <properties>
                <property name="retryIteration" value="0" />
                <property name="repeatIteration" value="0" />
              </properties>
            </test-case>
            <test-case id="1055" name="SetValue_DifferentTypes_StoresCorrectTypes" fullname="ArcBT.Tests.BlackBoardTests.SetValue_DifferentTypes_StoresCorrectTypes" methodname="SetValue_DifferentTypes_StoresCorrectTypes" classname="ArcBT.Tests.BlackBoardTests" runstate="Runnable" seed="1880706096" result="Passed" start-time="2025-07-26 16:08:04Z" end-time="2025-07-26 16:08:04Z" duration="0.000394" asserts="0">
              <properties>
                <property name="retryIteration" value="0" />
                <property name="repeatIteration" value="0" />
              </properties>
            </test-case>
            <test-case id="1047" name="SetValue_ExistingKey_UpdatesValue" fullname="ArcBT.Tests.BlackBoardTests.SetValue_ExistingKey_UpdatesValue" methodname="SetValue_ExistingKey_UpdatesValue" classname="ArcBT.Tests.BlackBoardTests" runstate="Runnable" seed="1149387599" result="Passed" start-time="2025-07-26 16:08:04Z" end-time="2025-07-26 16:08:04Z" duration="0.000168" asserts="0">
              <properties>
                <property name="retryIteration" value="0" />
                <property name="repeatIteration" value="0" />
              </properties>
            </test-case>
            <test-case id="1075" name="SetValue_ImportantKey_LogsChange" fullname="ArcBT.Tests.BlackBoardTests.SetValue_ImportantKey_LogsChange" methodname="SetValue_ImportantKey_LogsChange" classname="ArcBT.Tests.BlackBoardTests" runstate="Runnable" seed="707806803" result="Passed" start-time="2025-07-26 16:08:04Z" end-time="2025-07-26 16:08:04Z" duration="0.000226" asserts="0">
              <properties>
                <property name="retryIteration" value="0" />
                <property name="repeatIteration" value="0" />
              </properties>
              <output><![CDATA[[INF][BBD]: 🗂️ BlackBoard[新規]: enemy_position = (1.00, 0.00, 1.00)
]]></output>
            </test-case>
            <test-case id="1046" name="SetValue_NewKey_StoresValue" fullname="ArcBT.Tests.BlackBoardTests.SetValue_NewKey_StoresValue" methodname="SetValue_NewKey_StoresValue" classname="ArcBT.Tests.BlackBoardTests" runstate="Runnable" seed="994778189" result="Passed" start-time="2025-07-26 16:08:04Z" end-time="2025-07-26 16:08:04Z" duration="0.000154" asserts="0">
              <properties>
                <property name="retryIteration" value="0" />
                <property name="repeatIteration" value="0" />
              </properties>
            </test-case>
            <test-case id="1061" name="SetValue_NullToNull_NoChange" fullname="ArcBT.Tests.BlackBoardTests.SetValue_NullToNull_NoChange" methodname="SetValue_NullToNull_NoChange" classname="ArcBT.Tests.BlackBoardTests" runstate="Runnable" seed="730530934" result="Passed" start-time="2025-07-26 16:08:04Z" end-time="2025-07-26 16:08:04Z" duration="0.000146" asserts="0">
              <properties>
                <property name="retryIteration" value="0" />
                <property name="repeatIteration" value="0" />
              </properties>
            </test-case>
            <test-case id="1059" name="SetValue_NullToValue_TriggersChange" fullname="ArcBT.Tests.BlackBoardTests.SetValue_NullToValue_TriggersChange" methodname="SetValue_NullToValue_TriggersChange" classname="ArcBT.Tests.BlackBoardTests" runstate="Runnable" seed="1418798538" result="Passed" start-time="2025-07-26 16:08:04Z" end-time="2025-07-26 16:08:04Z" duration="0.000159" asserts="0">
              <properties>
                <property name="retryIteration" value="0" />
                <property name="repeatIteration" value="0" />
              </properties>
            </test-case>
            <test-case id="1058" name="SetValue_NullValue_StoresAndRetrievesCorrectly" fullname="ArcBT.Tests.BlackBoardTests.SetValue_NullValue_StoresAndRetrievesCorrectly" methodname="SetValue_NullValue_StoresAndRetrievesCorrectly" classname="ArcBT.Tests.BlackBoardTests" runstate="Runnable" seed="477956393" result="Passed" start-time="2025-07-26 16:08:04Z" end-time="2025-07-26 16:08:04Z" duration="0.000201" asserts="0">
              <properties>
                <property name="retryIteration" value="0" />
                <property name="repeatIteration" value="0" />
              </properties>
              <output><![CDATA[[WRN][BBD]: 🗂️ BlackBoard: Type mismatch for key 'null_key'. Expected String, got null
]]></output>
            </test-case>
            <test-case id="1076" name="SetValue_UnimportantKey_DoesNotLog" fullname="ArcBT.Tests.BlackBoardTests.SetValue_UnimportantKey_DoesNotLog" methodname="SetValue_UnimportantKey_DoesNotLog" classname="ArcBT.Tests.BlackBoardTests" runstate="Runnable" seed="2107220286" result="Passed" start-time="2025-07-26 16:08:04Z" end-time="2025-07-26 16:08:04Z" duration="0.000131" asserts="0">
              <properties>
                <property name="retryIteration" value="0" />
                <property name="repeatIteration" value="0" />
              </properties>
            </test-case>
            <test-case id="1060" name="SetValue_ValueToNull_TriggersChange" fullname="ArcBT.Tests.BlackBoardTests.SetValue_ValueToNull_TriggersChange" methodname="SetValue_ValueToNull_TriggersChange" classname="ArcBT.Tests.BlackBoardTests" runstate="Runnable" seed="2075687174" result="Passed" start-time="2025-07-26 16:08:04Z" end-time="2025-07-26 16:08:04Z" duration="0.000197" asserts="0">
              <properties>
                <property name="retryIteration" value="0" />
                <property name="repeatIteration" value="0" />
              </properties>
              <output><![CDATA[[WRN][BBD]: 🗂️ BlackBoard: Type mismatch for key 'test_key'. Expected String, got null
]]></output>
            </test-case>
          </test-suite>
          <test-suite type="TestFixture" id="1080" name="BTFileValidationTests" fullname="ArcBT.Tests.BTFileValidationTests" classname="ArcBT.Tests.BTFileValidationTests" runstate="Runnable" testcasecount="6" result="Passed" start-time="2025-07-26 16:08:04Z" end-time="2025-07-26 16:08:04Z" duration="0.033227" total="6" passed="6" failed="0" inconclusive="0" skipped="0" asserts="0">
            <properties />
            <test-case id="1084" name="ValidateAllScriptReferences" fullname="ArcBT.Tests.BTFileValidationTests.ValidateAllScriptReferences" methodname="ValidateAllScriptReferences" classname="ArcBT.Tests.BTFileValidationTests" runstate="Runnable" seed="1272436888" result="Passed" start-time="2025-07-26 16:08:04Z" end-time="2025-07-26 16:08:04Z" duration="0.009416" asserts="0">
              <properties>
                <property name="Description" value="全BTファイルで使用されているスクリプト名の検証" />
                <property name="retryIteration" value="0" />
                <property name="repeatIteration" value="0" />
              </properties>
              <output><![CDATA[🔍 Analyzing script references in: advanced_guard_new_format.bt
🔍 Analyzing script references in: blackboard_sample.bt
🔍 Analyzing script references in: complex_example.bt
🔍 Analyzing script references in: dynamic_condition_sample.bt
🔍 Analyzing script references in: improved_format_example.bt
🔍 Analyzing script references in: resource_management_sample.bt
🔍 Analyzing script references in: simple_example.bt
🔍 Analyzing script references in: team_coordination_sample.bt
📊 Script Reference Analysis:
📝 Used scripts: IsInitialized, HealthCheck, HasItem, UseItem, FleeToSafety, EnemyCheck, Attack, MoveToPosition, AttackEnemy, Wait, HasTarget, RandomWander, ScanEnvironment, HasSharedEnemyInfo, MoveToEnemy, AttackTarget, EnemyInRange, HasMana, EnemyHealthCheck, CastSpell, NormalAttack, ScanForInterest, MoveToTarget, Interact, EnvironmentScan, InitializeResources, CheckManaResource, RestoreSmallMana, SearchForEnemy
✅ All script references are valid
]]></output>
            </test-case>
            <test-case id="1081" name="ValidateBlackBoardSample" fullname="ArcBT.Tests.BTFileValidationTests.ValidateBlackBoardSample" methodname="ValidateBlackBoardSample" classname="ArcBT.Tests.BTFileValidationTests" runstate="Runnable" seed="1869960974" result="Passed" start-time="2025-07-26 16:08:04Z" end-time="2025-07-26 16:08:04Z" duration="0.001042" asserts="0">
              <properties>
                <property name="Description" value="blackboard_sample.btの詳細検証" />
                <property name="retryIteration" value="0" />
                <property name="repeatIteration" value="0" />
              </properties>
              <output><![CDATA[✅ blackboard_sample.bt validation passed
]]></output>
            </test-case>
            <test-case id="1085" name="ValidateBTFileSyntax" fullname="ArcBT.Tests.BTFileValidationTests.ValidateBTFileSyntax" methodname="ValidateBTFileSyntax" classname="ArcBT.Tests.BTFileValidationTests" runstate="Runnable" seed="2055352326" result="Passed" start-time="2025-07-26 16:08:04Z" end-time="2025-07-26 16:08:04Z" duration="0.007280" asserts="0">
              <properties>
                <property name="retryIteration" value="0" />
                <property name="repeatIteration" value="0" />
              </properties>
              <output><![CDATA[✅ All BT files have valid syntax
]]></output>
            </test-case>
            <test-case id="1083" name="ValidateDynamicConditionSample" fullname="ArcBT.Tests.BTFileValidationTests.ValidateDynamicConditionSample" methodname="ValidateDynamicConditionSample" classname="ArcBT.Tests.BTFileValidationTests" runstate="Runnable" seed="1364536074" result="Passed" start-time="2025-07-26 16:08:04Z" end-time="2025-07-26 16:08:04Z" duration="0.001286" asserts="0">
              <properties>
                <property name="Description" value="dynamic_condition_sample.btの詳細検証" />
                <property name="retryIteration" value="0" />
                <property name="repeatIteration" value="0" />
              </properties>
              <output><![CDATA[Actual children count: 3
Child 0: healthy_combat
Child 1: safe_healing
Child 2: Action:MoveToPosition
✅ dynamic_condition_sample.bt validation passed
]]></output>
            </test-case>
            <test-case id="1086" name="ValidateRequiredFilesExist" fullname="ArcBT.Tests.BTFileValidationTests.ValidateRequiredFilesExist" methodname="ValidateRequiredFilesExist" classname="ArcBT.Tests.BTFileValidationTests" runstate="Runnable" seed="1581302097" result="Passed" start-time="2025-07-26 16:08:04Z" end-time="2025-07-26 16:08:04Z" duration="0.000407" asserts="0">
              <properties>
                <property name="retryIteration" value="0" />
                <property name="repeatIteration" value="0" />
              </properties>
              <output><![CDATA[✅ All required BT files exist
]]></output>
            </test-case>
            <test-case id="1082" name="ValidateTeamCoordinationSample" fullname="ArcBT.Tests.BTFileValidationTests.ValidateTeamCoordinationSample" methodname="ValidateTeamCoordinationSample" classname="ArcBT.Tests.BTFileValidationTests" runstate="Runnable" seed="1912445" result="Passed" start-time="2025-07-26 16:08:04Z" end-time="2025-07-26 16:08:04Z" duration="0.000799" asserts="0">
              <properties>
                <property name="Description" value="team_coordination_sample.btの詳細検証" />
                <property name="retryIteration" value="0" />
                <property name="repeatIteration" value="0" />
              </properties>
              <output><![CDATA[✅ team_coordination_sample.bt validation passed
]]></output>
            </test-case>
          </test-suite>
          <test-suite type="TestFixture" id="1087" name="BTLoggerPerformanceTests" fullname="ArcBT.Tests.BTLoggerPerformanceTests" classname="ArcBT.Tests.BTLoggerPerformanceTests" runstate="Runnable" testcasecount="7" result="Passed" start-time="2025-07-26 16:08:04Z" end-time="2025-07-26 16:08:06Z" duration="1.479076" total="7" passed="7" failed="0" inconclusive="0" skipped="0" asserts="0">
            <properties />
            <test-case id="1091" name="TestConcurrentAccess" fullname="ArcBT.Tests.BTLoggerPerformanceTests.TestConcurrentAccess" methodname="TestConcurrentAccess" classname="ArcBT.Tests.BTLoggerPerformanceTests" runstate="Runnable" seed="1126846087" result="Passed" start-time="2025-07-26 16:08:04Z" end-time="2025-07-26 16:08:05Z" duration="0.507023" asserts="0">
              <properties>
                <property name="_JOINTYPE" value="UnityCombinatorial" />
                <property name="retryIteration" value="0" />
                <property name="repeatIteration" value="0" />
              </properties>
              <output><![CDATA[[INF][SYS]: Task 0 - Message 0
[INF][SYS]: Task 0 - Message 1
[INF][SYS]: Task 0 - Message 2
[INF][SYS]: Task 0 - Message 3
[INF][SYS]: Task 0 - Message 4
[INF][SYS]: Task 0 - Message 5
[INF][SYS]: Task 0 - Message 6
[INF][SYS]: Task 0 - Message 7
[INF][SYS]: Task 0 - Message 8
[INF][SYS]: Task 0 - Message 9
[INF][SYS]: Task 0 - Message 10
[INF][SYS]: Task 0 - Message 11
[INF][SYS]: Task 0 - Message 12
[INF][SYS]: Task 0 - Message 13
[INF][SYS]: Task 0 - Message 14
[INF][SYS]: Task 0 - Message 15
[INF][SYS]: Task 0 - Message 16
[INF][SYS]: Task 0 - Message 17
[INF][SYS]: Task 0 - Message 18
[INF][SYS]: Task 0 - Message 19
[INF][SYS]: Task 0 - Message 20
[INF][SYS]: Task 0 - Message 21
[INF][SYS]: Task 0 - Message 22
[INF][SYS]: Task 0 - Message 23
[INF][SYS]: Task 0 - Message 24
[INF][SYS]: Task 0 - Message 25
[INF][SYS]: Task 0 - Message 26
[INF][SYS]: Task 0 - Message 27
[INF][SYS]: Task 0 - Message 28
[INF][SYS]: Task 0 - Message 29
[INF][SYS]: Task 0 - Message 30
[INF][SYS]: Task 0 - Message 31
[INF][SYS]: Task 0 - Message 32
[INF][SYS]: Task 0 - Message 33
[INF][SYS]: Task 0 - Message 34
[INF][SYS]: Task 0 - Message 35
[INF][SYS]: Task 0 - Message 36
[INF][SYS]: Task 0 - Message 37
[INF][SYS]: Task 0 - Message 38
[INF][SYS]: Task 0 - Message 39
[INF][SYS]: Task 0 - Message 40
[INF][SYS]: Task 0 - Message 41
[INF][SYS]: Task 0 - Message 42
[INF][SYS]: Task 0 - Message 43
[INF][SYS]: Task 0 - Message 44
[INF][SYS]: Task 0 - Message 45
[...]
[INF][PRS]: 🔍 Creating node: Condition EnemyCheck
[INF][PRS]: 🚀 Creating Condition with script 'EnemyCheck'
[INF][PRS]: ✅ Created EnemyCheckCondition for script 'EnemyCheck'
[INF][PRS]: 🔍 Creating node: Action AttackEnemy
[INF][PRS]: 🚀 Creating Action with script 'AttackEnemy'
[INF][PRS]: ✅ Created AttackEnemyAction for script 'AttackEnemy'
[INF][PRS]: 🔍 Creating node: Sequence healthy_combat
[INF][PRS]: 🔍 Creating node: Condition HealthCheck
[INF][PRS]: 🚀 Creating Condition with script 'HealthCheck'
[INF][PRS]: ✅ Created HealthCheckCondition for script 'HealthCheck'
[INF][PRS]: 🔍 Creating node: Action MoveToPosition
[INF][PRS]: 🚀 Creating Action with script 'MoveToPosition'
[INF][PRS]: ✅ Created MoveToPositionAction for script 'MoveToPosition'
[INF][PRS]: 🔍 Creating node: Action Wait
[INF][PRS]: 🚀 Creating Action with script 'Wait'
[INF][PRS]: ✅ Created WaitAction for script 'Wait'
[INF][PRS]: 🔍 Creating node: Sequence safe_healing
[INF][PRS]: 🔍 Creating node: Action MoveToPosition
[INF][PRS]: 🚀 Creating Action with script 'MoveToPosition'
[INF][PRS]: ✅ Created MoveToPositionAction for script 'MoveToPosition'
[INF][PRS]: 🔍 Creating node: Selector main
✅ Structure validation passed for: dynamic_condition_sample.bt
]]></output>
            </test-case>
          </test-suite>
          <test-suite type="TestFixture" id="1139" name="ConditionNodeTests" fullname="ArcBT.Tests.ConditionNodeTests" classname="ArcBT.Tests.ConditionNodeTests" runstate="Runnable" testcasecount="22" result="Passed" start-time="2025-07-26 16:08:06Z" end-time="2025-07-26 16:08:06Z" duration="0.055643" total="22" passed="22" failed="0" inconclusive="0" skipped="0" asserts="0">
            <properties />
            <test-case id="1160" name="ConditionNodes_BlackBoardInteraction_SharesStateCorrectly" fullname="ArcBT.Tests.ConditionNodeTests.ConditionNodes_BlackBoardInteraction_SharesStateCorrectly" methodname="ConditionNodes_BlackBoardInteraction_SharesStateCorrectly" classname="ArcBT.Tests.ConditionNodeTests" runstate="Runnable" seed="584149035" result="Passed" start-time="2025-07-26 16:08:06Z" end-time="2025-07-26 16:08:06Z" duration="0.001872" asserts="0">
              <properties>
                <property name="retryIteration" value="0" />
                <property name="repeatIteration" value="0" />
              </properties>
              <output><![CDATA[[INF][BBD]: 🗂️ BlackBoard[新規]: has_enemy_info = True
[INF][BBD]: 🗂️ BlackBoard[新規]: enemy_target = SharedEnemy (UnityEngine.GameObject)
HasSharedEnemyInfo: Enemy info available - Target: 'SharedEnemy'
[INF][BBD]: 🗂️ BlackBoard[新規]: nearest_enemy = null
]]></output>
            </test-case>
            <test-case id="1159" name="ConditionNodes_ChainEvaluation_WorksCorrectly" fullname="ArcBT.Tests.ConditionNodeTests.ConditionNodes_ChainEvaluation_WorksCorrectly" methodname="ConditionNodes_ChainEvaluation_WorksCorrectly" classname="ArcBT.Tests.ConditionNodeTests" runstate="Runnable" seed="812966242" result="Passed" start-time="2025-07-26 16:08:06Z" end-time="2025-07-26 16:08:06Z" duration="0.028302" asserts="0">
              <properties>
                <property name="retryIteration" value="0" />
                <property name="repeatIteration" value="0" />
              </properties>
              <output><![CDATA[[INF][BBD]: 🗂️ BlackBoard[新規]: current_health = 80
[INF][BBD]: 🗂️ BlackBoard[新規]: health_status = healthy
[INF][BBD]: 🗂️ BlackBoard[新規]: min_health_threshold = 50
🔵 HasMana: 十分なマナあり (70/100 >= 30)
]]></output>
            </test-case>
            <test-case id="1161" name="ConditionNodes_PerformanceTest_EvaluatesQuickly" fullname="ArcBT.Tests.ConditionNodeTests.ConditionNodes_PerformanceTest_EvaluatesQuickly" methodname="ConditionNodes_PerformanceTest_EvaluatesQuickly" classname="ArcBT.Tests.ConditionNodeTests" runstate="Runnable" seed="861688714" result="Passed" start-time="2025-07-26 16:08:06Z" end-time="2025-07-26 16:08:06Z" duration="0.000503" asserts="0">
              <properties>
                <property name="retryIteration" value="0" />
                <property name="repeatIteration" value="0" />
              </properties>
            </test-case>
            <test-case id="1149" name="EnemyCheckCondition_SetProperty_SetsCorrectRange" fullname="ArcBT.Tests.ConditionNodeTests.EnemyCheckCondition_SetProperty_SetsCorrectRange" methodname="EnemyCheckCondition_SetProperty_SetsCorrectRange" classname="ArcBT.Tests.ConditionNodeTests" runstate="Runnable" seed="595312398" result="Passed" start-time="2025-07-26 16:08:06Z" end-time="2025-07-26 16:08:06Z" duration="0.000565" asserts="0">
              <properties>
                <property name="retryIteration" value="0" />
                <property name="repeatIteration" value="0" />
              </properties>
              <output><![CDATA[=== EnemyCheckCondition '' EXECUTING ===
EnemyCheck '': No enemies in range 15 ✗
]]></output>
            </test-case>
            <test-case id="1150" name="EnemyCheckCondition_WithEnemyInRange_ReturnsSuccess" fullname="ArcBT.Tests.ConditionNodeTests.EnemyCheckCondition_WithEnemyInRange_ReturnsSuccess" methodname="EnemyCheckCondition_WithEnemyInRange_ReturnsSuccess" classname="ArcBT.Tests.ConditionNodeTests" runstate="Runnable" seed="2090220643" result="Passed" start-time="2025-07-26 16:08:06Z" end-time="2025-07-26 16:08:06Z" duration="0.000403" asserts="0">
              <properties>
                <property name="retryIteration" value="0" />
                <property name="repeatIteration" value="0" />
              </properties>
              <output><![CDATA[=== EnemyCheckCondition '' EXECUTING ===
EnemyCheck '': No enemies in range 10 ✗
]]></output>
            </test-case>
            <test-case id="1154" name="EnemyInRangeCondition_SetProperty_SetsCorrectRange" fullname="ArcBT.Tests.ConditionNodeTests.EnemyInRangeCondition_SetProperty_SetsCorrectRange" methodname="EnemyInRangeCondition_SetProperty_SetsCorrectRange" classname="ArcBT.Tests.ConditionNodeTests" runstate="Runnable" seed="961202048" result="Passed" start-time="2025-07-26 16:08:06Z" end-time="2025-07-26 16:08:06Z" duration="0.000275" asserts="0">
              <properties>
                <property name="retryIteration" value="0" />
                <property name="repeatIteration" value="0" />
              </properties>
              <output><![CDATA[[INF][BBD]: 🗂️ BlackBoard[新規]: nearest_enemy = null
]]></output>
            </test-case>
            <test-case id="1158" name="HasItemCondition_WithoutRequiredItem_ReturnsFailure" fullname="ArcBT.Tests.ConditionNodeTests.HasItemCondition_WithoutRequiredItem_ReturnsFailure" methodname="HasItemCondition_WithoutRequiredItem_ReturnsFailure" classname="ArcBT.Tests.ConditionNodeTests" runstate="Runnable" seed="582027907" result="Passed" start-time="2025-07-26 16:08:06Z" end-time="2025-07-26 16:08:06Z" duration="0.001108" asserts="0">
              <properties>
                <property name="retryIteration" value="0" />
                <property name="repeatIteration" value="0" />
              </properties>
              <output><![CDATA[HasItem '': No Inventory component found on TestOwner
=== HasItemCondition '' EXECUTING ===
HasItem '': No inventory component - assuming no items
]]></output>
            </test-case>
            <test-case id="1157" name="HasItemCondition_WithRequiredItem_ReturnsSuccess" fullname="ArcBT.Tests.ConditionNodeTests.HasItemCondition_WithRequiredItem_ReturnsSuccess" methodname="HasItemCondition_WithRequiredItem_ReturnsSuccess" classname="ArcBT.Tests.ConditionNodeTests" runstate="Runnable" seed="897293699" result="Passed" start-time="2025-07-26 16:08:06Z" end-time="2025-07-26 16:08:06Z" duration="0.000984" asserts="0">
              <properties>
                <property name="retryIteration" value="0" />
                <property name="repeatIteration" value="0" />
              </properties>
              <output><![CDATA[Inventory: Added new item type health_potion x3
=== HasItemCondition '' EXECUTING ===
HasItem '': Checking for 'health_potion' = FOUND ✓
]]></output>
            </test-case>
            <test-case id="1152" name="HasManaCondition_WithInsufficientMana_ReturnsFailure" fullname="ArcBT.Tests.ConditionNodeTests.HasManaCondition_WithInsufficientMana_ReturnsFailure" methodname="HasManaCondition_WithInsufficientMana_ReturnsFailure" classname="ArcBT.Tests.ConditionNodeTests" runstate="Runnable" seed="1570700768" result="Passed" start-time="2025-07-26 16:08:06Z" end-time="2025-07-26 16:08:06Z" duration="0.000309" asserts="0">
              <properties>
                <property name="retryIteration" value="0" />
                <property name="repeatIteration" value="0" />
              </properties>
              <output><![CDATA[🔴 HasMana: マナ不足 (30/100 < 50)
]]></output>
            </test-case>
            <test-case id="1153" name="HasManaCondition_WithoutManaComponent_ReturnsFailure" fullname="ArcBT.Tests.ConditionNodeTests.HasManaCondition_WithoutManaComponent_ReturnsFailure" methodname="HasManaCondition_WithoutManaComponent_ReturnsFailure" classname="ArcBT.Tests.ConditionNodeTests" runstate="Runnable" seed="79042489" result="Passed" start-time="2025-07-26 16:08:06Z" end-time="2025-07-26 16:08:06Z" duration="0.000269" asserts="0">
              <properties>
                <property name="retryIteration" value="0" />
                <property name="repeatIteration" value="0" />
              </properties>
              <output><![CDATA[⚠️ HasMana: Manaコンポーネントが見つかりません
]]></output>
            </test-case>
            <test-case id="1151" name="HasManaCondition_WithSufficientMana_ReturnsSuccess" fullname="ArcBT.Tests.ConditionNodeTests.HasManaCondition_WithSufficientMana_ReturnsSuccess" methodname="HasManaCondition_WithSufficientMana_ReturnsSuccess" classname="ArcBT.Tests.ConditionNodeTests" runstate="Runnable" seed="1048493475" result="Passed" start-time="2025-07-26 16:08:06Z" end-time="2025-07-26 16:08:06Z" duration="0.000295" asserts="0">
              <properties>
                <property name="retryIteration" value="0" />
                <property name="repeatIteration" value="0" />
              </properties>
              <output><![CDATA[🔵 HasMana: 十分なマナあり (80/100 >= 50)
]]></output>
            </test-case>
            <test-case id="1140" name="HasSharedEnemyInfoCondition_SetProperty_SetsCorrectKey" fullname="ArcBT.Tests.ConditionNodeTests.HasSharedEnemyInfoCondition_SetProperty_SetsCorrectKey" methodname="HasSharedEnemyInfoCondition_SetProperty_SetsCorrectKey" classname="ArcBT.Tests.ConditionNodeTests" runstate="Runnable" seed="1337527260" result="Passed" start-time="2025-07-26 16:08:06Z" end-time="2025-07-26 16:08:06Z" duration="0.000448" asserts="0">
              <properties>
                <property name="retryIteration" value="0" />
                <property name="repeatIteration" value="0" />
              </properties>
              <output><![CDATA[[INF][BBD]: 🗂️ BlackBoard[新規]: custom_enemy_key = True
[INF][BBD]: 🗂️ BlackBoard[新規]: enemy_target = Enemy (UnityEngine.GameObject)
HasSharedEnemyInfo: Enemy info available - Target: 'Enemy'
]]></output>
            </test-case>
            <test-case id="1144" name="HasSharedEnemyInfoCondition_WithInactiveEnemy_ReturnsFailure" fullname="ArcBT.Tests.ConditionNodeTests.HasSharedEnemyInfoCondition_WithInactiveEnemy_ReturnsFailure" methodname="HasSharedEnemyInfoCondition_WithInactiveEnemy_ReturnsFailure" classname="ArcBT.Tests.ConditionNodeTests" runstate="Runnable" seed="760180621" result="Passed" start-time="2025-07-26 16:08:06Z" end-time="2025-07-26 16:08:06Z" duration="0.000427" asserts="0">
              <properties>
                <property name="retryIteration" value="0" />
                <property name="repeatIteration" value="0" />
              </properties>
              <output><![CDATA[[INF][BBD]: 🗂️ BlackBoard[新規]: has_enemy_info = True
[INF][BBD]: 🗂️ BlackBoard[新規]: enemy_target = InactiveEnemy (UnityEngine.GameObject)
HasSharedEnemyInfo: No valid enemy info in BlackBoard
]]></output>
            </test-case>
            <test-case id="1143" name="HasSharedEnemyInfoCondition_WithNullBlackBoard_ReturnsFailure" fullname="ArcBT.Tests.ConditionNodeTests.HasSharedEnemyInfoCondition_WithNullBlackBoard_ReturnsFailure" methodname="HasSharedEnemyInfoCondition_WithNullBlackBoard_ReturnsFailure" classname="ArcBT.Tests.ConditionNodeTests" runstate="Runnable" seed="1020332023" result="Passed" start-time="2025-07-26 16:08:06Z" end-time="2025-07-26 16:08:06Z" duration="0.000653" asserts="0">
              <properties>
                <property name="retryIteration" value="0" />
                <property name="repeatIteration" value="0" />
              </properties>
              <output><![CDATA[HasSharedEnemyInfo: BlackBoard is null
]]></output>
            </test-case>
            <test-case id="1142" name="HasSharedEnemyInfoCondition_WithoutEnemyInfo_ReturnsFailure" fullname="ArcBT.Tests.ConditionNodeTests.HasSharedEnemyInfoCondition_WithoutEnemyInfo_ReturnsFailure" methodname="HasSharedEnemyInfoCondition_WithoutEnemyInfo_ReturnsFailure" classname="ArcBT.Tests.ConditionNodeTests" runstate="Runnable" seed="1623760000" result="Passed" start-time="2025-07-26 16:08:06Z" end-time="2025-07-26 16:08:06Z" duration="0.000307" asserts="0">
              <properties>
                <property name="retryIteration" value="0" />
                <property name="repeatIteration" value="0" />
              </properties>
              <output><![CDATA[[INF][BBD]: 🗂️ BlackBoard[新規]: has_enemy_info = False
HasSharedEnemyInfo: No valid enemy info in BlackBoard
]]></output>
            </test-case>
            <test-case id="1141" name="HasSharedEnemyInfoCondition_WithValidEnemyInfo_ReturnsSuccess" fullname="ArcBT.Tests.ConditionNodeTests.HasSharedEnemyInfoCondition_WithValidEnemyInfo_ReturnsSuccess" methodname="HasSharedEnemyInfoCondition_WithValidEnemyInfo_ReturnsSuccess" classname="ArcBT.Tests.ConditionNodeTests" runstate="Runnable" seed="2045467730" result="Passed" start-time="2025-07-26 16:08:06Z" end-time="2025-07-26 16:08:06Z" duration="0.000454" asserts="0">
              <properties>
                <property name="retryIteration" value="0" />
                <property name="repeatIteration" value="0" />
              </properties>
              <output><![CDATA[[INF][BBD]: 🗂️ BlackBoard[新規]: has_enemy_info = True
[INF][BBD]: 🗂️ BlackBoard[新規]: enemy_target = TestEnemy (UnityEngine.GameObject)
HasSharedEnemyInfo: Enemy info available - Target: 'TestEnemy'
]]></output>
            </test-case>
            <test-case id="1148" name="HealthCheckCondition_InSafetyPeriod_SkipsCheck" fullname="ArcBT.Tests.ConditionNodeTests.HealthCheckCondition_InSafetyPeriod_SkipsCheck" methodname="HealthCheckCondition_InSafetyPeriod_SkipsCheck" classname="ArcBT.Tests.ConditionNodeTests" runstate="Runnable" seed="1507957021" result="Passed" start-time="2025-07-26 16:08:06Z" end-time="2025-07-26 16:08:06Z" duration="0.000387" asserts="0">
              <properties>
                <property name="retryIteration" value="0" />
                <property name="repeatIteration" value="0" />
              </properties>
              <output><![CDATA[HealthCheck '': In safety period - skipping emergency check
]]></output>
            </test-case>
            <test-case id="1146" name="HealthCheckCondition_WithInsufficientHealth_ReturnsFailure" fullname="ArcBT.Tests.ConditionNodeTests.HealthCheckCondition_WithInsufficientHealth_ReturnsFailure" methodname="HealthCheckCondition_WithInsufficientHealth_ReturnsFailure" classname="ArcBT.Tests.ConditionNodeTests" runstate="Runnable" seed="1574069489" result="Passed" start-time="2025-07-26 16:08:06Z" end-time="2025-07-26 16:08:06Z" duration="0.000447" asserts="0">
              <properties>
                <property name="retryIteration" value="0" />
                <property name="repeatIteration" value="0" />
              </properties>
              <output><![CDATA[[INF][BBD]: 🗂️ BlackBoard[新規]: current_health = 30
[INF][BBD]: 🗂️ BlackBoard[新規]: health_status = low_health
[INF][BBD]: 🗂️ BlackBoard[新規]: min_health_threshold = 50
HealthCheck '': Current health = 30, Required = 50
HealthCheck '': Result = FAILURE ✗
]]></output>
            </test-case>
            <test-case id="1147" name="HealthCheckCondition_WithoutHealthComponent_ReturnsFailure" fullname="ArcBT.Tests.ConditionNodeTests.HealthCheckCondition_WithoutHealthComponent_ReturnsFailure" methodname="HealthCheckCondition_WithoutHealthComponent_ReturnsFailure" classname="ArcBT.Tests.ConditionNodeTests" runstate="Runnable" seed="766286291" result="Passed" start-time="2025-07-26 16:08:06Z" end-time="2025-07-26 16:08:06Z" duration="0.001454" asserts="0">
              <properties>
                <property name="retryIteration" value="0" />
                <property name="repeatIteration" value="0" />
              </properties>
              <output><![CDATA[HealthCheck: No Health component found on TestOwner
HealthCheck '': Health component is null - trying to find it again
HealthCheck '': Still no Health component found!
]]></output>
            </test-case>
            <test-case id="1145" name="HealthCheckCondition_WithSufficientHealth_ReturnsSuccess" fullname="ArcBT.Tests.ConditionNodeTests.HealthCheckCondition_WithSufficientHealth_ReturnsSuccess" methodname="HealthCheckCondition_WithSufficientHealth_ReturnsSuccess" classname="ArcBT.Tests.ConditionNodeTests" runstate="Runnable" seed="139635058" result="Passed" start-time="2025-07-26 16:08:06Z" end-time="2025-07-26 16:08:06Z" duration="0.000569" asserts="0">
              <properties>
                <property name="retryIteration" value="0" />
                <property name="repeatIteration" value="0" />
              </properties>
              <output><![CDATA[[INF][BBD]: 🗂️ BlackBoard[新規]: current_health = 80
[INF][BBD]: 🗂️ BlackBoard[新規]: health_status = healthy
[INF][BBD]: 🗂️ BlackBoard[新規]: min_health_threshold = 50
]]></output>
            </test-case>
            <test-case id="1155" name="IsInitializedCondition_WithInitializedFlag_ReturnsSuccess" fullname="ArcBT.Tests.ConditionNodeTests.IsInitializedCondition_WithInitializedFlag_ReturnsSuccess" methodname="IsInitializedCondition_WithInitializedFlag_ReturnsSuccess" classname="ArcBT.Tests.ConditionNodeTests" runstate="Runnable" seed="1274368652" result="Passed" start-time="2025-07-26 16:08:06Z" end-time="2025-07-26 16:08:06Z" duration="0.000317" asserts="0">
              <properties>
                <property name="retryIteration" value="0" />
                <property name="repeatIteration" value="0" />
              </properties>
            </test-case>
            <test-case id="1156" name="IsInitializedCondition_WithoutInitializedFlag_InitializesAndReturnsSuccess" fullname="ArcBT.Tests.ConditionNodeTests.IsInitializedCondition_WithoutInitializedFlag_InitializesAndReturnsSuccess" methodname="IsInitializedCondition_WithoutInitializedFlag_InitializesAndReturnsSuccess" classname="ArcBT.Tests.ConditionNodeTests" runstate="Runnable" seed="1873422073" result="Passed" start-time="2025-07-26 16:08:06Z" end-time="2025-07-26 16:08:06Z" duration="0.000316" asserts="0">
              <properties>
                <property name="retryIteration" value="0" />
                <property name="repeatIteration" value="0" />
              </properties>
              <output><![CDATA[IsInitialized: System initialized
Saving results to: C:/Users/myunp/AppData/LocalLow/DefaultCompany/AIBTree\TestResults.xml
]]></output>
            </test-case>
          </test-suite>
        </test-suite>
      </test-suite>
    </test-suite>
  </test-suite>
</test-run>