<?xml version="1.0" encoding="utf-8"?>
<test-run id="2" testcasecount="324" result="Passed" total="324" passed="324" failed="0" inconclusive="0" skipped="0" asserts="0" engine-version="3.5.0.0" clr-version="4.0.30319.42000" start-time="2025-07-28 12:09:38Z" end-time="2025-07-28 12:09:42Z" duration="4.2379619">
  <test-suite type="TestSuite" id="1358" name="AIBTree" fullname="AIBTree" runstate="Runnable" testcasecount="328" result="Passed" start-time="2025-07-28 12:09:38Z" end-time="2025-07-28 12:09:42Z" duration="4.237962" total="324" passed="324" failed="0" inconclusive="0" skipped="0" asserts="0">
    <properties>
      <property name="platform" value="PlayMode" />
    </properties>
    <test-suite type="Assembly" id="1351" name="ArcBT.Tests.dll" fullname="C:/Users/myunp/workspace/AIBTree/Library/ScriptAssemblies/ArcBT.Tests.dll" runstate="Runnable" testcasecount="328" result="Passed" start-time="2025-07-28 12:09:38Z" end-time="2025-07-28 12:09:42Z" duration="4.221564" total="324" passed="324" failed="0" inconclusive="0" skipped="0" asserts="0">
      <properties>
        <property name="_PID" value="122852" />
        <property name="_APPDOMAIN" value="Unity Child Domain" />
        <property name="platform" value="PlayMode" />
        <property name="EditorOnly" value="False" />
      </properties>
      <test-suite type="TestSuite" id="1352" name="ArcBT" fullname="ArcBT" runstate="Runnable" testcasecount="328" result="Passed" start-time="2025-07-28 12:09:38Z" end-time="2025-07-28 12:09:42Z" duration="4.213231" total="324" passed="324" failed="0" inconclusive="0" skipped="0" asserts="0">
        <properties />
        <test-suite type="TestSuite" id="1353" name="Tests" fullname="ArcBT.Tests" runstate="Runnable" testcasecount="328" result="Passed" start-time="2025-07-28 12:09:38Z" end-time="2025-07-28 12:09:42Z" duration="4.204767" total="324" passed="324" failed="0" inconclusive="0" skipped="0" asserts="0">
          <properties />
          <test-suite type="TestFixture" id="1001" name="BehaviourTreeRunnerTests" fullname="ArcBT.Tests.BehaviourTreeRunnerTests" classname="ArcBT.Tests.BehaviourTreeRunnerTests" runstate="Runnable" testcasecount="22" result="Passed" start-time="2025-07-28 12:09:38Z" end-time="2025-07-28 12:09:38Z" duration="0.418772" total="22" passed="22" failed="0" inconclusive="0" skipped="0" asserts="0">
            <properties />
            <test-case id="1002" name="BehaviourTreeRunner_Awake_InitializesComponents" fullname="ArcBT.Tests.BehaviourTreeRunnerTests.BehaviourTreeRunner_Awake_InitializesComponents" methodname="BehaviourTreeRunner_Awake_InitializesComponents" classname="ArcBT.Tests.BehaviourTreeRunnerTests" runstate="Runnable" seed="178826584" result="Passed" start-time="2025-07-28 12:09:38Z" end-time="2025-07-28 12:09:38Z" duration="0.013867" asserts="0">
              <properties>
                <property name="Description" value="BehaviourTreeRunnerのAwake実行時にBlackBoard等のコンポーネントが正しく初期化されることを確認" />
                <property name="retryIteration" value="0" />
                <property name="repeatIteration" value="0" />
              </properties>
            </test-case>
            <test-case id="1003" name="BehaviourTreeRunner_Start_LoadsBehaviourTreeFromFile" fullname="ArcBT.Tests.BehaviourTreeRunnerTests.BehaviourTreeRunner_Start_LoadsBehaviourTreeFromFile" methodname="BehaviourTreeRunner_Start_LoadsBehaviourTreeFromFile" classname="ArcBT.Tests.BehaviourTreeRunnerTests" runstate="Runnable" seed="50634755" result="Passed" start-time="2025-07-28 12:09:38Z" end-time="2025-07-28 12:09:38Z" duration="0.011255" asserts="0">
              <properties>
                <property name="Description" value="BehaviourTreeRunnerのStart実行時に指定されたファイルからBehaviourTreeが正しくロードされることを確認" />
                <property name="retryIteration" value="0" />
                <property name="repeatIteration" value="0" />
              </properties>
              <output><![CDATA[[INF][PRS]: 📋 Parsing tree: TestTree
[INF][PRS]: 🔍 Creating node: Action Wait
[DBG][PRS]: 🔍 Properties: duration=1.0
[INF][PRS]: 🚀 Creating Action with script 'Wait'
[DBG][PRS]: 🔧 CreateNodeFromScript: script='Wait', type='Action'
[INF][PRS]: ✅ Created action for script 'Wait'
[INF][PRS]: 🔍 Creating node: Sequence Root
[DBG][PRS]: 🔍 Properties: 
[DBG][PRS]: 🔧 Creating composite node: Sequence
[DBG][PRS]: ✅ Successfully parsed tree 'TestTree' with root node: Root
[INF][SYS][Root]: ✅ Initialized node: Root
[INF][SYS][Action:Wait]: ✅ Initialized node: Action:Wait
[INF][SYS]: Successfully loaded behaviour tree from: C:\Users\myunp\AppData\Local\Temp\tmp691683e1.tmp
[INF][SYS]: Root node: Root
[INF][SYS][Root]: Root
[INF][SYS][Action:Wait]:   Action:Wait
]]></output>
            </test-case>
            <test-case id="1013" name="BlackBoard_GetBlackBoardContents_ReturnsCorrectInfo" fullname="ArcBT.Tests.BehaviourTreeRunnerTests.BlackBoard_GetBlackBoardContents_ReturnsCorrectInfo" methodname="BlackBoard_GetBlackBoardContents_ReturnsCorrectInfo" classname="ArcBT.Tests.BehaviourTreeRunnerTests" runstate="Runnable" seed="1676215155" result="Passed" start-time="2025-07-28 12:09:38Z" end-time="2025-07-28 12:09:38Z" duration="0.003199" asserts="0">
              <properties>
                <property name="Description" value="GetBlackBoardContentsメソッドがBlackBoardの内容を正しい形式で文字列として返すことを確認" />
                <property name="retryIteration" value="0" />
                <property name="repeatIteration" value="0" />
              </properties>
              <output><![CDATA[[INF][BBD]: 🗂️ BlackBoard[新規]: enemy_count = 3
[INF][BBD]: 🗂️ BlackBoard[新規]: player_position = (1.00, 2.00, 3.00)
]]></output>
            </test-case>
            <test-case id="1012" name="BlackBoard_Integration_SharesDataBetweenNodes" fullname="ArcBT.Tests.BehaviourTreeRunnerTests.BlackBoard_Integration_SharesDataBetweenNodes" methodname="BlackBoard_Integration_SharesDataBetweenNodes" classname="ArcBT.Tests.BehaviourTreeRunnerTests" runstate="Runnable" seed="1165375103" result="Passed" start-time="2025-07-28 12:09:38Z" end-time="2025-07-28 12:09:38Z" duration="0.005726" asserts="0">
              <properties>
                <property name="Description" value="複数のノード間でBlackBoardを介したデータ共有が正しく機能することを確認する統合テスト" />
                <property name="retryIteration" value="0" />
                <property name="repeatIteration" value="0" />
              </properties>
              <output><![CDATA[[INF][SYS]: EnvironmentScan: Enemies:0, Items:0, Threat:safe
[INF][BBD]: 🗂️ BlackBoard[新規]: current_action = RandomWander
[INF][MOV]: RandomWander: New target set at (-5.34, 0.00, -4.80)
[INF][BBD]: 🗂️ BlackBoard[新規]: wander_target = (-5.34, 0.00, -4.80)
[INF][MOV]: RandomWander: Moving to target - Distance: 7.2
[INF][SYS]: Execution result: Running
[INF][SYS]: BlackBoard keys count: 11
[INF][SYS]: BlackBoard key: environment_scan_time = 0.4
[INF][SYS]: BlackBoard key: enemies_detected = 0
[INF][SYS]: BlackBoard key: items_detected = 0
[INF][SYS]: BlackBoard key: interactables_detected = 0
[INF][SYS]: BlackBoard key: scan_radius_used = 15.0
[INF][SYS]: BlackBoard key: threat_level = safe
[INF][SYS]: BlackBoard key: current_action = RandomWander
[INF][SYS]: BlackBoard key: is_patrolling = True
[INF][SYS]: BlackBoard key: is_in_combat = False
[INF][SYS]: BlackBoard key: wander_target = (-5.3, 0.0, -4.8)
[INF][SYS]: BlackBoard key: wander_distance_remaining = 7.2
]]></output>
            </test-case>
            <test-case id="1020" name="ComplexTree_NestedStructure_ExecutesCorrectly" fullname="ArcBT.Tests.BehaviourTreeRunnerTests.ComplexTree_NestedStructure_ExecutesCorrectly" methodname="ComplexTree_NestedStructure_ExecutesCorrectly" classname="ArcBT.Tests.BehaviourTreeRunnerTests" runstate="Runnable" seed="2117873759" result="Passed" start-time="2025-07-28 12:09:38Z" end-time="2025-07-28 12:09:38Z" duration="0.004078" asserts="0">
              <properties>
                <property name="Description" value="複雑なネスト構造を持つBehaviourTreeが正しく実行されることを確認する統合テスト" />
                <property name="retryIteration" value="0" />
                <property name="repeatIteration" value="0" />
              </properties>
            </test-case>
            <test-case id="1011" name="ExecuteOnce_WithNullRoot_ReturnsFailure" fullname="ArcBT.Tests.BehaviourTreeRunnerTests.ExecuteOnce_WithNullRoot_ReturnsFailure" methodname="ExecuteOnce_WithNullRoot_ReturnsFailure" classname="ArcBT.Tests.BehaviourTreeRunnerTests" runstate="Runnable" seed="2022447562" result="Passed" start-time="2025-07-28 12:09:38Z" end-time="2025-07-28 12:09:38Z" duration="0.001628" asserts="0">
              <properties>
                <property name="Description" value="ルートノードがnullの状態でExecuteOnceを実行するとFailureが返されることを確認" />
                <property name="retryIteration" value="0" />
                <property name="repeatIteration" value="0" />
              </properties>
            </test-case>
            <test-case id="1010" name="ExecuteOnce_WithSimpleAction_ReturnsResult" fullname="ArcBT.Tests.BehaviourTreeRunnerTests.ExecuteOnce_WithSimpleAction_ReturnsResult" methodname="ExecuteOnce_WithSimpleAction_ReturnsResult" classname="ArcBT.Tests.BehaviourTreeRunnerTests" runstate="Runnable" seed="761430157" result="Passed" start-time="2025-07-28 12:09:38Z" end-time="2025-07-28 12:09:38Z" duration="0.001254" asserts="0">
              <properties>
                <property name="Description" value="シンプルなアクションを設定した状態でExecuteOnceを実行すると適切な結果が返されることを確認" />
                <property name="retryIteration" value="0" />
                <property name="repeatIteration" value="0" />
              </properties>
              <output><![CDATA[[INF][SYS]: === WaitAction '' EXECUTING ===
[INF][SYS]: Wait '': Starting wait for 0.1 seconds ⏱️
[INF][SYS]: Wait '': Waiting... (0.1s remaining) ⏳
]]></output>
            </test-case>
            <test-case id="1022" name="Integration_FullBehaviourTreeExecution_WorksCorrectly" fullname="ArcBT.Tests.BehaviourTreeRunnerTests.Integration_FullBehaviourTreeExecution_WorksCorrectly" methodname="Integration_FullBehaviourTreeExecution_WorksCorrectly" classname="ArcBT.Tests.BehaviourTreeRunnerTests" runstate="Runnable" seed="53379418" result="Passed" start-time="2025-07-28 12:09:38Z" end-time="2025-07-28 12:09:38Z" duration="0.095534" asserts="0">
              <properties>
                <property name="_JOINTYPE" value="UnityCombinatorial" />
                <property name="retryIteration" value="0" />
                <property name="repeatIteration" value="0" />
              </properties>
              <output><![CDATA[[INF][PRS]: 📋 Parsing tree: IntegrationTest
[INF][PRS]: 🔍 Creating node: Action ScanEnvironment
[DBG][PRS]: 🔍 Properties: scan_radius=10.0, scan_interval=0.0
[INF][PRS]: 🚀 Creating Action with script 'ScanEnvironment'
[DBG][PRS]: 🔧 CreateNodeFromScript: script='ScanEnvironment', type='Action'
[INF][PRS]: ✅ Created action for script 'ScanEnvironment'
[INF][PRS]: 🔍 Creating node: Action RandomWander
[DBG][PRS]: 🔍 Properties: speed=3.0, wander_radius=5.0
[INF][PRS]: 🚀 Creating Action with script 'RandomWander'
[DBG][PRS]: 🔧 CreateNodeFromScript: script='RandomWander', type='Action'
[INF][PRS]: ✅ Created action for script 'RandomWander'
[INF][PRS]: 🔍 Creating node: Sequence ScanAndWander
[DBG][PRS]: 🔍 Properties: 
[DBG][PRS]: 🔧 Creating composite node: Sequence
[INF][PRS]: 🔍 Creating node: Action Wait
[DBG][PRS]: 🔍 Properties: duration=0.5
[INF][PRS]: 🚀 Creating Action with script 'Wait'
[DBG][PRS]: 🔧 CreateNodeFromScript: script='Wait', type='Action'
[INF][PRS]: ✅ Created action for script 'Wait'
[INF][PRS]: 🔍 Creating node: Selector MainSelector
[DBG][PRS]: 🔍 Properties: 
[DBG][PRS]: 🔧 Creating composite node: Selector
[DBG][PRS]: ✅ Successfully parsed tree 'IntegrationTest' with root node: MainSelector
[INF][SYS][MainSelector]: ✅ Initialized node: MainSelector
[INF][SYS][ScanAndWander]: ✅ Initialized node: ScanAndWander
[INF][SYS][Action:ScanEnvironment]: ✅ Initialized node: Action:ScanEnvironment
[INF][SYS][Action:RandomWander]: ✅ Initialized node: Action:RandomWander
[INF][SYS][Action:Wait]: ✅ Initialized node: Action:Wait
[INF][SYS]: Successfully loaded behaviour tree from: C:\Users\myunp\AppData\Local\Temp\tmp57343c38.tmp
[INF][SYS]: Root node: MainSelector
[INF][SYS][MainSelector]: MainSelector
[INF][SYS][ScanAndWander]:   ScanAndWander
[INF][SYS][Action:ScanEnvironment]:     Action:ScanEnvironment
[INF][SYS][Action:RandomWander]:     Action:RandomWander
[INF][SYS][Action:Wait]:   Action:Wait
[INF][SYS][Action:ScanEnvironment]: EnvironmentScan: Enemies:0, Items:0, Threat:safe
[INF][BBD]: 🗂️ BlackBoard[新規]: current_action = RandomWander
[INF][MOV][Action:RandomWander]: RandomWander: New target set at (-0.18, 0.00, 3.16)
[INF][BBD]: 🗂️ BlackBoard[新規]: movement_target = (-0.18, 0.00, 3.16)
[INF][BBD]: 🗂️ BlackBoard[新規]: wander_target = (-0.18, 0.00, 3.16)
[INF][MOV][Action:RandomWander]: RandomWander: Moving to target - Distance: 3.2
[INF][SYS][MainSelector]: BT[MainSelector] → Running (実行回数: 1, 時刻: 0.5s)
[DBG][BBD]: BlackBoard更新: environment_scan_time=0.5301073, enemies_detected=0, items_detected=0, interactables_detected=0, scan_radius_used=10, threat_level=safe, current_action=RandomWander, is_patrolling=True, is_in_combat=False, movement_target=(-0.18, 0.00, 3.16), is_moving=True, wander_target=(-0.18, 0.00, 3.16), wander_distance_remaining=3.164138
]]></output>
            </test-case>
            <test-case id="1017" name="LoadBehaviourTree_EmptyFilePath_HandlesGracefully" fullname="ArcBT.Tests.BehaviourTreeRunnerTests.LoadBehaviourTree_EmptyFilePath_HandlesGracefully" methodname="LoadBehaviourTree_EmptyFilePath_HandlesGracefully" classname="ArcBT.Tests.BehaviourTreeRunnerTests" runstate="Runnable" seed="294264598" result="Passed" start-time="2025-07-28 12:09:38Z" end-time="2025-07-28 12:09:38Z" duration="0.002932" asserts="0">
              <properties>
                <property name="Description" value="空のファイルパスを指定した場合にLoadBehaviourTreeが適切にエラーハンドリングすることを確認" />
                <property name="retryIteration" value="0" />
                <property name="repeatIteration" value="0" />
              </properties>
              <output><![CDATA[[ERR][SYS]: BT file not found: 
]]></output>
            </test-case>
            <test-case id="1006" name="LoadBehaviourTree_InvalidContent_HandlesGracefully" fullname="ArcBT.Tests.BehaviourTreeRunnerTests.LoadBehaviourTree_InvalidContent_HandlesGracefully" methodname="LoadBehaviourTree_InvalidContent_HandlesGracefully" classname="ArcBT.Tests.BehaviourTreeRunnerTests" runstate="Runnable" seed="1054873668" result="Passed" start-time="2025-07-28 12:09:38Z" end-time="2025-07-28 12:09:38Z" duration="0.003198" asserts="0">
              <properties>
                <property name="Description" value="無効なBT形式のファイルを指定した場合にLoadBehaviourTreeが適切にエラーハンドリングすることを確認" />
                <property name="retryIteration" value="0" />
                <property name="repeatIteration" value="0" />
              </properties>
              <output><![CDATA[[ERR][PRS]: No tree definition found
[ERR][PRS]: Failed to parse behaviour tree: C:\Users\myunp\AppData\Local\Temp\tmp1034285d.tmp
]]></output>
            </test-case>
            <test-case id="1005" name="LoadBehaviourTree_NonExistentFile_HandlesGracefully" fullname="ArcBT.Tests.BehaviourTreeRunnerTests.LoadBehaviourTree_NonExistentFile_HandlesGracefully" methodname="LoadBehaviourTree_NonExistentFile_HandlesGracefully" classname="ArcBT.Tests.BehaviourTreeRunnerTests" runstate="Runnable" seed="1563889000" result="Passed" start-time="2025-07-28 12:09:38Z" end-time="2025-07-28 12:09:38Z" duration="0.001364" asserts="0">
              <properties>
                <property name="Description" value="存在しないファイルを指定した場合にLoadBehaviourTreeが適切にエラーハンドリングすることを確認" />
                <property name="retryIteration" value="0" />
                <property name="repeatIteration" value="0" />
              </properties>
              <output><![CDATA[[ERR][SYS]: BT file not found: non_existent_file.bt
]]></output>
            </test-case>
            <test-case id="1018" name="LoadBehaviourTree_NullFilePath_HandlesGracefully" fullname="ArcBT.Tests.BehaviourTreeRunnerTests.LoadBehaviourTree_NullFilePath_HandlesGracefully" methodname="LoadBehaviourTree_NullFilePath_HandlesGracefully" classname="ArcBT.Tests.BehaviourTreeRunnerTests" runstate="Runnable" seed="259053686" result="Passed" start-time="2025-07-28 12:09:38Z" end-time="2025-07-28 12:09:38Z" duration="0.001421" asserts="0">
              <properties>
                <property name="Description" value="nullのファイルパスを指定した場合にLoadBehaviourTreeが適切にエラーハンドリングすることを確認" />
                <property name="retryIteration" value="0" />
                <property name="repeatIteration" value="0" />
              </properties>
              <output><![CDATA[[ERR][SYS]: Error loading behaviour tree: Object reference not set to an instance of an object
]]></output>
            </test-case>
            <test-case id="1004" name="LoadBehaviourTree_ValidFile_LoadsCorrectly" fullname="ArcBT.Tests.BehaviourTreeRunnerTests.LoadBehaviourTree_ValidFile_LoadsCorrectly" methodname="LoadBehaviourTree_ValidFile_LoadsCorrectly" classname="ArcBT.Tests.BehaviourTreeRunnerTests" runstate="Runnable" seed="1445628750" result="Passed" start-time="2025-07-28 12:09:38Z" end-time="2025-07-28 12:09:38Z" duration="0.002655" asserts="0">
              <properties>
                <property name="Description" value="有効なBTファイルを指定した場合にLoadBehaviourTreeが正しくツリー構造をロードすることを確認" />
                <property name="retryIteration" value="0" />
                <property name="repeatIteration" value="0" />
              </properties>
              <output><![CDATA[[INF][PRS]: 📋 Parsing tree: SimpleTree
[INF][PRS]: 🔍 Creating node: Action RandomWander
[DBG][PRS]: 🔍 Properties: speed=2.0
[INF][PRS]: 🚀 Creating Action with script 'RandomWander'
[DBG][PRS]: 🔧 CreateNodeFromScript: script='RandomWander', type='Action'
[INF][PRS]: ✅ Created action for script 'RandomWander'
[INF][PRS]: 🔍 Creating node: Selector Root
[DBG][PRS]: 🔍 Properties: 
[DBG][PRS]: 🔧 Creating composite node: Selector
[DBG][PRS]: ✅ Successfully parsed tree 'SimpleTree' with root node: Root
[INF][SYS][Root]: ✅ Initialized node: Root
[INF][SYS][Action:RandomWander]: ✅ Initialized node: Action:RandomWander
[INF][SYS]: Successfully loaded behaviour tree from: C:\Users\myunp\AppData\Local\Temp\tmp60ea37d2.tmp
[INF][SYS]: Root node: Root
[INF][SYS][Root]: Root
[INF][SYS][Action:RandomWander]:   Action:RandomWander
]]></output>
            </test-case>
            <test-case id="1021" name="ParallelExecution_MultipleActions_ExecutesCorrectly" fullname="ArcBT.Tests.BehaviourTreeRunnerTests.ParallelExecution_MultipleActions_ExecutesCorrectly" methodname="ParallelExecution_MultipleActions_ExecutesCorrectly" classname="ArcBT.Tests.BehaviourTreeRunnerTests" runstate="Runnable" seed="964473488" result="Passed" start-time="2025-07-28 12:09:38Z" end-time="2025-07-28 12:09:38Z" duration="0.001646" asserts="0">
              <properties>
                <property name="Description" value="複数のアクションを並列実行するBTParallelNodeが正しく動作することを確認" />
                <property name="retryIteration" value="0" />
                <property name="repeatIteration" value="0" />
              </properties>
              <output><![CDATA[[INF][SYS]: === WaitAction '' EXECUTING ===
[INF][SYS]: Wait '': Starting wait for 0.1 seconds ⏱️
[INF][SYS]: Wait '': Waiting... (0.1s remaining) ⏳
[INF][BBD]: 🗂️ BlackBoard[新規]: current_action = RandomWander
[INF][MOV]: RandomWander: New target set at (7.40, 0.00, -6.30)
[INF][BBD]: 🗂️ BlackBoard[新規]: wander_target = (7.40, 0.00, -6.30)
[INF][MOV]: RandomWander: Moving to target - Distance: 9.7
]]></output>
            </test-case>
            <test-case id="1023" name="PerformanceTest_MultipleExecutions_CompletesQuickly" fullname="ArcBT.Tests.BehaviourTreeRunnerTests.PerformanceTest_MultipleExecutions_CompletesQuickly" methodname="PerformanceTest_MultipleExecutions_CompletesQuickly" classname="ArcBT.Tests.BehaviourTreeRunnerTests" runstate="Runnable" seed="413149784" result="Passed" start-time="2025-07-28 12:09:38Z" end-time="2025-07-28 12:09:38Z" duration="0.008265" asserts="0">
              <properties>
                <property name="Description" value="大量のノード実行（100回）が適切な時間内（100ms以内）で完了することを確認する性能テスト" />
                <property name="retryIteration" value="0" />
                <property name="repeatIteration" value="0" />
              </properties>
              <output><![CDATA[[INF][SYS]: === WaitAction '' EXECUTING ===
[INF][SYS]: Wait '': Starting wait for 0.01 seconds ⏱️
[INF][SYS]: Wait '': Waiting... (0.0s remaining) ⏳
[INF][SYS]: === WaitAction '' EXECUTING ===
[INF][SYS]: Wait '': Waiting... (0.0s remaining) ⏳
[INF][SYS]: === WaitAction '' EXECUTING ===
[INF][SYS]: Wait '': Waiting... (0.0s remaining) ⏳
[INF][SYS]: === WaitAction '' EXECUTING ===
[INF][SYS]: Wait '': Waiting... (0.0s remaining) ⏳
[INF][SYS]: === WaitAction '' EXECUTING ===
[INF][SYS]: Wait '': Waiting... (0.0s remaining) ⏳
[INF][SYS]: === WaitAction '' EXECUTING ===
[INF][SYS]: Wait '': Waiting... (0.0s remaining) ⏳
[INF][SYS]: === WaitAction '' EXECUTING ===
[INF][SYS]: Wait '': Waiting... (0.0s remaining) ⏳
[INF][SYS]: === WaitAction '' EXECUTING ===
[INF][SYS]: Wait '': Waiting... (0.0s remaining) ⏳
[INF][SYS]: === WaitAction '' EXECUTING ===
[INF][SYS]: Wait '': Waiting... (0.0s remaining) ⏳
[INF][SYS]: === WaitAction '' EXECUTING ===
[INF][SYS]: Wait '': Waiting... (0.0s remaining) ⏳
[INF][SYS]: === WaitAction '' EXECUTING ===
[INF][SYS]: Wait '': Waiting... (0.0s remaining) ⏳
[INF][SYS]: === WaitAction '' EXECUTING ===
[INF][SYS]: Wait '': Waiting... (0.0s remaining) ⏳
[INF][SYS]: === WaitAction '' EXECUTING ===
[INF][SYS]: Wait '': Waiting... (0.0s remaining) ⏳
[INF][SYS]: === WaitAction '' EXECUTING ===
[INF][SYS]: Wait '': Waiting... (0.0s remaining) ⏳
[INF][SYS]: === WaitAction '' EXECUTING ===
[INF][SYS]: Wait '': Waiting... (0.0s remaining) ⏳
[INF][SYS]: === WaitAction '' EXECUTING ===
[INF][SYS]: Wait '': Waiting... (0.0s remaining) ⏳
[INF][SYS]: === WaitAction '' EXECUTING ===
[INF][SYS]: Wait '': Waiting... (0.0s remaining) ⏳
[INF][SYS]: === WaitAction '' EXECUTING ===
[INF][SYS]: Wait '': Waiting... (0.0s remaining) ⏳
[INF][SYS]: === WaitAction '' EXECUTING ===
[INF][SYS]: Wait '': Waiting... (0.0s remaining) ⏳
[INF][SYS]: === WaitAction '' EXECUTING ===
[INF][SYS]: Wait '': Waiting... (0.0s remaining) ⏳
[INF][SYS]: === WaitAction '' EXECUTING ===
[INF][SYS]: Wait '': Waiting... (0.0s remaining) ⏳
[INF][SYS]: === WaitAction '' EXECUTING ===
[INF][SYS]: Wait '': Waiting... (0.0s remaining) ⏳
[INF][SYS]: === WaitAction '' EXECUTING ===
[INF][SYS]: Wait '': Waiting... (0.0s remaining) ⏳
[INF][SYS]: === WaitAction '' EXECUTING ===
[INF][SYS]: Wait '': Waiting... (0.0s remaining) ⏳
[INF][SYS]: === WaitAction '' EXECUTING ===
[INF][SYS]: Wait '': Waiting... (0.0s remaining) ⏳
[INF][SYS]: === WaitAction '' EXECUTING ===
[INF][SYS]: Wait '': Waiting... (0.0s remaining) ⏳
[INF][SYS]: === WaitAction '' EXECUTING ===
[INF][SYS]: Wait '': Waiting... (0.0s remaining) ⏳
[INF][SYS]: === WaitAction '' EXECUTING ===
[INF][SYS]: Wait '': Waiting... (0.0s remaining) ⏳
[INF][SYS]: === WaitAction '' EXECUTING ===
[INF][SYS]: Wait '': Waiting... (0.0s remaining) ⏳
[INF][SYS]: === WaitAction '' EXECUTING ===
[INF][SYS]: Wait '': Waiting... (0.0s remaining) ⏳
[INF][SYS]: === WaitAction '' EXECUTING ===
[INF][SYS]: Wait '': Waiting... (0.0s remaining) ⏳
[INF][SYS]: === WaitAction '' EXECUTING ===
[INF][SYS]: Wait '': Waiting... (0.0s remaining) ⏳
[INF][SYS]: === WaitAction '' EXECUTING ===
[INF][SYS]: Wait '': Waiting... (0.0s remaining) ⏳
[INF][SYS]: === WaitAction '' EXECUTING ===
[INF][SYS]: Wait '': Waiting... (0.0s remaining) ⏳
[INF][SYS]: === WaitAction '' EXECUTING ===
[INF][SYS]: Wait '': Waiting... (0.0s remaining) ⏳
[INF][SYS]: === WaitAction '' EXECUTING ===
[INF][SYS]: Wait '': Waiting... (0.0s remaining) ⏳
[INF][SYS]: === WaitAction '' EXECUTING ===
[INF][SYS]: Wait '': Waiting... (0.0s remaining) ⏳
[INF][SYS]: === WaitAction '' EXECUTING ===
[INF][SYS]: Wait '': Waiting... (0.0s remaining) ⏳
[INF][SYS]: === WaitAction '' EXECUTING ===
[INF][SYS]: Wait '': Waiting... (0.0s remaining) ⏳
[INF][SYS]: === WaitAction '' EXECUTING ===
[INF][SYS]: Wait '': Waiting... (0.0s remaining) ⏳
[INF][SYS]: === WaitAction '' EXECUTING ===
[INF][SYS]: Wait '': Waiting... (0.0s remaining) ⏳
[INF][SYS]: === WaitAction '' EXECUTING ===
[INF][SYS]: Wait '': Waiting... (0.0s remaining) ⏳
[INF][SYS]: === WaitAction '' EXECUTING ===
[INF][SYS]: Wait '': Waiting... (0.0s remaining) ⏳
[INF][SYS]: === WaitAction '' EXECUTING ===
[INF][SYS]: Wait '': Waiting... (0.0s remaining) ⏳
[INF][SYS]: === WaitAction '' EXECUTING ===
[INF][SYS]: Wait '': Waiting... (0.0s remaining) ⏳
[INF][SYS]: === WaitAction '' EXECUTING ===
[INF][SYS]: Wait '': Waiting... (0.0s remaining) ⏳
[INF][SYS]: === WaitAction '' EXECUTING ===
[INF][SYS]: Wait '': Waiting... (0.0s remaining) ⏳
[INF][SYS]: === WaitAction '' EXECUTING ===
[INF][SYS]: Wait '': Waiting... (0.0s remaining) ⏳
[INF][SYS]: === WaitAction '' EXECUTING ===
[INF][SYS]: Wait '': Waiting... (0.0s remaining) ⏳
[INF][SYS]: === WaitAction '' EXECUTING ===
[INF][SYS]: Wait '': Waiting... (0.0s remaining) ⏳
[INF][SYS]: === WaitAction '' EXECUTING ===
[INF][SYS]: Wait '': Waiting... (0.0s remaining) ⏳
[INF][SYS]: === WaitAction '' EXECUTING ===
[INF][SYS]: Wait '': Waiting... (0.0s remaining) ⏳
[INF][SYS]: === WaitAction '' EXECUTING ===
[INF][SYS]: Wait '': Waiting... (0.0s remaining) ⏳
[INF][SYS]: === WaitAction '' EXECUTING ===
[INF][SYS]: Wait '': Waiting... (0.0s remaining) ⏳
[INF][SYS]: === WaitAction '' EXECUTING ===
[INF][SYS]: Wait '': Waiting... (0.0s remaining) ⏳
[INF][SYS]: === WaitAction '' EXECUTING ===
[INF][SYS]: Wait '': Waiting... (0.0s remaining) ⏳
[INF][SYS]: === WaitAction '' EXECUTING ===
[INF][SYS]: Wait '': Waiting... (0.0s remaining) ⏳
[INF][SYS]: === WaitAction '' EXECUTING ===
[INF][SYS]: Wait '': Waiting... (0.0s remaining) ⏳
[INF][SYS]: === WaitAction '' EXECUTING ===
[INF][SYS]: Wait '': Waiting... (0.0s remaining) ⏳
[INF][SYS]: === WaitAction '' EXECUTING ===
[INF][SYS]: Wait '': Waiting... (0.0s remaining) ⏳
[INF][SYS]: === WaitAction '' EXECUTING ===
[INF][SYS]: Wait '': Waiting... (0.0s remaining) ⏳
[INF][SYS]: === WaitAction '' EXECUTING ===
[INF][SYS]: Wait '': Waiting... (0.0s remaining) ⏳
[INF][SYS]: === WaitAction '' EXECUTING ===
[INF][SYS]: Wait '': Waiting... (0.0s remaining) ⏳
[INF][SYS]: === WaitAction '' EXECUTING ===
[INF][SYS]: Wait '': Waiting... (0.0s remaining) ⏳
[INF][SYS]: === WaitAction '' EXECUTING ===
[INF][SYS]: Wait '': Waiting... (0.0s remaining) ⏳
[INF][SYS]: === WaitAction '' EXECUTING ===
[INF][SYS]: Wait '': Waiting... (0.0s remaining) ⏳
[INF][SYS]: === WaitAction '' EXECUTING ===
[INF][SYS]: Wait '': Waiting... (0.0s remaining) ⏳
[INF][SYS]: === WaitAction '' EXECUTING ===
[INF][SYS]: Wait '': Waiting... (0.0s remaining) ⏳
[INF][SYS]: === WaitAction '' EXECUTING ===
[INF][SYS]: Wait '': Waiting... (0.0s remaining) ⏳
[INF][SYS]: === WaitAction '' EXECUTING ===
[INF][SYS]: Wait '': Waiting... (0.0s remaining) ⏳
[INF][SYS]: === WaitAction '' EXECUTING ===
[INF][SYS]: Wait '': Waiting... (0.0s remaining) ⏳
[INF][SYS]: === WaitAction '' EXECUTING ===
[INF][SYS]: Wait '': Waiting... (0.0s remaining) ⏳
[INF][SYS]: === WaitAction '' EXECUTING ===
[INF][SYS]: Wait '': Waiting... (0.0s remaining) ⏳
[INF][SYS]: === WaitAction '' EXECUTING ===
[INF][SYS]: Wait '': Waiting... (0.0s remaining) ⏳
[INF][SYS]: === WaitAction '' EXECUTING ===
[INF][SYS]: Wait '': Waiting... (0.0s remaining) ⏳
[INF][SYS]: === WaitAction '' EXECUTING ===
[INF][SYS]: Wait '': Waiting... (0.0s remaining) ⏳
[INF][SYS]: === WaitAction '' EXECUTING ===
[INF][SYS]: Wait '': Waiting... (0.0s remaining) ⏳
[INF][SYS]: === WaitAction '' EXECUTING ===
[INF][SYS]: Wait '': Waiting... (0.0s remaining) ⏳
[INF][SYS]: === WaitAction '' EXECUTING ===
[INF][SYS]: Wait '': Waiting... (0.0s remaining) ⏳
[INF][SYS]: === WaitAction '' EXECUTING ===
[INF][SYS]: Wait '': Waiting... (0.0s remaining) ⏳
[INF][SYS]: === WaitAction '' EXECUTING ===
[INF][SYS]: Wait '': Waiting... (0.0s remaining) ⏳
[INF][SYS]: === WaitAction '' EXECUTING ===
[INF][SYS]: Wait '': Waiting... (0.0s remaining) ⏳
[INF][SYS]: === WaitAction '' EXECUTING ===
[INF][SYS]: Wait '': Waiting... (0.0s remaining) ⏳
[INF][SYS]: === WaitAction '' EXECUTING ===
[INF][SYS]: Wait '': Waiting... (0.0s remaining) ⏳
[INF][SYS]: === WaitAction '' EXECUTING ===
[INF][SYS]: Wait '': Waiting... (0.0s remaining) ⏳
[INF][SYS]: === WaitAction '' EXECUTING ===
[INF][SYS]: Wait '': Waiting... (0.0s remaining) ⏳
[INF][SYS]: === WaitAction '' EXECUTING ===
[INF][SYS]: Wait '': Waiting... (0.0s remaining) ⏳
[INF][SYS]: === WaitAction '' EXECUTING ===
[INF][SYS]: Wait '': Waiting... (0.0s remaining) ⏳
[INF][SYS]: === WaitAction '' EXECUTING ===
[INF][SYS]: Wait '': Waiting... (0.0s remaining) ⏳
[INF][SYS]: === WaitAction '' EXECUTING ===
[INF][SYS]: Wait '': Waiting... (0.0s remaining) ⏳
[INF][SYS]: === WaitAction '' EXECUTING ===
[INF][SYS]: Wait '': Waiting... (0.0s remaining) ⏳
[INF][SYS]: === WaitAction '' EXECUTING ===
[INF][SYS]: Wait '': Waiting... (0.0s remaining) ⏳
[INF][SYS]: === WaitAction '' EXECUTING ===
[INF][SYS]: Wait '': Waiting... (0.0s remaining) ⏳
[INF][SYS]: === WaitAction '' EXECUTING ===
[INF][SYS]: Wait '': Waiting... (0.0s remaining) ⏳
[INF][SYS]: === WaitAction '' EXECUTING ===
[INF][SYS]: Wait '': Waiting... (0.0s remaining) ⏳
[INF][SYS]: === WaitAction '' EXECUTING ===
[INF][SYS]: Wait '': Waiting... (0.0s remaining) ⏳
[INF][SYS]: === WaitAction '' EXECUTING ===
[INF][SYS]: Wait '': Waiting... (0.0s remaining) ⏳
[INF][SYS]: === WaitAction '' EXECUTING ===
[INF][SYS]: Wait '': Waiting... (0.0s remaining) ⏳
[INF][SYS]: === WaitAction '' EXECUTING ===
[INF][SYS]: Wait '': Waiting... (0.0s remaining) ⏳
[INF][SYS]: === WaitAction '' EXECUTING ===
[INF][SYS]: Wait '': Waiting... (0.0s remaining) ⏳
]]></output>
            </test-case>
            <test-case id="1014" name="ResetTreeState_ClearsBlackBoardAndResets" fullname="ArcBT.Tests.BehaviourTreeRunnerTests.ResetTreeState_ClearsBlackBoardAndResets" methodname="ResetTreeState_ClearsBlackBoardAndResets" classname="ArcBT.Tests.BehaviourTreeRunnerTests" runstate="Runnable" seed="1744633619" result="Passed" start-time="2025-07-28 12:09:38Z" end-time="2025-07-28 12:09:38Z" duration="0.002327" asserts="0">
              <properties>
                <property name="Description" value="ResetTreeState実行時にBlackBoardがクリアされ、ツリー状態がリセットされることを確認" />
                <property name="retryIteration" value="0" />
                <property name="repeatIteration" value="0" />
              </properties>
              <output><![CDATA[[INF][BBD]: 🗂️ BlackBoard: Cleared all data
[INF][SYS]: Behaviour tree state reset
]]></output>
            </test-case>
            <test-case id="1016" name="SetDebugMode_UpdatesCorrectly" fullname="ArcBT.Tests.BehaviourTreeRunnerTests.SetDebugMode_UpdatesCorrectly" methodname="SetDebugMode_UpdatesCorrectly" classname="ArcBT.Tests.BehaviourTreeRunnerTests" runstate="Runnable" seed="1651132043" result="Passed" start-time="2025-07-28 12:09:38Z" end-time="2025-07-28 12:09:38Z" duration="0.001007" asserts="0">
              <properties>
                <property name="Description" value="SetDebugModeメソッドでデバッグモードの有効/無効が正しく設定されることを確認" />
                <property name="retryIteration" value="0" />
                <property name="repeatIteration" value="0" />
              </properties>
            </test-case>
            <test-case id="1008" name="SetRootNode_InitializesBlackBoard" fullname="ArcBT.Tests.BehaviourTreeRunnerTests.SetRootNode_InitializesBlackBoard" methodname="SetRootNode_InitializesBlackBoard" classname="ArcBT.Tests.BehaviourTreeRunnerTests" runstate="Runnable" seed="1862105724" result="Passed" start-time="2025-07-28 12:09:38Z" end-time="2025-07-28 12:09:38Z" duration="0.000769" asserts="0">
              <properties>
                <property name="Description" value="SetRootNode実行時にBlackBoardが初期化され、ノードがBlackBoardと関連付けられることを確認" />
                <property name="retryIteration" value="0" />
                <property name="repeatIteration" value="0" />
              </properties>
            </test-case>
            <test-case id="1019" name="SetRootNode_NullNode_HandlesGracefully" fullname="ArcBT.Tests.BehaviourTreeRunnerTests.SetRootNode_NullNode_HandlesGracefully" methodname="SetRootNode_NullNode_HandlesGracefully" classname="ArcBT.Tests.BehaviourTreeRunnerTests" runstate="Runnable" seed="395929512" result="Passed" start-time="2025-07-28 12:09:38Z" end-time="2025-07-28 12:09:38Z" duration="0.000829" asserts="0">
              <properties>
                <property name="Description" value="nullノードを指定した場合にSetRootNodeが適切にハンドリングすることを確認" />
                <property name="retryIteration" value="0" />
                <property name="repeatIteration" value="0" />
              </properties>
            </test-case>
            <test-case id="1007" name="SetRootNode_ValidNode_SetsCorrectly" fullname="ArcBT.Tests.BehaviourTreeRunnerTests.SetRootNode_ValidNode_SetsCorrectly" methodname="SetRootNode_ValidNode_SetsCorrectly" classname="ArcBT.Tests.BehaviourTreeRunnerTests" runstate="Runnable" seed="803522031" result="Passed" start-time="2025-07-28 12:09:38Z" end-time="2025-07-28 12:09:38Z" duration="0.000869" asserts="0">
              <properties>
                <property name="Description" value="有効なノードを指定した場合にSetRootNodeが正しくルートノードを設定することを確認" />
                <property name="retryIteration" value="0" />
                <property name="repeatIteration" value="0" />
              </properties>
            </test-case>
            <test-case id="1015" name="SetTickInterval_UpdatesCorrectly" fullname="ArcBT.Tests.BehaviourTreeRunnerTests.SetTickInterval_UpdatesCorrectly" methodname="SetTickInterval_UpdatesCorrectly" classname="ArcBT.Tests.BehaviourTreeRunnerTests" runstate="Runnable" seed="1928803167" result="Passed" start-time="2025-07-28 12:09:38Z" end-time="2025-07-28 12:09:38Z" duration="0.000761" asserts="0">
              <properties>
                <property name="Description" value="SetTickIntervalメソッドで実行間隔が正しく設定されることを確認" />
                <property name="retryIteration" value="0" />
                <property name="repeatIteration" value="0" />
              </properties>
            </test-case>
            <test-case id="1009" name="Update_WithValidTree_ExecutesCorrectly" fullname="ArcBT.Tests.BehaviourTreeRunnerTests.Update_WithValidTree_ExecutesCorrectly" methodname="Update_WithValidTree_ExecutesCorrectly" classname="ArcBT.Tests.BehaviourTreeRunnerTests" runstate="Runnable" seed="247748933" result="Passed" start-time="2025-07-28 12:09:38Z" end-time="2025-07-28 12:09:38Z" duration="0.230248" asserts="0">
              <properties>
                <property name="_JOINTYPE" value="UnityCombinatorial" />
                <property name="retryIteration" value="0" />
                <property name="repeatIteration" value="0" />
              </properties>
              <output><![CDATA[[INF][SYS]: === WaitAction '' EXECUTING ===
[INF][SYS]: Wait '': Starting wait for 0.1 seconds ⏱️
[INF][SYS]: Wait '': Waiting... (0.1s remaining) ⏳
[INF][SYS]: BT[] → Running (実行回数: 1, 時刻: 0.7s)
[INF][SYS]: === WaitAction '' EXECUTING ===
[INF][SYS]: Wait '': Wait completed ✅ (waited 0.1s)
[INF][SYS]: BT[] → Success [状態変化] (実行回数: 2, 時刻: 0.8s)
]]></output>
            </test-case>
          </test-suite>
          <test-suite type="TestFixture" id="1024" name="BlackBoardTests" fullname="ArcBT.Tests.BlackBoardTests" classname="ArcBT.Tests.BlackBoardTests" runstate="Runnable" testcasecount="34" result="Passed" start-time="2025-07-28 12:09:38Z" end-time="2025-07-28 12:09:38Z" duration="0.059154" total="34" passed="34" failed="0" inconclusive="0" skipped="0" asserts="0">
            <properties />
            <test-case id="1033" name="Clear_WithData_RemovesAllData" fullname="ArcBT.Tests.BlackBoardTests.Clear_WithData_RemovesAllData" methodname="Clear_WithData_RemovesAllData" classname="ArcBT.Tests.BlackBoardTests" runstate="Runnable" seed="1987040079" result="Passed" start-time="2025-07-28 12:09:38Z" end-time="2025-07-28 12:09:38Z" duration="0.000525" asserts="0">
              <properties>
                <property name="Description" value="データが存在する状態でClearを実行すると全データが削除されることを確認" />
                <property name="retryIteration" value="0" />
                <property name="repeatIteration" value="0" />
              </properties>
              <output><![CDATA[[INF][BBD]: 🗂️ BlackBoard: Cleared all data
]]></output>
            </test-case>
            <test-case id="1056" name="DebugLog_WithData_LogsAllContents" fullname="ArcBT.Tests.BlackBoardTests.DebugLog_WithData_LogsAllContents" methodname="DebugLog_WithData_LogsAllContents" classname="ArcBT.Tests.BlackBoardTests" runstate="Runnable" seed="936281447" result="Passed" start-time="2025-07-28 12:09:38Z" end-time="2025-07-28 12:09:38Z" duration="0.000519" asserts="0">
              <properties>
                <property name="Description" value="データがある状態でDebugLogを実行すると全ての内容がログ出力されることを確認" />
                <property name="retryIteration" value="0" />
                <property name="repeatIteration" value="0" />
              </properties>
              <output><![CDATA[[INF][BBD]: 🗂️ BlackBoard Contents:
[INF][BBD]:   - test_string: hello (String)
[INF][BBD]:   - test_int: 42 (Int32)
]]></output>
            </test-case>
            <test-case id="1042" name="GetAllKeys_EmptyBlackBoard_ReturnsEmptyArray" fullname="ArcBT.Tests.BlackBoardTests.GetAllKeys_EmptyBlackBoard_ReturnsEmptyArray" methodname="GetAllKeys_EmptyBlackBoard_ReturnsEmptyArray" classname="ArcBT.Tests.BlackBoardTests" runstate="Runnable" seed="1601079422" result="Passed" start-time="2025-07-28 12:09:38Z" end-time="2025-07-28 12:09:38Z" duration="0.000165" asserts="0">
              <properties>
                <property name="Description" value="空のBlackBoardでGetAllKeysが空の配列を返すことを確認" />
                <property name="retryIteration" value="0" />
                <property name="repeatIteration" value="0" />
              </properties>
            </test-case>
            <test-case id="1041" name="GetAllKeys_WithMultipleKeys_ReturnsAllKeys" fullname="ArcBT.Tests.BlackBoardTests.GetAllKeys_WithMultipleKeys_ReturnsAllKeys" methodname="GetAllKeys_WithMultipleKeys_ReturnsAllKeys" classname="ArcBT.Tests.BlackBoardTests" runstate="Runnable" seed="1724885411" result="Passed" start-time="2025-07-28 12:09:38Z" end-time="2025-07-28 12:09:38Z" duration="0.000845" asserts="0">
              <properties>
                <property name="Description" value="複数のキーが存在する状態でGetAllKeysが全てのキーを返すことを確認" />
                <property name="retryIteration" value="0" />
                <property name="repeatIteration" value="0" />
              </properties>
            </test-case>
            <test-case id="1047" name="GetRecentChangeSummary_CalledTwice_ClearsAfterFirst" fullname="ArcBT.Tests.BlackBoardTests.GetRecentChangeSummary_CalledTwice_ClearsAfterFirst" methodname="GetRecentChangeSummary_CalledTwice_ClearsAfterFirst" classname="ArcBT.Tests.BlackBoardTests" runstate="Runnable" seed="462875300" result="Passed" start-time="2025-07-28 12:09:38Z" end-time="2025-07-28 12:09:38Z" duration="0.000170" asserts="0">
              <properties>
                <property name="Description" value="GetRecentChangeSummaryを2回呼び出すと1回目の後に変更履歴がクリアされることを確認" />
                <property name="retryIteration" value="0" />
                <property name="repeatIteration" value="0" />
              </properties>
            </test-case>
            <test-case id="1046" name="GetRecentChangeSummary_NoChanges_ReturnsNoChangeMessage" fullname="ArcBT.Tests.BlackBoardTests.GetRecentChangeSummary_NoChanges_ReturnsNoChangeMessage" methodname="GetRecentChangeSummary_NoChanges_ReturnsNoChangeMessage" classname="ArcBT.Tests.BlackBoardTests" runstate="Runnable" seed="56404706" result="Passed" start-time="2025-07-28 12:09:38Z" end-time="2025-07-28 12:09:38Z" duration="0.000121" asserts="0">
              <properties>
                <property name="Description" value="変更がない場合GetRecentChangeSummaryが変更なしメッセージを返すことを確認" />
                <property name="retryIteration" value="0" />
                <property name="repeatIteration" value="0" />
              </properties>
            </test-case>
            <test-case id="1045" name="GetRecentChangeSummary_WithChanges_ReturnsFormattedSummary" fullname="ArcBT.Tests.BlackBoardTests.GetRecentChangeSummary_WithChanges_ReturnsFormattedSummary" methodname="GetRecentChangeSummary_WithChanges_ReturnsFormattedSummary" classname="ArcBT.Tests.BlackBoardTests" runstate="Runnable" seed="1009050667" result="Passed" start-time="2025-07-28 12:09:38Z" end-time="2025-07-28 12:09:38Z" duration="0.000160" asserts="0">
              <properties>
                <property name="Description" value="変更がある場合GetRecentChangeSummaryがフォーマットされたサマリーを返すことを確認" />
                <property name="retryIteration" value="0" />
                <property name="repeatIteration" value="0" />
              </properties>
            </test-case>
            <test-case id="1027" name="GetValue_NonExistentKey_ReturnsDefaultValue" fullname="ArcBT.Tests.BlackBoardTests.GetValue_NonExistentKey_ReturnsDefaultValue" methodname="GetValue_NonExistentKey_ReturnsDefaultValue" classname="ArcBT.Tests.BlackBoardTests" runstate="Runnable" seed="17902152" result="Passed" start-time="2025-07-28 12:09:38Z" end-time="2025-07-28 12:09:38Z" duration="0.000979" asserts="0">
              <properties>
                <property name="Description" value="存在しないキーの値を取得するとデフォルト値が返されることを確認" />
                <property name="retryIteration" value="0" />
                <property name="repeatIteration" value="0" />
              </properties>
            </test-case>
            <test-case id="1028" name="GetValue_TypeMismatch_ReturnsDefaultAndLogsWarning" fullname="ArcBT.Tests.BlackBoardTests.GetValue_TypeMismatch_ReturnsDefaultAndLogsWarning" methodname="GetValue_TypeMismatch_ReturnsDefaultAndLogsWarning" classname="ArcBT.Tests.BlackBoardTests" runstate="Runnable" seed="1804127559" result="Passed" start-time="2025-07-28 12:09:38Z" end-time="2025-07-28 12:09:38Z" duration="0.000810" asserts="0">
              <properties>
                <property name="Description" value="型が一致しない値を取得するとデフォルト値を返し警告をログ出力することを確認" />
                <property name="retryIteration" value="0" />
                <property name="repeatIteration" value="0" />
              </properties>
              <output><![CDATA[[WRN][BBD]: 🗂️ BlackBoard: Type mismatch for key 'test_key'. Expected Int32, got String
]]></output>
            </test-case>
            <test-case id="1051" name="GetValueAsString_Float_ReturnsFormattedFloat" fullname="ArcBT.Tests.BlackBoardTests.GetValueAsString_Float_ReturnsFormattedFloat" methodname="GetValueAsString_Float_ReturnsFormattedFloat" classname="ArcBT.Tests.BlackBoardTests" runstate="Runnable" seed="48859688" result="Passed" start-time="2025-07-28 12:09:38Z" end-time="2025-07-28 12:09:38Z" duration="0.000245" asserts="0">
              <properties>
                <property name="Description" value="float値をGetValueAsStringで取得するとフォーマットされた数値が返されることを確認" />
                <property name="retryIteration" value="0" />
                <property name="repeatIteration" value="0" />
              </properties>
              <output><![CDATA[[INF][BBD]: 🗂️ BlackBoard[新規]: health = 85.6789
]]></output>
            </test-case>
            <test-case id="1049" name="GetValueAsString_GameObject_ReturnsName" fullname="ArcBT.Tests.BlackBoardTests.GetValueAsString_GameObject_ReturnsName" methodname="GetValueAsString_GameObject_ReturnsName" classname="ArcBT.Tests.BlackBoardTests" runstate="Runnable" seed="1090320068" result="Passed" start-time="2025-07-28 12:09:38Z" end-time="2025-07-28 12:09:38Z" duration="0.000440" asserts="0">
              <properties>
                <property name="Description" value="GameObjectをGetValueAsStringで取得するとオブジェクト名が返されることを確認" />
                <property name="retryIteration" value="0" />
                <property name="repeatIteration" value="0" />
              </properties>
            </test-case>
            <test-case id="1053" name="GetValueAsString_NonExistentKey_ReturnsNotSet" fullname="ArcBT.Tests.BlackBoardTests.GetValueAsString_NonExistentKey_ReturnsNotSet" methodname="GetValueAsString_NonExistentKey_ReturnsNotSet" classname="ArcBT.Tests.BlackBoardTests" runstate="Runnable" seed="1408134474" result="Passed" start-time="2025-07-28 12:09:38Z" end-time="2025-07-28 12:09:38Z" duration="0.000130" asserts="0">
              <properties>
                <property name="Description" value="存在しないキーをGetValueAsStringで取得すると未設定メッセージが返されることを確認" />
                <property name="retryIteration" value="0" />
                <property name="repeatIteration" value="0" />
              </properties>
            </test-case>
            <test-case id="1052" name="GetValueAsString_NullValue_ReturnsNull" fullname="ArcBT.Tests.BlackBoardTests.GetValueAsString_NullValue_ReturnsNull" methodname="GetValueAsString_NullValue_ReturnsNull" classname="ArcBT.Tests.BlackBoardTests" runstate="Runnable" seed="1153055856" result="Passed" start-time="2025-07-28 12:09:38Z" end-time="2025-07-28 12:09:38Z" duration="0.000151" asserts="0">
              <properties>
                <property name="Description" value="null値をGetValueAsStringで取得するとnull文字列が返されることを確認" />
                <property name="retryIteration" value="0" />
                <property name="repeatIteration" value="0" />
              </properties>
            </test-case>
            <test-case id="1048" name="GetValueAsString_StringValue_ReturnsString" fullname="ArcBT.Tests.BlackBoardTests.GetValueAsString_StringValue_ReturnsString" methodname="GetValueAsString_StringValue_ReturnsString" classname="ArcBT.Tests.BlackBoardTests" runstate="Runnable" seed="1186864610" result="Passed" start-time="2025-07-28 12:09:38Z" end-time="2025-07-28 12:09:38Z" duration="0.000139" asserts="0">
              <properties>
                <property name="Description" value="文字列値をGetValueAsStringで取得すると文字列として返されることを確認" />
                <property name="retryIteration" value="0" />
                <property name="repeatIteration" value="0" />
              </properties>
            </test-case>
            <test-case id="1050" name="GetValueAsString_Vector3_ReturnsFormattedCoordinates" fullname="ArcBT.Tests.BlackBoardTests.GetValueAsString_Vector3_ReturnsFormattedCoordinates" methodname="GetValueAsString_Vector3_ReturnsFormattedCoordinates" classname="ArcBT.Tests.BlackBoardTests" runstate="Runnable" seed="443762752" result="Passed" start-time="2025-07-28 12:09:38Z" end-time="2025-07-28 12:09:38Z" duration="0.000258" asserts="0">
              <properties>
                <property name="Description" value="Vector3をGetValueAsStringで取得するとフォーマットされた座標が返されることを確認" />
                <property name="retryIteration" value="0" />
                <property name="repeatIteration" value="0" />
              </properties>
              <output><![CDATA[[INF][BBD]: 🗂️ BlackBoard[新規]: position = (1.23, 2.57, 3.89)
]]></output>
            </test-case>
            <test-case id="1035" name="GetValueType_ExistingKey_ReturnsCorrectType" fullname="ArcBT.Tests.BlackBoardTests.GetValueType_ExistingKey_ReturnsCorrectType" methodname="GetValueType_ExistingKey_ReturnsCorrectType" classname="ArcBT.Tests.BlackBoardTests" runstate="Runnable" seed="860955661" result="Passed" start-time="2025-07-28 12:09:38Z" end-time="2025-07-28 12:09:38Z" duration="0.000171" asserts="0">
              <properties>
                <property name="Description" value="存在するキーの型情報を取得すると正しい型が返されることを確認" />
                <property name="retryIteration" value="0" />
                <property name="repeatIteration" value="0" />
              </properties>
            </test-case>
            <test-case id="1036" name="GetValueType_NonExistentKey_ReturnsNull" fullname="ArcBT.Tests.BlackBoardTests.GetValueType_NonExistentKey_ReturnsNull" methodname="GetValueType_NonExistentKey_ReturnsNull" classname="ArcBT.Tests.BlackBoardTests" runstate="Runnable" seed="849223054" result="Passed" start-time="2025-07-28 12:09:38Z" end-time="2025-07-28 12:09:38Z" duration="0.000121" asserts="0">
              <properties>
                <property name="Description" value="存在しないキーの型情報を取得するとnullが返されることを確認" />
                <property name="retryIteration" value="0" />
                <property name="repeatIteration" value="0" />
              </properties>
            </test-case>
            <test-case id="1029" name="HasKey_ExistingKey_ReturnsTrue" fullname="ArcBT.Tests.BlackBoardTests.HasKey_ExistingKey_ReturnsTrue" methodname="HasKey_ExistingKey_ReturnsTrue" classname="ArcBT.Tests.BlackBoardTests" runstate="Runnable" seed="926483854" result="Passed" start-time="2025-07-28 12:09:38Z" end-time="2025-07-28 12:09:38Z" duration="0.000134" asserts="0">
              <properties>
                <property name="Description" value="存在するキーに対してHasKeyがtrueを返すことを確認" />
                <property name="retryIteration" value="0" />
                <property name="repeatIteration" value="0" />
              </properties>
            </test-case>
            <test-case id="1030" name="HasKey_NonExistentKey_ReturnsFalse" fullname="ArcBT.Tests.BlackBoardTests.HasKey_NonExistentKey_ReturnsFalse" methodname="HasKey_NonExistentKey_ReturnsFalse" classname="ArcBT.Tests.BlackBoardTests" runstate="Runnable" seed="1593440444" result="Passed" start-time="2025-07-28 12:09:38Z" end-time="2025-07-28 12:09:38Z" duration="0.000118" asserts="0">
              <properties>
                <property name="Description" value="存在しないキーに対してHasKeyがfalseを返すことを確認" />
                <property name="retryIteration" value="0" />
                <property name="repeatIteration" value="0" />
              </properties>
            </test-case>
            <test-case id="1044" name="HasRecentChanges_NoChanges_ReturnsFalse" fullname="ArcBT.Tests.BlackBoardTests.HasRecentChanges_NoChanges_ReturnsFalse" methodname="HasRecentChanges_NoChanges_ReturnsFalse" classname="ArcBT.Tests.BlackBoardTests" runstate="Runnable" seed="872598004" result="Passed" start-time="2025-07-28 12:09:38Z" end-time="2025-07-28 12:09:38Z" duration="0.000118" asserts="0">
              <properties>
                <property name="Description" value="変更がない場合HasRecentChangesがfalseを返すことを確認" />
                <property name="retryIteration" value="0" />
                <property name="repeatIteration" value="0" />
              </properties>
            </test-case>
            <test-case id="1043" name="HasRecentChanges_WithRecentChange_ReturnsTrue" fullname="ArcBT.Tests.BlackBoardTests.HasRecentChanges_WithRecentChange_ReturnsTrue" methodname="HasRecentChanges_WithRecentChange_ReturnsTrue" classname="ArcBT.Tests.BlackBoardTests" runstate="Runnable" seed="386566214" result="Passed" start-time="2025-07-28 12:09:38Z" end-time="2025-07-28 12:09:38Z" duration="0.000265" asserts="0">
              <properties>
                <property name="Description" value="最近の変更がある場合HasRecentChangesがtrueを返すことを確認" />
                <property name="retryIteration" value="0" />
                <property name="repeatIteration" value="0" />
              </properties>
              <output><![CDATA[[INF][BBD]: 🗂️ BlackBoard[新規]: enemy_position = (1.00, 0.00, 1.00)
]]></output>
            </test-case>
            <test-case id="1057" name="IntegrationTest_ComplexScenario_WorksCorrectly" fullname="ArcBT.Tests.BlackBoardTests.IntegrationTest_ComplexScenario_WorksCorrectly" methodname="IntegrationTest_ComplexScenario_WorksCorrectly" classname="ArcBT.Tests.BlackBoardTests" runstate="Runnable" seed="498416486" result="Passed" start-time="2025-07-28 12:09:38Z" end-time="2025-07-28 12:09:38Z" duration="0.001744" asserts="0">
              <properties>
                <property name="Description" value="複雑なAIシナリオでBlackBoardの全機能が正しく動作することを確認する統合テスト" />
                <property name="retryIteration" value="0" />
                <property name="repeatIteration" value="0" />
              </properties>
              <output><![CDATA[[INF][BBD]: 🗂️ BlackBoard[新規]: current_state = combat
[INF][BBD]: 🗂️ BlackBoard[新規]: enemy_target = Enemy (UnityEngine.GameObject)
[INF][BBD]: 🗂️ BlackBoard[新規]: enemy_position = (5.00, 0.00, 3.00)
[INF][BBD]: 🗂️ BlackBoard[新規]: player_health = 75.5
]]></output>
            </test-case>
            <test-case id="1058" name="PerformanceTest_ManyOperations_CompletesQuickly" fullname="ArcBT.Tests.BlackBoardTests.PerformanceTest_ManyOperations_CompletesQuickly" methodname="PerformanceTest_ManyOperations_CompletesQuickly" classname="ArcBT.Tests.BlackBoardTests" runstate="Runnable" seed="335632831" result="Passed" start-time="2025-07-28 12:09:38Z" end-time="2025-07-28 12:09:38Z" duration="0.004300" asserts="0">
              <properties>
                <property name="Description" value="大量の操作を実行しても十分な性能で完了することを確認する性能テスト" />
                <property name="retryIteration" value="0" />
                <property name="repeatIteration" value="0" />
              </properties>
            </test-case>
            <test-case id="1031" name="RemoveValue_ExistingKey_RemovesAndLogsSuccess" fullname="ArcBT.Tests.BlackBoardTests.RemoveValue_ExistingKey_RemovesAndLogsSuccess" methodname="RemoveValue_ExistingKey_RemovesAndLogsSuccess" classname="ArcBT.Tests.BlackBoardTests" runstate="Runnable" seed="1211880955" result="Passed" start-time="2025-07-28 12:09:38Z" end-time="2025-07-28 12:09:38Z" duration="0.000753" asserts="0">
              <properties>
                <property name="Description" value="存在するキーの値を削除すると正しく削除され成功ログが出力されることを確認" />
                <property name="retryIteration" value="0" />
                <property name="repeatIteration" value="0" />
              </properties>
              <output><![CDATA[[INF][BBD]: 🗂️ BlackBoard: Removed 'test_key'
]]></output>
            </test-case>
            <test-case id="1032" name="RemoveValue_NonExistentKey_DoesNotLog" fullname="ArcBT.Tests.BlackBoardTests.RemoveValue_NonExistentKey_DoesNotLog" methodname="RemoveValue_NonExistentKey_DoesNotLog" classname="ArcBT.Tests.BlackBoardTests" runstate="Runnable" seed="1396089099" result="Passed" start-time="2025-07-28 12:09:38Z" end-time="2025-07-28 12:09:38Z" duration="0.000138" asserts="0">
              <properties>
                <property name="Description" value="存在しないキーの値を削除してもログが出力されないことを確認" />
                <property name="retryIteration" value="0" />
                <property name="repeatIteration" value="0" />
              </properties>
            </test-case>
            <test-case id="1034" name="SetValue_DifferentTypes_StoresCorrectTypes" fullname="ArcBT.Tests.BlackBoardTests.SetValue_DifferentTypes_StoresCorrectTypes" methodname="SetValue_DifferentTypes_StoresCorrectTypes" classname="ArcBT.Tests.BlackBoardTests" runstate="Runnable" seed="874622678" result="Passed" start-time="2025-07-28 12:09:38Z" end-time="2025-07-28 12:09:38Z" duration="0.000370" asserts="0">
              <properties>
                <property name="Description" value="異なる型の値を設定すると各型が正しく保存・取得できることを確認" />
                <property name="retryIteration" value="0" />
                <property name="repeatIteration" value="0" />
              </properties>
            </test-case>
            <test-case id="1026" name="SetValue_ExistingKey_UpdatesValue" fullname="ArcBT.Tests.BlackBoardTests.SetValue_ExistingKey_UpdatesValue" methodname="SetValue_ExistingKey_UpdatesValue" classname="ArcBT.Tests.BlackBoardTests" runstate="Runnable" seed="652774981" result="Passed" start-time="2025-07-28 12:09:38Z" end-time="2025-07-28 12:09:38Z" duration="0.000166" asserts="0">
              <properties>
                <property name="Description" value="既存のキーに新しい値を設定すると値が更新されることを確認" />
                <property name="retryIteration" value="0" />
                <property name="repeatIteration" value="0" />
              </properties>
            </test-case>
            <test-case id="1054" name="SetValue_ImportantKey_LogsChange" fullname="ArcBT.Tests.BlackBoardTests.SetValue_ImportantKey_LogsChange" methodname="SetValue_ImportantKey_LogsChange" classname="ArcBT.Tests.BlackBoardTests" runstate="Runnable" seed="1551000372" result="Passed" start-time="2025-07-28 12:09:38Z" end-time="2025-07-28 12:09:38Z" duration="0.000251" asserts="0">
              <properties>
                <property name="Description" value="重要なキーの値を設定すると変更がログ出力されることを確認" />
                <property name="retryIteration" value="0" />
                <property name="repeatIteration" value="0" />
              </properties>
              <output><![CDATA[[INF][BBD]: 🗂️ BlackBoard[新規]: enemy_position = (1.00, 0.00, 1.00)
]]></output>
            </test-case>
            <test-case id="1025" name="SetValue_NewKey_StoresValue" fullname="ArcBT.Tests.BlackBoardTests.SetValue_NewKey_StoresValue" methodname="SetValue_NewKey_StoresValue" classname="ArcBT.Tests.BlackBoardTests" runstate="Runnable" seed="1954293433" result="Passed" start-time="2025-07-28 12:09:38Z" end-time="2025-07-28 12:09:38Z" duration="0.000150" asserts="0">
              <properties>
                <property name="Description" value="新しいキーで値を設定すると正しく保存され取得できることを確認" />
                <property name="retryIteration" value="0" />
                <property name="repeatIteration" value="0" />
              </properties>
            </test-case>
            <test-case id="1040" name="SetValue_NullToNull_NoChange" fullname="ArcBT.Tests.BlackBoardTests.SetValue_NullToNull_NoChange" methodname="SetValue_NullToNull_NoChange" classname="ArcBT.Tests.BlackBoardTests" runstate="Runnable" seed="1954080038" result="Passed" start-time="2025-07-28 12:09:38Z" end-time="2025-07-28 12:09:38Z" duration="0.000168" asserts="0">
              <properties>
                <property name="Description" value="nullからnullへの変更は変更追跡されないことを確認" />
                <property name="retryIteration" value="0" />
                <property name="repeatIteration" value="0" />
              </properties>
            </test-case>
            <test-case id="1038" name="SetValue_NullToValue_TriggersChange" fullname="ArcBT.Tests.BlackBoardTests.SetValue_NullToValue_TriggersChange" methodname="SetValue_NullToValue_TriggersChange" classname="ArcBT.Tests.BlackBoardTests" runstate="Runnable" seed="192408614" result="Passed" start-time="2025-07-28 12:09:38Z" end-time="2025-07-28 12:09:38Z" duration="0.000166" asserts="0">
              <properties>
                <property name="Description" value="nullから値への変更が正しく変更追跡されることを確認" />
                <property name="retryIteration" value="0" />
                <property name="repeatIteration" value="0" />
              </properties>
            </test-case>
            <test-case id="1037" name="SetValue_NullValue_StoresAndRetrievesCorrectly" fullname="ArcBT.Tests.BlackBoardTests.SetValue_NullValue_StoresAndRetrievesCorrectly" methodname="SetValue_NullValue_StoresAndRetrievesCorrectly" classname="ArcBT.Tests.BlackBoardTests" runstate="Runnable" seed="783496665" result="Passed" start-time="2025-07-28 12:09:38Z" end-time="2025-07-28 12:09:38Z" duration="0.000756" asserts="0">
              <properties>
                <property name="Description" value="null値を設定すると正しく保存され取得できることを確認" />
                <property name="retryIteration" value="0" />
                <property name="repeatIteration" value="0" />
              </properties>
              <output><![CDATA[[WRN][BBD]: 🗂️ BlackBoard: Type mismatch for key 'null_key'. Expected String, got null
]]></output>
            </test-case>
            <test-case id="1055" name="SetValue_UnimportantKey_DoesNotLog" fullname="ArcBT.Tests.BlackBoardTests.SetValue_UnimportantKey_DoesNotLog" methodname="SetValue_UnimportantKey_DoesNotLog" classname="ArcBT.Tests.BlackBoardTests" runstate="Runnable" seed="554938043" result="Passed" start-time="2025-07-28 12:09:38Z" end-time="2025-07-28 12:09:38Z" duration="0.000169" asserts="0">
              <properties>
                <property name="Description" value="重要でないキーの値を設定してもログが出力されないことを確認" />
                <property name="retryIteration" value="0" />
                <property name="repeatIteration" value="0" />
              </properties>
            </test-case>
            <test-case id="1039" name="SetValue_ValueToNull_TriggersChange" fullname="ArcBT.Tests.BlackBoardTests.SetValue_ValueToNull_TriggersChange" methodname="SetValue_ValueToNull_TriggersChange" classname="ArcBT.Tests.BlackBoardTests" runstate="Runnable" seed="593881667" result="Passed" start-time="2025-07-28 12:09:38Z" end-time="2025-07-28 12:09:38Z" duration="0.000672" asserts="0">
              <properties>
                <property name="Description" value="値からnullへの変更が正しく変更追跡されることを確認" />
                <property name="retryIteration" value="0" />
                <property name="repeatIteration" value="0" />
              </properties>
              <output><![CDATA[[WRN][BBD]: 🗂️ BlackBoard: Type mismatch for key 'test_key'. Expected String, got null
]]></output>
            </test-case>
          </test-suite>
          <test-suite type="TestFixture" id="1059" name="BTFileValidationTests" fullname="ArcBT.Tests.BTFileValidationTests" classname="ArcBT.Tests.BTFileValidationTests" runstate="Runnable" testcasecount="6" result="Passed" start-time="2025-07-28 12:09:38Z" end-time="2025-07-28 12:09:38Z" duration="0.043531" total="6" passed="6" failed="0" inconclusive="0" skipped="0" asserts="0">
            <properties />
            <test-case id="1063" name="ValidateAllScriptReferences" fullname="ArcBT.Tests.BTFileValidationTests.ValidateAllScriptReferences" methodname="ValidateAllScriptReferences" classname="ArcBT.Tests.BTFileValidationTests" runstate="Runnable" seed="1641264480" result="Passed" start-time="2025-07-28 12:09:38Z" end-time="2025-07-28 12:09:38Z" duration="0.016477" asserts="0">
              <properties>
                <property name="Description" value="全BTファイルで使用されているスクリプト名の検証" />
                <property name="retryIteration" value="0" />
                <property name="repeatIteration" value="0" />
              </properties>
              <output><![CDATA[[INF][SYS]: 🔍 Analyzing script references in: advanced_ai_sample.bt
[INF][SYS]: 🔍 Analyzing script references in: advanced_guard_new_format.bt
[INF][SYS]: 🔍 Analyzing script references in: blackboard_sample.bt
[INF][SYS]: 🔍 Analyzing script references in: complex_example.bt
[INF][SYS]: 🔍 Analyzing script references in: decorator_sample.bt
[INF][SYS]: 🔍 Analyzing script references in: dynamic_condition_sample.bt
[INF][SYS]: 🔍 Analyzing script references in: example_ai.bt
[INF][SYS]: 🔍 Analyzing script references in: improved_format_example.bt
[INF][SYS]: 🔍 Analyzing script references in: resource_management_sample.bt
[INF][SYS]: 🔍 Analyzing script references in: simple_example.bt
[INF][SYS]: 🔍 Analyzing script references in: team_coordination_sample.bt
[INF][SYS]: 🔍 Analyzing script references in: turn_based_sample.bt
[INF][SYS]: 📊 Script Reference Analysis:
[INF][SYS]: 📝 Used scripts: CompareBlackBoard, HasTarget, Log, SetBlackBoard, MoveToPosition, Random, ScanEnvironment, Wait, RandomWander, IsInitialized, HealthCheck, HasItem, UseItem, FleeToSafety, EnemyCheck, Attack, AttackEnemy, HasSharedEnemyInfo, MoveToEnemy, AttackTarget, EnemyInRange, HasMana, EnemyHealthCheck, CastSpell, NormalAttack, ScanForInterest, MoveToTarget, Interact, EnvironmentScan, SimpleHasTarget, EnemyDetection, SimpleAttack, SimpleHealthCheck, MoveToNamedPosition, WaitSimple, InitializeResources, CheckManaResource, RestoreSmallMana, SearchForEnemy
[INF][SYS]: ✅ All script references are valid
]]></output>
            </test-case>
            <test-case id="1060" name="ValidateBlackBoardSample" fullname="ArcBT.Tests.BTFileValidationTests.ValidateBlackBoardSample" methodname="ValidateBlackBoardSample" classname="ArcBT.Tests.BTFileValidationTests" runstate="Runnable" seed="785211195" result="Passed" start-time="2025-07-28 12:09:38Z" end-time="2025-07-28 12:09:38Z" duration="0.001017" asserts="0">
              <properties>
                <property name="Description" value="blackboard_sample.btの詳細検証" />
                <property name="retryIteration" value="0" />
                <property name="repeatIteration" value="0" />
              </properties>
              <output><![CDATA[[INF][SYS]: ✅ blackboard_sample.bt validation passed
]]></output>
            </test-case>
            <test-case id="1064" name="ValidateBTFileSyntax" fullname="ArcBT.Tests.BTFileValidationTests.ValidateBTFileSyntax" methodname="ValidateBTFileSyntax" classname="ArcBT.Tests.BTFileValidationTests" runstate="Runnable" seed="1893768874" result="Passed" start-time="2025-07-28 12:09:38Z" end-time="2025-07-28 12:09:38Z" duration="0.010079" asserts="0">
              <properties>
                <property name="Description" value="全BTファイルの基本構文（tree宣言、括弧バランス）をチェックしパースエラーがないことを確認" />
                <property name="retryIteration" value="0" />
                <property name="repeatIteration" value="0" />
              </properties>
              <output><![CDATA[[INF][SYS]: ✅ All BT files have valid syntax
]]></output>
            </test-case>
            <test-case id="1062" name="ValidateDynamicConditionSample" fullname="ArcBT.Tests.BTFileValidationTests.ValidateDynamicConditionSample" methodname="ValidateDynamicConditionSample" classname="ArcBT.Tests.BTFileValidationTests" runstate="Runnable" seed="151874578" result="Passed" start-time="2025-07-28 12:09:38Z" end-time="2025-07-28 12:09:38Z" duration="0.001325" asserts="0">
              <properties>
                <property name="Description" value="dynamic_condition_sample.btの詳細検証" />
                <property name="retryIteration" value="0" />
                <property name="repeatIteration" value="0" />
              </properties>
              <output><![CDATA[[INF][SYS]: Actual children count: 3
[INF][SYS]: Child 0: healthy_combat
[INF][SYS]: Child 1: safe_healing
[INF][SYS]: Child 2: Action:MoveToPosition
[INF][SYS]: ✅ dynamic_condition_sample.bt validation passed
]]></output>
            </test-case>
            <test-case id="1065" name="ValidateRequiredFilesExist" fullname="ArcBT.Tests.BTFileValidationTests.ValidateRequiredFilesExist" methodname="ValidateRequiredFilesExist" classname="ArcBT.Tests.BTFileValidationTests" runstate="Runnable" seed="1204008137" result="Passed" start-time="2025-07-28 12:09:38Z" end-time="2025-07-28 12:09:38Z" duration="0.000437" asserts="0">
              <properties>
                <property name="Description" value="必須のBTサンプルファイル（blackboard_sample.bt等）が正しく存在することを確認" />
                <property name="retryIteration" value="0" />
                <property name="repeatIteration" value="0" />
              </properties>
              <output><![CDATA[[INF][SYS]: ✅ All required BT files exist
]]></output>
            </test-case>
            <test-case id="1061" name="ValidateTeamCoordinationSample" fullname="ArcBT.Tests.BTFileValidationTests.ValidateTeamCoordinationSample" methodname="ValidateTeamCoordinationSample" classname="ArcBT.Tests.BTFileValidationTests" runstate="Runnable" seed="2121446601" result="Passed" start-time="2025-07-28 12:09:38Z" end-time="2025-07-28 12:09:38Z" duration="0.000807" asserts="0">
              <properties>
                <property name="Description" value="team_coordination_sample.btの詳細検証" />
                <property name="retryIteration" value="0" />
                <property name="repeatIteration" value="0" />
              </properties>
              <output><![CDATA[[INF][SYS]: ✅ team_coordination_sample.bt validation passed
]]></output>
            </test-case>
          </test-suite>
          <test-suite type="TestFixture" id="1066" name="BTLoggerPerformanceTests" fullname="ArcBT.Tests.BTLoggerPerformanceTests" classname="ArcBT.Tests.BTLoggerPerformanceTests" runstate="Runnable" testcasecount="7" result="Passed" start-time="2025-07-28 12:09:38Z" end-time="2025-07-28 12:09:40Z" duration="1.536658" total="7" passed="7" failed="0" inconclusive="0" skipped="0" asserts="0">
            <properties />
            <test-case id="1070" name="TestConcurrentAccess" fullname="ArcBT.Tests.BTLoggerPerformanceTests.TestConcurrentAccess" methodname="TestConcurrentAccess" classname="ArcBT.Tests.BTLoggerPerformanceTests" runstate="Runnable" seed="164889714" result="Passed" start-time="2025-07-28 12:09:38Z" end-time="2025-07-28 12:09:39Z" duration="0.601776" asserts="0">
              <properties>
                <property name="_JOINTYPE" value="UnityCombinatorial" />
                <property name="Description" value="複数処理からの同時ログ出力をシミュレートし、並行アクセス耐性をベンチマークテスト（3秒以内で完了）" />
                <property name="retryIteration" value="0" />
                <property name="repeatIteration" value="0" />
              </properties>
              <output><![CDATA[[INF][SYS]: Task 0 - Message 0
[INF][SYS]: Task 0 - Message 1
[INF][SYS]: Task 0 - Message 2
[INF][SYS]: Task 0 - Message 3
[INF][SYS]: Task 0 - Message 4
[INF][SYS]: Task 0 - Message 5
[INF][SYS]: Task 0 - Message 6
[INF][SYS]: Task 0 - Message 7
[INF][SYS]: Task 0 - Message 8
[INF][SYS]: Task 0 - Message 9
[INF][SYS]: Task 0 - Message 10
[INF][SYS]: Task 0 - Message 11
[INF][SYS]: Task 0 - Message 12
[INF][SYS]: Task 0 - Message 13
[INF][SYS]: Task 0 - Message 14
[INF][SYS]: Task 0 - Message 15
[INF][SYS]: Task 0 - Message 16
[INF][SYS]: Task 0 - Message 17
[INF][SYS]: Task 0 - Message 18
[INF][SYS]: Task 0 - Message 19
[INF][SYS]: Task 0 - Message 20
[INF][SYS]: Task 0 - Message 21
[INF][SYS]: Task 0 - Message 22
[INF][SYS]: Task 0 - Message 23
[INF][SYS]: Task 0 - Message 24
[INF][SYS]: Task 0 - Message 25
[INF][SYS]: Task 0 - Message 26
[INF][SYS]: Task 0 - Message 27
[INF][SYS]: Task 0 - Message 28
[INF][SYS]: Task 0 - Message 29
[INF][SYS]: Task 0 - Message 30
[INF][SYS]: Task 0 - Message 31
[INF][SYS]: Task 0 - Message 32
[INF][SYS]: Task 0 - Message 33
[INF][SYS]: Task 0 - Message 34
[INF][SYS]: Task 0 - Message 35
[INF][SYS]: Task 0 - Message 36
[INF][SYS]: Task 0 - Message 37
[INF][SYS]: Task 0 - Message 38
[INF][SYS]: Task 0 - Message 39
[INF][SYS]: Task 0 - Message 40
[INF][SYS]: Task 0 - Message 41
[INF][SYS]: Task 0 - Message 42
[INF][SYS]: Task 0 - Message 43
[INF][SYS]: Task 0 - Message 44
[INF][SYS]: Task 0 - Message 45
[INF][SYS]: Task 0 - Message 46
[INF][SYS]: Task 0 - Message 47
[INF][SYS]: Task 0 - Message 48
[INF][SYS]: Task 0 - Message 49
[INF][SYS]: Task 0 - Message 50
[INF][SYS]: Task 0 - Message 51
[INF][SYS]: Task 0 - Message 52
[INF][SYS]: Task 0 - Message 53
[INF][SYS]: Task 0 - Message 54
[INF][SYS]: Task 0 - Message 55
[INF][SYS]: Task 0 - Message 56
[INF][SYS]: Task 0 - Message 57
[INF][SYS]: Task 0 - Message 58
[INF][SYS]: Task 0 - Message 59
[INF][SYS]: Task 0 - Message 60
[INF][SYS]: Task 0 - Message 61
[INF][SYS]: Task 0 - Message 62
[INF][SYS]: Task 0 - Message 63
[INF][SYS]: Task 0 - Message 64
[INF][SYS]: Task 0 - Message 65
[INF][SYS]: Task 0 - Message 66
[INF][SYS]: Task 0 - Message 67
[INF][SYS]: Task 0 - Message 68
[INF][SYS]: Task 0 - Message 69
[INF][SYS]: Task 0 - Message 70
[INF][SYS]: Task 0 - Message 71
[INF][SYS]: Task 0 - Message 72
[INF][SYS]: Task 0 - Message 73
[INF][SYS]: Task 0 - Message 74
[INF][SYS]: Task 0 - Message 75
[INF][SYS]: Task 0 - Message 76
[INF][SYS]: Task 0 - Message 77
[INF][SYS]: Task 0 - Message 78
[INF][SYS]: Task 0 - Message 79
[INF][SYS]: Task 0 - Message 80
[INF][SYS]: Task 0 - Message 81
[INF][SYS]: Task 0 - Message 82
[INF][SYS]: Task 0 - Message 83
[INF][SYS]: Task 0 - Message 84
[INF][SYS]: Task 0 - Message 85
[INF][SYS]: Task 0 - Message 86
[INF][SYS]: Task 0 - Message 87
[INF][SYS]: Task 0 - Message 88
[INF][SYS]: Task 0 - Message 89
[INF][SYS]: Task 0 - Message 90
[INF][SYS]: Task 0 - Message 91
[INF][SYS]: Task 0 - Message 92
[INF][SYS]: Task 0 - Message 93
[INF][SYS]: Task 0 - Message 94
[INF][SYS]: Task 0 - Message 95
[INF][SYS]: Task 0 - Message 96
[INF][SYS]: Task 0 - Message 97
[INF][SYS]: Task 0 - Message 98
[INF][SYS]: Task 0 - Message 99
[INF][SYS]: Task 1 - Message 0
[INF][SYS]: Task 1 - Message 1
[INF][SYS]: Task 1 - Message 2
[INF][SYS]: Task 1 - Message 3
[INF][SYS]: Task 1 - Message 4
[INF][SYS]: Task 1 - Message 5
[INF][SYS]: Task 1 - Message 6
[INF][SYS]: Task 1 - Message 7
[INF][SYS]: Task 1 - Message 8
[INF][SYS]: Task 1 - Message 9
[INF][SYS]: Task 1 - Message 10
[INF][SYS]: Task 1 - Message 11
[INF][SYS]: Task 1 - Message 12
[INF][SYS]: Task 1 - Message 13
[INF][SYS]: Task 1 - Message 14
[INF][SYS]: Task 1 - Message 15
[INF][SYS]: Task 1 - Message 16
[INF][SYS]: Task 1 - Message 17
[INF][SYS]: Task 1 - Message 18
[INF][SYS]: Task 1 - Message 19
[INF][SYS]: Task 1 - Message 20
[INF][SYS]: Task 1 - Message 21
[INF][SYS]: Task 1 - Message 22
[INF][SYS]: Task 1 - Message 23
[INF][SYS]: Task 1 - Message 24
[INF][SYS]: Task 1 - Message 25
[INF][SYS]: Task 1 - Message 26
[INF][SYS]: Task 1 - Message 27
[INF][SYS]: Task 1 - Message 28
[INF][SYS]: Task 1 - Message 29
[INF][SYS]: Task 1 - Message 30
[INF][SYS]: Task 1 - Message 31
[INF][SYS]: Task 1 - Message 32
[INF][SYS]: Task 1 - Message 33
[INF][SYS]: Task 1 - Message 34
[INF][SYS]: Task 1 - Message 35
[INF][SYS]: Task 1 - Message 36
[INF][SYS]: Task 1 - Message 37
[INF][SYS]: Task 1 - Message 38
[INF][SYS]: Task 1 - Message 39
[INF][SYS]: Task 1 - Message 40
[INF][SYS]: Task 1 - Message 41
[INF][SYS]: Task 1 - Message 42
[INF][SYS]: Task 1 - Message 43
[INF][SYS]: Task 1 - Message 44
[INF][SYS]: Task 1 - Message 45
[INF][SYS]: Task 1 - Message 46
[INF][SYS]: Task 1 - Message 47
[INF][SYS]: Task 1 - Message 48
[INF][SYS]: Task 1 - Message 49
[INF][SYS]: Task 1 - Message 50
[INF][SYS]: Task 1 - Message 51
[INF][SYS]: Task 1 - Message 52
[INF][SYS]: Task 1 - Message 53
[INF][SYS]: Task 1 - Message 54
[INF][SYS]: Task 1 - Message 55
[INF][SYS]: Task 1 - Message 56
[INF][SYS]: Task 1 - Message 57
[INF][SYS]: Task 1 - Message 58
[INF][SYS]: Task 1 - Message 59
[INF][SYS]: Task 1 - Message 60
[INF][SYS]: Task 1 - Message 61
[INF][SYS]: Task 1 - Message 62
[INF][SYS]: Task 1 - Message 63
[INF][SYS]: Task 1 - Message 64
[INF][SYS]: Task 1 - Message 65
[INF][SYS]: Task 1 - Message 66
[INF][SYS]: Task 1 - Message 67
[INF][SYS]: Task 1 - Message 68
[INF][SYS]: Task 1 - Message 69
[INF][SYS]: Task 1 - Message 70
[INF][SYS]: Task 1 - Message 71
[INF][SYS]: Task 1 - Message 72
[INF][SYS]: Task 1 - Message 73
[INF][SYS]: Task 1 - Message 74
[INF][SYS]: Task 1 - Message 75
[INF][SYS]: Task 1 - Message 76
[INF][SYS]: Task 1 - Message 77
[INF][SYS]: Task 1 - Message 78
[INF][SYS]: Task 1 - Message 79
[INF][SYS]: Task 1 - Message 80
[INF][SYS]: Task 1 - Message 81
[INF][SYS]: Task 1 - Message 82
[INF][SYS]: Task 1 - Message 83
[INF][SYS]: Task 1 - Message 84
[INF][SYS]: Task 1 - Message 85
[INF][SYS]: Task 1 - Message 86
[INF][SYS]: Task 1 - Message 87
[INF][SYS]: Task 1 - Message 88
[INF][SYS]: Task 1 - Message 89
[INF][SYS]: Task 1 - Message 90
[INF][SYS]: Task 1 - Message 91
[INF][SYS]: Task 1 - Message 92
[INF][SYS]: Task 1 - Message 93
[INF][SYS]: Task 1 - Message 94
[INF][SYS]: Task 1 - Message 95
[INF][SYS]: Task 1 - Message 96
[INF][SYS]: Task 1 - Message 97
[INF][SYS]: Task 1 - Message 98
[INF][SYS]: Task 1 - Message 99
[INF][SYS]: Task 2 - Message 0
[INF][SYS]: Task 2 - Message 1
[INF][SYS]: Task 2 - Message 2
[INF][SYS]: Task 2 - Message 3
[INF][SYS]: Task 2 - Message 4
[INF][SYS]: Task 2 - Message 5
[INF][SYS]: Task 2 - Message 6
[INF][SYS]: Task 2 - Message 7
[INF][SYS]: Task 2 - Message 8
[INF][SYS]: Task 2 - Message 9
[INF][SYS]: Task 2 - Message 10
[INF][SYS]: Task 2 - Message 11
[INF][SYS]: Task 2 - Message 12
[INF][SYS]: Task 2 - Message 13
[INF][SYS]: Task 2 - Message 14
[INF][SYS]: Task 2 - Message 15
[INF][SYS]: Task 2 - Message 16
[INF][SYS]: Task 2 - Message 17
[INF][SYS]: Task 2 - Message 18
[INF][SYS]: Task 2 - Message 19
[INF][SYS]: Task 2 - Message 20
[INF][SYS]: Task 2 - Message 21
[INF][SYS]: Task 2 - Message 22
[INF][SYS]: Task 2 - Message 23
[INF][SYS]: Task 2 - Message 24
[INF][SYS]: Task 2 - Message 25
[INF][SYS]: Task 2 - Message 26
[INF][SYS]: Task 2 - Message 27
[INF][SYS]: Task 2 - Message 28
[INF][SYS]: Task 2 - Message 29
[INF][SYS]: Task 2 - Message 30
[INF][SYS]: Task 2 - Message 31
[INF][SYS]: Task 2 - Message 32
[INF][SYS]: Task 2 - Message 33
[INF][SYS]: Task 2 - Message 34
[INF][SYS]: Task 2 - Message 35
[INF][SYS]: Task 2 - Message 36
[INF][SYS]: Task 2 - Message 37
[INF][SYS]: Task 2 - Message 38
[INF][SYS]: Task 2 - Message 39
[INF][SYS]: Task 2 - Message 40
[INF][SYS]: Task 2 - Message 41
[INF][SYS]: Task 2 - Message 42
[INF][SYS]: Task 2 - Message 43
[INF][SYS]: Task 2 - Message 44
[INF][SYS]: Task 2 - Message 45
[INF][SYS]: Task 2 - Message 46
[INF][SYS]: Task 2 - Message 47
[INF][SYS]: Task 2 - Message 48
[INF][SYS]: Task 2 - Message 49
[INF][SYS]: Task 2 - Message 50
[INF][SYS]: Task 2 - Message 51
[INF][SYS]: Task 2 - Message 52
[INF][SYS]: Task 2 - Message 53
[INF][SYS]: Task 2 - Message 54
[INF][SYS]: Task 2 - Message 55
[INF][SYS]: Task 2 - Message 56
[INF][SYS]: Task 2 - Message 57
[INF][SYS]: Task 2 - Message 58
[INF][SYS]: Task 2 - Message 59
[INF][SYS]: Task 2 - Message 60
[INF][SYS]: Task 2 - Message 61
[INF][SYS]: Task 2 - Message 62
[INF][SYS]: Task 2 - Message 63
[INF][SYS]: Task 2 - Message 64
[INF][SYS]: Task 2 - Message 65
[INF][SYS]: Task 2 - Message 66
[INF][SYS]: Task 2 - Message 67
[INF][SYS]: Task 2 - Message 68
[INF][SYS]: Task 2 - Message 69
[INF][SYS]: Task 2 - Message 70
[INF][SYS]: Task 2 - Message 71
[INF][SYS]: Task 2 - Message 72
[INF][SYS]: Task 2 - Message 73
[INF][SYS]: Task 2 - Message 74
[INF][SYS]: Task 2 - Message 75
[INF][SYS]: Task 2 - Message 76
[INF][SYS]: Task 2 - Message 77
[INF][SYS]: Task 2 - Message 78
[INF][SYS]: Task 2 - Message 79
[INF][SYS]: Task 2 - Message 80
[INF][SYS]: Task 2 - Message 81
[INF][SYS]: Task 2 - Message 82
[INF][SYS]: Task 2 - Message 83
[INF][SYS]: Task 2 - Message 84
[INF][SYS]: Task 2 - Message 85
[INF][SYS]: Task 2 - Message 86
[INF][SYS]: Task 2 - Message 87
[INF][SYS]: Task 2 - Message 88
[INF][SYS]: Task 2 - Message 89
[INF][SYS]: Task 2 - Message 90
[INF][SYS]: Task 2 - Message 91
[INF][SYS]: Task 2 - Message 92
[INF][SYS]: Task 2 - Message 93
[INF][SYS]: Task 2 - Message 94
[INF][SYS]: Task 2 - Message 95
[INF][SYS]: Task 2 - Message 96
[INF][SYS]: Task 2 - Message 97
[INF][SYS]: Task 2 - Message 98
[INF][SYS]: Task 2 - Message 99
[INF][SYS]: Task 3 - Message 0
[INF][SYS]: Task 3 - Message 1
[INF][SYS]: Task 3 - Message 2
[INF][SYS]: Task 3 - Message 3
[INF][SYS]: Task 3 - Message 4
[INF][SYS]: Task 3 - Message 5
[INF][SYS]: Task 3 - Message 6
[INF][SYS]: Task 3 - Message 7
[INF][SYS]: Task 3 - Message 8
[INF][SYS]: Task 3 - Message 9
[INF][SYS]: Task 3 - Message 10
[INF][SYS]: Task 3 - Message 11
[INF][SYS]: Task 3 - Message 12
[INF][SYS]: Task 3 - Message 13
[INF][SYS]: Task 3 - Message 14
[INF][SYS]: Task 3 - Message 15
[INF][SYS]: Task 3 - Message 16
[INF][SYS]: Task 3 - Message 17
[INF][SYS]: Task 3 - Message 18
[INF][SYS]: Task 3 - Message 19
[INF][SYS]: Task 3 - Message 20
[INF][SYS]: Task 3 - Message 21
[INF][SYS]: Task 3 - Message 22
[INF][SYS]: Task 3 - Message 23
[INF][SYS]: Task 3 - Message 24
[INF][SYS]: Task 3 - Message 25
[INF][SYS]: Task 3 - Message 26
[INF][SYS]: Task 3 - Message 27
[INF][SYS]: Task 3 - Message 28
[INF][SYS]: Task 3 - Message 29
[INF][SYS]: Task 3 - Message 30
[...]
                <property name="repeatIteration" value="0" />
              </properties>
              <output><![CDATA[Concurrent access pattern (160 operations): 3ms
]]></output>
            </test-case>
            <test-case id="1276" name="Cache_GetTagComponent_Performance" fullname="ArcBT.Tests.TagCachePerformanceTests.Cache_GetTagComponent_Performance" methodname="Cache_GetTagComponent_Performance" classname="ArcBT.Tests.TagCachePerformanceTests" runstate="Runnable" seed="982476813" result="Passed" start-time="2025-07-28 12:09:40Z" end-time="2025-07-28 12:09:41Z" duration="0.037298" asserts="0">
              <properties>
                <property name="Description" value="GetTagComponent呼び出しの性能をベンチマークテスト（1000オブジェクトで1000回呼び出しが100ms以内）" />
                <property name="retryIteration" value="0" />
                <property name="repeatIteration" value="0" />
              </properties>
              <output><![CDATA[GetTagComponent performance (1000 calls): 5ms
]]></output>
            </test-case>
            <test-case id="1273" name="Cache_HierarchicalSearch_Performance" fullname="ArcBT.Tests.TagCachePerformanceTests.Cache_HierarchicalSearch_Performance" methodname="Cache_HierarchicalSearch_Performance" classname="ArcBT.Tests.TagCachePerformanceTests" runstate="Runnable" seed="865046977" result="Passed" start-time="2025-07-28 12:09:41Z" end-time="2025-07-28 12:09:41Z" duration="0.032542" asserts="0">
              <properties>
                <property name="Description" value="階層タグ検索の性能をベンチマークテスト（1000オブジェクトで10回階層検索が300ms以内）" />
                <property name="retryIteration" value="0" />
                <property name="repeatIteration" value="0" />
              </properties>
              <output><![CDATA[Hierarchical search performance (1000 objects, 10 searches): 0ms
]]></output>
            </test-case>
            <test-case id="1280" name="Cache_InvalidationPerformance_OnTagChange" fullname="ArcBT.Tests.TagCachePerformanceTests.Cache_InvalidationPerformance_OnTagChange" methodname="Cache_InvalidationPerformance_OnTagChange" classname="ArcBT.Tests.TagCachePerformanceTests" runstate="Runnable" seed="1158945307" result="Passed" start-time="2025-07-28 12:09:41Z" end-time="2025-07-28 12:09:41Z" duration="0.016285" asserts="0">
              <properties>
                <property name="Description" value="タグ変更時のキャッシュ無効化性能をベンチマークテスト（500オブジェクトで100操作が250ms以内）" />
                <property name="retryIteration" value="0" />
                <property name="repeatIteration" value="0" />
              </properties>
              <output><![CDATA[Cache invalidation performance (100 operations): 0ms
]]></output>
            </test-case>
            <test-case id="1272" name="Cache_LargeScale_SearchPerformance" fullname="ArcBT.Tests.TagCachePerformanceTests.Cache_LargeScale_SearchPerformance" methodname="Cache_LargeScale_SearchPerformance" classname="ArcBT.Tests.TagCachePerformanceTests" runstate="Runnable" seed="402645045" result="Passed" start-time="2025-07-28 12:09:41Z" end-time="2025-07-28 12:09:41Z" duration="0.033069" asserts="0">
              <properties>
                <property name="Description" value="大規模タグキャッシュ検索の性能をベンチマークテスト（1000オブジェクトで初回・キャッシュ検索の性能比較）" />
                <property name="retryIteration" value="0" />
                <property name="repeatIteration" value="0" />
              </properties>
              <output><![CDATA[Large scale first search (1000 objects): 0ms
Large scale cached search (1000 objects): 0ms
]]></output>
            </test-case>
            <test-case id="1271" name="Cache_MediumScale_SearchPerformance" fullname="ArcBT.Tests.TagCachePerformanceTests.Cache_MediumScale_SearchPerformance" methodname="Cache_MediumScale_SearchPerformance" classname="ArcBT.Tests.TagCachePerformanceTests" runstate="Runnable" seed="1020652587" result="Passed" start-time="2025-07-28 12:09:41Z" end-time="2025-07-28 12:09:41Z" duration="0.017550" asserts="0">
              <properties>
                <property name="Description" value="中規模タグキャッシュ検索の性能をベンチマークテスト（500オブジェクトで50回検索が200ms以内）" />
                <property name="retryIteration" value="0" />
                <property name="repeatIteration" value="0" />
              </properties>
              <output><![CDATA[Medium scale search (500 objects, 50 searches): 0ms
]]></output>
            </test-case>
            <test-case id="1279" name="Cache_MemoryUsage_Validation" fullname="ArcBT.Tests.TagCachePerformanceTests.Cache_MemoryUsage_Validation" methodname="Cache_MemoryUsage_Validation" classname="ArcBT.Tests.TagCachePerformanceTests" runstate="Runnable" seed="142603319" result="Passed" start-time="2025-07-28 12:09:41Z" end-time="2025-07-28 12:09:41Z" duration="0.039539" asserts="0">
              <properties>
                <property name="Description" value="キャッシュメモリ使用量の正当性をベンチマークテスト（1000オブジェクトでキャッシュ操作が1MB以内）" />
                <property name="retryIteration" value="0" />
                <property name="repeatIteration" value="0" />
              </properties>
              <output><![CDATA[Memory increase during cache operations: 614400 bytes
]]></output>
            </test-case>
            <test-case id="1277" name="Cache_MultipleTagSearch_Performance" fullname="ArcBT.Tests.TagCachePerformanceTests.Cache_MultipleTagSearch_Performance" methodname="Cache_MultipleTagSearch_Performance" classname="ArcBT.Tests.TagCachePerformanceTests" runstate="Runnable" seed="719407724" result="Passed" start-time="2025-07-28 12:09:41Z" end-time="2025-07-28 12:09:41Z" duration="0.345922" asserts="0">
              <properties>
                <property name="Description" value="複数タグ検索の性能をベンチマークテスト（500オブジェクトで200回検索が400ms以内、メモリ1000KB以内）" />
                <property name="retryIteration" value="0" />
                <property name="repeatIteration" value="0" />
              </properties>
              <output><![CDATA[Multiple tag search performance: 200 searches on 500 objects = 16ms
Average per search: 0.08ms
Total memory allocated: 12288 bytes (12.0 KB)
Memory per search: 61.4 bytes
]]></output>
            </test-case>
            <test-case id="1270" name="Cache_SmallScale_SearchPerformance" fullname="ArcBT.Tests.TagCachePerformanceTests.Cache_SmallScale_SearchPerformance" methodname="Cache_SmallScale_SearchPerformance" classname="ArcBT.Tests.TagCachePerformanceTests" runstate="Runnable" seed="728616397" result="Passed" start-time="2025-07-28 12:09:41Z" end-time="2025-07-28 12:09:41Z" duration="0.003828" asserts="0">
              <properties>
                <property name="Description" value="小規模タグキャッシュ検索の性能をベンチマークテスト（100オブジェクトで100回検索が100ms以内）" />
                <property name="retryIteration" value="0" />
                <property name="repeatIteration" value="0" />
              </properties>
              <output><![CDATA[Small scale search (100 objects, 100 searches): 0ms
]]></output>
            </test-case>
            <test-case id="1274" name="Cache_TagModification_Performance" fullname="ArcBT.Tests.TagCachePerformanceTests.Cache_TagModification_Performance" methodname="Cache_TagModification_Performance" classname="ArcBT.Tests.TagCachePerformanceTests" runstate="Runnable" seed="718900529" result="Passed" start-time="2025-07-28 12:09:41Z" end-time="2025-07-28 12:09:41Z" duration="0.016867" asserts="0">
              <properties>
                <property name="Description" value="タグ変更処理の性能をベンチマークテスト（500オブジェクトに50回タグ追加が200ms以内）" />
                <property name="retryIteration" value="0" />
                <property name="repeatIteration" value="0" />
              </properties>
              <output><![CDATA[Tag modification performance (50 modifications): 0ms
]]></output>
            </test-case>
          </test-suite>
          <test-suite type="TestFixture" id="1281" name="TagSystemBenchmarkTests" fullname="ArcBT.Tests.TagSystemBenchmarkTests" classname="ArcBT.Tests.TagSystemBenchmarkTests" runstate="Runnable" testcasecount="1" result="Passed" start-time="2025-07-28 12:09:41Z" end-time="2025-07-28 12:09:42Z" duration="1.003624" total="1" passed="1" failed="0" inconclusive="0" skipped="0" asserts="0">
            <properties />
            <test-case id="1282" name="Benchmark_AllTagSearchTypes_Combined" fullname="ArcBT.Tests.TagSystemBenchmarkTests.Benchmark_AllTagSearchTypes_Combined" methodname="Benchmark_AllTagSearchTypes_Combined" classname="ArcBT.Tests.TagSystemBenchmarkTests" runstate="Runnable" seed="184291963" result="Passed" start-time="2025-07-28 12:09:41Z" end-time="2025-07-28 12:09:42Z" duration="0.990246" asserts="0">
              <properties>
                <property name="Description" value="タグシステムの全検索種類を統合したベンチマークテスト（単一・複数・階層検索の性能測定）" />
                <property name="retryIteration" value="0" />
                <property name="repeatIteration" value="0" />
              </properties>
              <output><![CDATA[=== 統合ベンチマーク開始 ===
=== 複数タグ検索 ===
総時間: 16ms
総アロケーション: 0 bytes (0.0 KB)
検索回数: 200回
1検索あたり時間: 0.08ms
1検索あたりアロケーション: 0.0 bytes

=== 単一タグ検索 ===
総時間: 1ms
総アロケーション: 0 bytes (0.0 KB)
検索回数: 100回
1検索あたり時間: 0.01ms
1検索あたりアロケーション: 0.0 bytes

=== 階層検索 ===
総時間: 3ms
総アロケーション: 110592 bytes (108.0 KB)
検索回数: 100回
1検索あたり時間: 0.03ms
1検索あたりアロケーション: 1105.9 bytes

=== 全体サマリー ===
複数タグ: 0.08ms/検索, 0.0bytes/検索
単一タグ: 0.01ms/検索, 0.0bytes/検索
階層検索: 0.03ms/検索, 1105.9bytes/検索
[BASELINE] Multiple: 16ms, 0bytes
[BASELINE] Single: 1ms, 0bytes
[BASELINE] Hierarchical: 3ms, 110592bytes
]]></output>
            </test-case>
          </test-suite>
          <test-suite type="TestFixture" id="1283" name="UnityTagCompatibilityTests" fullname="ArcBT.Tests.UnityTagCompatibilityTests" classname="ArcBT.Tests.UnityTagCompatibilityTests" runstate="Runnable" testcasecount="13" result="Passed" start-time="2025-07-28 12:09:42Z" end-time="2025-07-28 12:09:42Z" duration="0.028194" total="13" passed="13" failed="0" inconclusive="0" skipped="0" asserts="0">
            <properties />
            <test-case id="1285" name="CompareGameplayTag_Component_WorksCorrectly" fullname="ArcBT.Tests.UnityTagCompatibilityTests.CompareGameplayTag_Component_WorksCorrectly" methodname="CompareGameplayTag_Component_WorksCorrectly" classname="ArcBT.Tests.UnityTagCompatibilityTests" runstate="Runnable" seed="848722357" result="Passed" start-time="2025-07-28 12:09:42Z" end-time="2025-07-28 12:09:42Z" duration="0.000630" asserts="0">
              <properties>
                <property name="Description" value="ComponentでのGameplayTag比較機能が正常に動作することを確認（階層マッチング含む）" />
                <property name="retryIteration" value="0" />
                <property name="repeatIteration" value="0" />
              </properties>
            </test-case>
            <test-case id="1284" name="CompareGameplayTag_GameObject_WorksCorrectly" fullname="ArcBT.Tests.UnityTagCompatibilityTests.CompareGameplayTag_GameObject_WorksCorrectly" methodname="CompareGameplayTag_GameObject_WorksCorrectly" classname="ArcBT.Tests.UnityTagCompatibilityTests" runstate="Runnable" seed="1020808887" result="Passed" start-time="2025-07-28 12:09:42Z" end-time="2025-07-28 12:09:42Z" duration="0.000348" asserts="0">
              <properties>
                <property name="Description" value="GameObjectでのGameplayTag比較機能が正常に動作することを確認（階層マッチング含む）" />
                <property name="retryIteration" value="0" />
                <property name="repeatIteration" value="0" />
              </properties>
            </test-case>
            <test-case id="1287" name="CompareGameplayTag_NullInputs_HandleGracefully" fullname="ArcBT.Tests.UnityTagCompatibilityTests.CompareGameplayTag_NullInputs_HandleGracefully" methodname="CompareGameplayTag_NullInputs_HandleGracefully" classname="ArcBT.Tests.UnityTagCompatibilityTests" runstate="Runnable" seed="368779653" result="Passed" start-time="2025-07-28 12:09:42Z" end-time="2025-07-28 12:09:42Z" duration="0.000252" asserts="0">
              <properties>
                <property name="Description" value="null入力や空文字列入力に対して適切にエラーハンドリングされることを確認" />
                <property name="retryIteration" value="0" />
                <property name="repeatIteration" value="0" />
              </properties>
            </test-case>
            <test-case id="1286" name="CompareGameplayTag_WithoutTagComponent_ReturnsFalse" fullname="ArcBT.Tests.UnityTagCompatibilityTests.CompareGameplayTag_WithoutTagComponent_ReturnsFalse" methodname="CompareGameplayTag_WithoutTagComponent_ReturnsFalse" classname="ArcBT.Tests.UnityTagCompatibilityTests" runstate="Runnable" seed="1315594835" result="Passed" start-time="2025-07-28 12:09:42Z" end-time="2025-07-28 12:09:42Z" duration="0.000232" asserts="0">
              <properties>
                <property name="Description" value="TagComponentがアタッチされていないGameObjectでのタグ比較がfalseを返すことを確認" />
                <property name="retryIteration" value="0" />
                <property name="repeatIteration" value="0" />
              </properties>
            </test-case>
            <test-case id="1296" name="ComponentComparison_WorksWithDifferentComponentTypes" fullname="ArcBT.Tests.UnityTagCompatibilityTests.ComponentComparison_WorksWithDifferentComponentTypes" methodname="ComponentComparison_WorksWithDifferentComponentTypes" classname="ArcBT.Tests.UnityTagCompatibilityTests" runstate="Runnable" seed="567666556" result="Passed" start-time="2025-07-28 12:09:42Z" end-time="2025-07-28 12:09:42Z" duration="0.000446" asserts="0">
              <properties>
                <property name="Description" value="異なるタイプのComponent（BoxCollider、Rigidbody等）でのGameplayTag比較が正しく動作することを確認" />
                <property name="retryIteration" value="0" />
                <property name="repeatIteration" value="0" />
              </properties>
            </test-case>
            <test-case id="1291" name="ConvertUnityTagToGameplayTag_AddsCorrectTag" fullname="ArcBT.Tests.UnityTagCompatibilityTests.ConvertUnityTagToGameplayTag_AddsCorrectTag" methodname="ConvertUnityTagToGameplayTag_AddsCorrectTag" classname="ArcBT.Tests.UnityTagCompatibilityTests" runstate="Runnable" seed="1615353282" result="Passed" start-time="2025-07-28 12:09:42Z" end-time="2025-07-28 12:09:42Z" duration="0.000447" asserts="0">
              <properties>
                <property name="Description" value="Unity標準タグからGameplayTagへの変換機能が正しいタグを追加することを確認" />
                <property name="retryIteration" value="0" />
                <property name="repeatIteration" value="0" />
              </properties>
            </test-case>
            <test-case id="1292" name="ConvertUnityTagToGameplayTag_WithExistingComponent_AddsTag" fullname="ArcBT.Tests.UnityTagCompatibilityTests.ConvertUnityTagToGameplayTag_WithExistingComponent_AddsTag" methodname="ConvertUnityTagToGameplayTag_WithExistingComponent_AddsTag" classname="ArcBT.Tests.UnityTagCompatibilityTests" runstate="Runnable" seed="1078741277" result="Passed" start-time="2025-07-28 12:09:42Z" end-time="2025-07-28 12:09:42Z" duration="0.000264" asserts="0">
              <properties>
                <property name="Description" value="既存TagComponentを持つGameObjectでのUnityタグ変換が新しいタグを追加することを確認" />
                <property name="retryIteration" value="0" />
                <property name="repeatIteration" value="0" />
              </properties>
            </test-case>
            <test-case id="1290" name="FindGameObjectsWithGameplayTag_FindsCorrectObjects" fullname="ArcBT.Tests.UnityTagCompatibilityTests.FindGameObjectsWithGameplayTag_FindsCorrectObjects" methodname="FindGameObjectsWithGameplayTag_FindsCorrectObjects" classname="ArcBT.Tests.UnityTagCompatibilityTests" runstate="Runnable" seed="1290718118" result="Passed" start-time="2025-07-28 12:09:42Z" end-time="2025-07-28 12:09:42Z" duration="0.000701" asserts="0">
              <properties>
                <property name="Description" value="GameplayTagを使用した複数GameObject検索が正しいオブジェクト群を返すことを確認" />
                <property name="retryIteration" value="0" />
                <property name="repeatIteration" value="0" />
              </properties>
            </test-case>
            <test-case id="1288" name="FindWithGameplayTag_FindsCorrectObject" fullname="ArcBT.Tests.UnityTagCompatibilityTests.FindWithGameplayTag_FindsCorrectObject" methodname="FindWithGameplayTag_FindsCorrectObject" classname="ArcBT.Tests.UnityTagCompatibilityTests" runstate="Runnable" seed="2122051018" result="Passed" start-time="2025-07-28 12:09:42Z" end-time="2025-07-28 12:09:42Z" duration="0.000371" asserts="0">
              <properties>
                <property name="Description" value="GameplayTagを使用したGameObject検索が正しいオブジェクトを返すことを確認" />
                <property name="retryIteration" value="0" />
                <property name="repeatIteration" value="0" />
              </properties>
            </test-case>
            <test-case id="1289" name="FindWithGameplayTag_ReturnsNullForNonExistent" fullname="ArcBT.Tests.UnityTagCompatibilityTests.FindWithGameplayTag_ReturnsNullForNonExistent" methodname="FindWithGameplayTag_ReturnsNullForNonExistent" classname="ArcBT.Tests.UnityTagCompatibilityTests" runstate="Runnable" seed="821429499" result="Passed" start-time="2025-07-28 12:09:42Z" end-time="2025-07-28 12:09:42Z" duration="0.000201" asserts="0">
              <properties>
                <property name="Description" value="存在しないGameplayTagでの検索がnullを返すことを確認" />
                <property name="retryIteration" value="0" />
                <property name="repeatIteration" value="0" />
              </properties>
            </test-case>
            <test-case id="1294" name="HierarchicalMatching_WorksCorrectly" fullname="ArcBT.Tests.UnityTagCompatibilityTests.HierarchicalMatching_WorksCorrectly" methodname="HierarchicalMatching_WorksCorrectly" classname="ArcBT.Tests.UnityTagCompatibilityTests" runstate="Runnable" seed="839017501" result="Passed" start-time="2025-07-28 12:09:42Z" end-time="2025-07-28 12:09:42Z" duration="0.000253" asserts="0">
              <properties>
                <property name="Description" value="階層的タグマッチング機能が正しく動作することを確認（Character.Enemy.Boss→Characterマッチ等）" />
                <property name="retryIteration" value="0" />
                <property name="repeatIteration" value="0" />
              </properties>
            </test-case>
            <test-case id="1295" name="MultipleTagsOnObject_AllWorkCorrectly" fullname="ArcBT.Tests.UnityTagCompatibilityTests.MultipleTagsOnObject_AllWorkCorrectly" methodname="MultipleTagsOnObject_AllWorkCorrectly" classname="ArcBT.Tests.UnityTagCompatibilityTests" runstate="Runnable" seed="1650489590" result="Passed" start-time="2025-07-28 12:09:42Z" end-time="2025-07-28 12:09:42Z" duration="0.000290" asserts="0">
              <properties>
                <property name="Description" value="一つのGameObjectに複数タグを設定した場合の検索機能が正しく動作することを確認" />
                <property name="retryIteration" value="0" />
                <property name="repeatIteration" value="0" />
              </properties>
            </test-case>
            <test-case id="1293" name="TagConversion_FollowsCorrectMapping" fullname="ArcBT.Tests.UnityTagCompatibilityTests.TagConversion_FollowsCorrectMapping" methodname="TagConversion_FollowsCorrectMapping" classname="ArcBT.Tests.UnityTagCompatibilityTests" runstate="Runnable" seed="1932166498" result="Passed" start-time="2025-07-28 12:09:42Z" end-time="2025-07-28 12:09:42Z" duration="0.000663" asserts="0">
              <properties>
                <property name="Description" value="UnityタグからGameplayTagへのマッピングルールが正しく適用されることを確認（Player→Character.Player等）" />
                <property name="retryIteration" value="0" />
                <property name="repeatIteration" value="0" />
              </properties>
              <output><![CDATA[Saving results to: C:/Users/myunp/AppData/LocalLow/DefaultCompany/AIBTree\TestResults.xml
]]></output>
            </test-case>
          </test-suite>
        </test-suite>
      </test-suite>
    </test-suite>
  </test-suite>
</test-run>